Currently Loaded Modulefiles:
 1) mkl/2021.2(default)   2) intel/19.1.2   3) impi/2019.8  

Key:
(symbolic-version)  
 started at: Thu Nov 20 22:37:33 CET 2025
   hostname: ravc3026

finished at: Thu Nov 20 22:46:05 CET 2025
                                  
================================= 
Global information about the job: 
================================= 
  
Job owner: brek(84641)
Job name:  /raven/u/brek/projects/ters/Mg-porphine/mbd-nl/ters/mode_103-3.5A-dist/calc_083/positive_displacement/field_on
Node list: ravc[3026,3038,3267-3268,3286,3466-3467,3615]
Job start: Thu Nov 20 22:37:28 CET 2025
Job end:   Thu Nov 20 22:46:05 CET 2025
Work dir:  /raven/u/brek/projects/ters/Mg-porphine/mbd-nl/ters/mode_103-3.5A-dist/calc_083/positive_displacement/field_on
Command:   /raven/u/brek/projects/ters/Mg-porphine/mbd-nl/ters/mode_103-3.5A-dist/calc_083/positive_displacement/field_on/run.sbatch
  
  
  
==========================================================================================
Information on jobsteps (Note: MaxRSS/AveRSS is the maximum/average over all 
tasks of the per-task memory high-water marks; cf. "man sacct"): 
==========================================================================================
  
JobID            JobName NNodes NTasks  NCPUS       MaxRSS       AveRSS    Elapsed ExitCode
------------- ---------- ------ ------ ------ ------------ ------------ ---------- --------
22917099      /raven/u/b      8          1152                             00:08:37      0:0
22917099.0    aims.25050      8    576   1152      284.62M      260.56M   00:08:32      0:0
  
Maximum memory per node: 21.488394 GB (defined as MaxRSS*Ntasks/NNodes)
CPU utilization: 97.3 %
  
