Currently Loaded Modulefiles:
 1) mkl/2021.2(default)   2) intel/19.1.2   3) impi/2019.8  

Key:
(symbolic-version)  
 started at: Thu Nov 20 20:14:30 CET 2025
   hostname: ravc3381

finished at: Thu Nov 20 20:21:20 CET 2025
                                  
================================= 
Global information about the job: 
================================= 
  
Job owner: brek(84641)
Job name:  /raven/u/brek/projects/ters/Mg-porphine/mbd-nl/ters/mode_103-3.5A-dist/calc_025/negative_displacement/field_on
Node list: ravc[3381,3507,3509,3512,3524,3530,3532,3542]
Job start: Thu Nov 20 20:14:25 CET 2025
Job end:   Thu Nov 20 20:21:20 CET 2025
Work dir:  /raven/u/brek/projects/ters/Mg-porphine/mbd-nl/ters/mode_103-3.5A-dist/calc_025/negative_displacement/field_on
Command:   /raven/u/brek/projects/ters/Mg-porphine/mbd-nl/ters/mode_103-3.5A-dist/calc_025/negative_displacement/field_on/run.sbatch
  
  
  
==========================================================================================
Information on jobsteps (Note: MaxRSS/AveRSS is the maximum/average over all 
tasks of the per-task memory high-water marks; cf. "man sacct"): 
==========================================================================================
  
JobID            JobName NNodes NTasks  NCPUS       MaxRSS       AveRSS    Elapsed ExitCode
------------- ---------- ------ ------ ------ ------------ ------------ ---------- --------
22916983      /raven/u/b      8          1152                             00:06:55      0:0
22916983.0    aims.25050      8    576   1152      254.80M      231.93M   00:06:50      0:0
  
Maximum memory per node: 19.236815 GB (defined as MaxRSS*Ntasks/NNodes)
CPU utilization: 92.3 %
  
