Currently Loaded Modulefiles:
 1) mkl/2021.2(default)   2) intel/19.1.2   3) impi/2019.8  

Key:
(symbolic-version)  
 started at: Thu Nov 20 20:26:57 CET 2025
   hostname: ravc3371

finished at: Thu Nov 20 20:35:25 CET 2025
                                  
================================= 
Global information about the job: 
================================= 
  
Job owner: brek(84641)
Job name:  /raven/u/brek/projects/ters/Mg-porphine/mbd-nl/ters/mode_103-3.5A-dist/calc_029/negative_displacement/field_on
Node list: ravc[3371-3377,3379]
Job start: Thu Nov 20 20:26:54 CET 2025
Job end:   Thu Nov 20 20:35:25 CET 2025
Work dir:  /raven/u/brek/projects/ters/Mg-porphine/mbd-nl/ters/mode_103-3.5A-dist/calc_029/negative_displacement/field_on
Command:   /raven/u/brek/projects/ters/Mg-porphine/mbd-nl/ters/mode_103-3.5A-dist/calc_029/negative_displacement/field_on/run.sbatch
  
  
  
==========================================================================================
Information on jobsteps (Note: MaxRSS/AveRSS is the maximum/average over all 
tasks of the per-task memory high-water marks; cf. "man sacct"): 
==========================================================================================
  
JobID            JobName NNodes NTasks  NCPUS       MaxRSS       AveRSS    Elapsed ExitCode
------------- ---------- ------ ------ ------ ------------ ------------ ---------- --------
22916991      /raven/u/b      8          1152                             00:08:31      0:0
22916991.0    aims.25050      8    576   1152      256.34M      232.23M   00:08:28      0:0
  
Maximum memory per node: 19.352715 GB (defined as MaxRSS*Ntasks/NNodes)
CPU utilization: 92.6 %
  
