Currently Loaded Modulefiles:
 1) mkl/2021.2(default)   2) intel/19.1.2   3) impi/2019.8  

Key:
(symbolic-version)  
 started at: Thu Nov 20 21:04:09 CET 2025
   hostname: ravc3106

finished at: Thu Nov 20 21:11:51 CET 2025
                                  
================================= 
Global information about the job: 
================================= 
  
Job owner: brek(84641)
Job name:  /raven/u/brek/projects/ters/Mg-porphine/mbd-nl/ters/mode_103-3.5A-dist/calc_044/positive_displacement/field_on
Node list: ravc[3106-3107,3619,3629,3636,3643,3647-3648]
Job start: Thu Nov 20 21:04:02 CET 2025
Job end:   Thu Nov 20 21:11:51 CET 2025
Work dir:  /raven/u/brek/projects/ters/Mg-porphine/mbd-nl/ters/mode_103-3.5A-dist/calc_044/positive_displacement/field_on
Command:   /raven/u/brek/projects/ters/Mg-porphine/mbd-nl/ters/mode_103-3.5A-dist/calc_044/positive_displacement/field_on/run.sbatch
  
  
  
==========================================================================================
Information on jobsteps (Note: MaxRSS/AveRSS is the maximum/average over all 
tasks of the per-task memory high-water marks; cf. "man sacct"): 
==========================================================================================
  
JobID            JobName NNodes NTasks  NCPUS       MaxRSS       AveRSS    Elapsed ExitCode
------------- ---------- ------ ------ ------ ------------ ------------ ---------- --------
22917020      /raven/u/b      8          1152                             00:07:49      0:0
22917020.0    aims.25050      8    576   1152      254.78M      232.27M   00:07:40      0:0
  
Maximum memory per node: 19.235193 GB (defined as MaxRSS*Ntasks/NNodes)
CPU utilization: 94.5 %
  
