Currently Loaded Modulefiles:
 1) intel/2024.0   2) impi/2021.11   3) mkl/2024.0  
 started at: Fri Apr 25 00:39:10 CEST 2025
   hostname: vipc2152

finished at: Fri Apr 25 00:42:42 CEST 2025
                                  
================================= 
Global information about the job: 
================================= 
  
Job owner: brek(84641)
Job name:  /viper/ptmp1/brek/projects/ters/MoS2/pristine/ters-commensurate/calc_030/positive_displacement/field_on
Node list: vipc[2152,2386,2388,2391-2392,2394-2395,2410]
Job start: Fri Apr 25 00:39:08 CEST 2025
Job end:   Fri Apr 25 00:42:42 CEST 2025
Work dir:  /viper/ptmp1/brek/projects/ters/MoS2/pristine/ters-commensurate/calc_030/positive_displacement/field_on
Command:   /viper/ptmp1/brek/projects/ters/MoS2/pristine/ters-commensurate/calc_030/positive_displacement/field_on/run.sbatch
  
  
  
==========================================================================================
Information on jobsteps (Note: MaxRSS/AveRSS is the maximum/average over all 
tasks of the per-task memory high-water marks; cf. "man sacct"): 
==========================================================================================
  
JobID            JobName NNodes NTasks  NCPUS       MaxRSS       AveRSS    Elapsed ExitCode
------------- ---------- ------ ------ ------ ------------ ------------ ---------- --------
1471294       /viper/ptm      8          2048                             00:03:34      0:0
1471294.0     aims.25013      8   1024   2048      172.57M      163.26M   00:03:32      0:0
  
Maximum memory per node: 23.162257 GB (defined as MaxRSS*Ntasks/NNodes)
CPU utilization: 94.4 %
  
