Currently Loaded Modulefiles:
 1) mkl/2021.2(default)   2) intel/19.1.2   3) impi/2019.8  

Key:
(symbolic-version)  
 started at: Thu Nov 20 20:14:30 CET 2025
   hostname: ravc3143

finished at: Thu Nov 20 20:22:59 CET 2025
                                  
================================= 
Global information about the job: 
================================= 
  
Job owner: brek(84641)
Job name:  /raven/u/brek/projects/ters/Mg-porphine/mbd-nl/ters/mode_103-3.5A-dist/calc_026/positive_displacement/field_on
Node list: ravc[3143-3144,3409,3422-3424,3427-3428]
Job start: Thu Nov 20 20:14:25 CET 2025
Job end:   Thu Nov 20 20:22:59 CET 2025
Work dir:  /raven/u/brek/projects/ters/Mg-porphine/mbd-nl/ters/mode_103-3.5A-dist/calc_026/positive_displacement/field_on
Command:   /raven/u/brek/projects/ters/Mg-porphine/mbd-nl/ters/mode_103-3.5A-dist/calc_026/positive_displacement/field_on/run.sbatch
  
  
  
==========================================================================================
Information on jobsteps (Note: MaxRSS/AveRSS is the maximum/average over all 
tasks of the per-task memory high-water marks; cf. "man sacct"): 
==========================================================================================
  
JobID            JobName NNodes NTasks  NCPUS       MaxRSS       AveRSS    Elapsed ExitCode
------------- ---------- ------ ------ ------ ------------ ------------ ---------- --------
22916984      /raven/u/b      8          1152                             00:08:34      0:0
22916984.0    aims.25050      8    576   1152      260.00M      232.61M   00:08:29      0:0
  
Maximum memory per node: 19.629490 GB (defined as MaxRSS*Ntasks/NNodes)
CPU utilization: 92.2 %
  
