Currently Loaded Modulefiles:
 1) intel/2024.0   2) impi/2021.11   3) mkl/2024.0  
 started at: Fri Mar 14 09:55:26 CET 2025
   hostname: vipl2014

finished at: Fri Mar 14 09:58:37 CET 2025
                                  
================================= 
Global information about the job: 
================================= 
  
Job owner: brek(84641)
Job name:  run.sbatch
Node list: vipl[2014,2025,2027,2042,2045,2059-2060,2064]
Job start: Fri Mar 14 09:55:24 CET 2025
Job end:   Fri Mar 14 09:58:37 CET 2025
Work dir:  /viper/ptmp1/brek/projects/ters/MoS2/pristine/ters/no_nearfield/negative_displacement
Command:   /viper/ptmp1/brek/projects/ters/MoS2/pristine/ters/no_nearfield/negative_displacement/run.sbatch
  
  
  
==========================================================================================
Information on jobsteps (Note: MaxRSS/AveRSS is the maximum/average over all 
tasks of the per-task memory high-water marks; cf. "man sacct"): 
==========================================================================================
  
JobID            JobName NNodes NTasks  NCPUS       MaxRSS       AveRSS    Elapsed ExitCode
------------- ---------- ------ ------ ------ ------------ ------------ ---------- --------
1261455       run.sbatch      8          2048                             00:03:13      0:0
1261455.0     aims.25013      8   1024   2048      172.09M      162.71M   00:03:11      0:0
  
Maximum memory per node: 23.098032 GB (defined as MaxRSS*Ntasks/NNodes)
CPU utilization: 93.8 %
  
