Currently Loaded Modulefiles:
 1) intel/2024.0   2) impi/2021.11   3) mkl/2024.0  
 started at: Fri Apr 25 04:38:22 CEST 2025
   hostname: vipc2106

finished at: Fri Apr 25 04:42:06 CEST 2025
                                  
================================= 
Global information about the job: 
================================= 
  
Job owner: brek(84641)
Job name:  /viper/ptmp1/brek/projects/ters/MoS2/pristine/ters-commensurate/calc_054/negative_displacement/field_on
Node list: vipc[2106,2132-2134,2138,2331-2333]
Job start: Fri Apr 25 04:38:20 CEST 2025
Job end:   Fri Apr 25 04:42:06 CEST 2025
Work dir:  /viper/ptmp1/brek/projects/ters/MoS2/pristine/ters-commensurate/calc_054/negative_displacement/field_on
Command:   /viper/ptmp1/brek/projects/ters/MoS2/pristine/ters-commensurate/calc_054/negative_displacement/field_on/run.sbatch
  
  
  
==========================================================================================
Information on jobsteps (Note: MaxRSS/AveRSS is the maximum/average over all 
tasks of the per-task memory high-water marks; cf. "man sacct"): 
==========================================================================================
  
JobID            JobName NNodes NTasks  NCPUS       MaxRSS       AveRSS    Elapsed ExitCode
------------- ---------- ------ ------ ------ ------------ ------------ ---------- --------
1471343       /viper/ptm      8          2048                             00:03:46      0:0
1471343.0     aims.25013      8   1024   2048      170.94M      162.39M   00:03:44      0:0
  
Maximum memory per node: 22.943498 GB (defined as MaxRSS*Ntasks/NNodes)
CPU utilization: 94.2 %
  
