Currently Loaded Modulefiles:
 1) intel/2024.0   2) impi/2021.11   3) mkl/2024.0  
 started at: Fri Apr 25 04:14:55 CEST 2025
   hostname: vipc2010

finished at: Fri Apr 25 04:18:39 CEST 2025
                                  
================================= 
Global information about the job: 
================================= 
  
Job owner: brek(84641)
Job name:  /viper/ptmp1/brek/projects/ters/MoS2/pristine/ters-commensurate/calc_042/positive_displacement/field_on
Node list: vipc[2010,2013,2016,2021,2045-2046,2225-2226]
Job start: Fri Apr 25 04:14:53 CEST 2025
Job end:   Fri Apr 25 04:18:39 CEST 2025
Work dir:  /viper/ptmp1/brek/projects/ters/MoS2/pristine/ters-commensurate/calc_042/positive_displacement/field_on
Command:   /viper/ptmp1/brek/projects/ters/MoS2/pristine/ters-commensurate/calc_042/positive_displacement/field_on/run.sbatch
  
  
  
==========================================================================================
Information on jobsteps (Note: MaxRSS/AveRSS is the maximum/average over all 
tasks of the per-task memory high-water marks; cf. "man sacct"): 
==========================================================================================
  
JobID            JobName NNodes NTasks  NCPUS       MaxRSS       AveRSS    Elapsed ExitCode
------------- ---------- ------ ------ ------ ------------ ------------ ---------- --------
1471318       /viper/ptm      8          2048                             00:03:46      0:0
1471318.0     aims.25013      8   1024   2048      172.27M      162.25M   00:03:44      0:0
  
Maximum memory per node: 23.121363 GB (defined as MaxRSS*Ntasks/NNodes)
CPU utilization: 92.5 %
  
