Currently Loaded Modulefiles:
 1) intel/2024.0   2) impi/2021.11   3) mkl/2024.0  
 started at: Fri Apr 25 04:50:32 CEST 2025
   hostname: vipc2016

finished at: Fri Apr 25 04:54:15 CEST 2025
                                  
================================= 
Global information about the job: 
================================= 
  
Job owner: brek(84641)
Job name:  /viper/ptmp1/brek/projects/ters/MoS2/pristine/ters-commensurate/calc_061/negative_displacement/field_on
Node list: vipc[2016,2021,2033,2045-2046,2381-2383]
Job start: Fri Apr 25 04:50:30 CEST 2025
Job end:   Fri Apr 25 04:54:15 CEST 2025
Work dir:  /viper/ptmp1/brek/projects/ters/MoS2/pristine/ters-commensurate/calc_061/negative_displacement/field_on
Command:   /viper/ptmp1/brek/projects/ters/MoS2/pristine/ters-commensurate/calc_061/negative_displacement/field_on/run.sbatch
  
  
  
==========================================================================================
Information on jobsteps (Note: MaxRSS/AveRSS is the maximum/average over all 
tasks of the per-task memory high-water marks; cf. "man sacct"): 
==========================================================================================
  
JobID            JobName NNodes NTasks  NCPUS       MaxRSS       AveRSS    Elapsed ExitCode
------------- ---------- ------ ------ ------ ------------ ------------ ---------- --------
1471357       /viper/ptm      8          2048                             00:03:45      0:0
1471357.0     aims.25013      8   1024   2048      170.71M      162.44M   00:03:43      0:0
  
Maximum memory per node: 22.912958 GB (defined as MaxRSS*Ntasks/NNodes)
CPU utilization: 94.7 %
  
