Currently Loaded Modulefiles:
 1) mkl/2021.2(default)   2) intel/19.1.2   3) impi/2019.8  

Key:
(symbolic-version)  
 started at: Fri Nov 21 01:11:08 CET 2025
   hostname: ravc3479

finished at: Fri Nov 21 01:17:42 CET 2025
                                  
================================= 
Global information about the job: 
================================= 
  
Job owner: brek(84641)
Job name:  /raven/u/brek/projects/ters/Mg-porphine/mbd-nl/ters/mode_103-3.5A-dist/calc_143/negative_displacement/field_on
Node list: ravc[3479,3481-3482,3485,3487-3489,3501]
Job start: Fri Nov 21 01:10:54 CET 2025
Job end:   Fri Nov 21 01:17:43 CET 2025
Work dir:  /raven/u/brek/projects/ters/Mg-porphine/mbd-nl/ters/mode_103-3.5A-dist/calc_143/negative_displacement/field_on
Command:   /raven/u/brek/projects/ters/Mg-porphine/mbd-nl/ters/mode_103-3.5A-dist/calc_143/negative_displacement/field_on/run.sbatch
  
  
  
==========================================================================================
Information on jobsteps (Note: MaxRSS/AveRSS is the maximum/average over all 
tasks of the per-task memory high-water marks; cf. "man sacct"): 
==========================================================================================
  
JobID            JobName NNodes NTasks  NCPUS       MaxRSS       AveRSS    Elapsed ExitCode
------------- ---------- ------ ------ ------ ------------ ------------ ---------- --------
22917220      /raven/u/b      8          1152                             00:06:49      0:0
22917220.0    aims.25050      8    576   1152      287.92M      259.37M   00:06:35      0:0
  
Maximum memory per node: 21.737521 GB (defined as MaxRSS*Ntasks/NNodes)
CPU utilization: 93.6 %
  
