Currently Loaded Modulefiles:
 1) intel/2024.0   2) impi/2021.11   3) mkl/2024.0  
 started at: Thu Apr 24 22:22:16 CEST 2025
   hostname: vipc2389

finished at: Thu Apr 24 22:25:40 CEST 2025
                                  
================================= 
Global information about the job: 
================================= 
  
Job owner: brek(84641)
Job name:  /viper/ptmp1/brek/projects/ters/MoS2/pristine/ters-commensurate/calc_017/negative_displacement/field_on
Node list: vipc[2389,2399,2404,2408,2414,2423-2424,2432]
Job start: Thu Apr 24 22:22:13 CEST 2025
Job end:   Thu Apr 24 22:25:40 CEST 2025
Work dir:  /viper/ptmp1/brek/projects/ters/MoS2/pristine/ters-commensurate/calc_017/negative_displacement/field_on
Command:   /viper/ptmp1/brek/projects/ters/MoS2/pristine/ters-commensurate/calc_017/negative_displacement/field_on/run.sbatch
  
  
  
==========================================================================================
Information on jobsteps (Note: MaxRSS/AveRSS is the maximum/average over all 
tasks of the per-task memory high-water marks; cf. "man sacct"): 
==========================================================================================
  
JobID            JobName NNodes NTasks  NCPUS       MaxRSS       AveRSS    Elapsed ExitCode
------------- ---------- ------ ------ ------ ------------ ------------ ---------- --------
1471269       /viper/ptm      8          2048                             00:03:27      0:0
1471269.0     aims.25013      8   1024   2048      171.46M      162.24M   00:03:23      0:0
  
Maximum memory per node: 23.012573 GB (defined as MaxRSS*Ntasks/NNodes)
CPU utilization: 93.2 %
  
