Currently Loaded Modulefiles:
 1) mkl/2021.2(default)   2) intel/19.1.2   3) impi/2019.8  

Key:
(symbolic-version)  
 started at: Sun Dec 15 22:04:23 CET 2024
   hostname: ravc2695

finished at: Sun Dec 15 22:04:57 CET 2024
                                  
================================= 
Global information about the job: 
================================= 
  
Job owner: brek(84641)
Job name:  /raven/u/brek/projects/ters/TCNE/ters-isolated/multimode/mode_018/negative_displacement/zero_field
Node list: ravc2695
Job start: Sun Dec 15 22:04:21 CET 2024
Job end:   Sun Dec 15 22:04:57 CET 2024
Work dir:  /raven/u/brek/projects/ters/TCNE/ters-isolated/multimode/mode_018/negative_displacement/zero_field
Command:   /raven/u/brek/projects/ters/TCNE/ters-isolated/multimode/mode_018/negative_displacement/zero_field/run.sbatch
  
  
  
==========================================================================================
Information on jobsteps (Note: MaxRSS/AveRSS is the maximum/average over all 
tasks of the per-task memory high-water marks; cf. "man sacct"): 
==========================================================================================
  
JobID            JobName NNodes NTasks  NCPUS       MaxRSS       AveRSS    Elapsed ExitCode
------------- ---------- ------ ------ ------ ------------ ------------ ---------- --------
14230308      /raven/u/b      1           144                             00:00:36      0:0
14230308.0    aims.24060      1     72    144      121.37M      110.03M   00:00:34      0:0
  
Maximum memory per node: 9.162916 GB (defined as MaxRSS*Ntasks/NNodes)
CPU utilization: 72.2 %
  
