Currently Loaded Modulefiles:
 1) mkl/2021.2(default)   2) intel/19.1.2   3) impi/2019.8  

Key:
(symbolic-version)  
 started at: Thu Nov 20 21:22:49 CET 2025
   hostname: ravc2313

finished at: Thu Nov 20 21:30:26 CET 2025
                                  
================================= 
Global information about the job: 
================================= 
  
Job owner: brek(84641)
Job name:  /raven/u/brek/projects/ters/Mg-porphine/mbd-nl/ters/mode_103-3.5A-dist/calc_049/negative_displacement/field_on
Node list: ravc[2313,2324,2328,2494,2627-2630]
Job start: Thu Nov 20 21:22:46 CET 2025
Job end:   Thu Nov 20 21:30:26 CET 2025
Work dir:  /raven/u/brek/projects/ters/Mg-porphine/mbd-nl/ters/mode_103-3.5A-dist/calc_049/negative_displacement/field_on
Command:   /raven/u/brek/projects/ters/Mg-porphine/mbd-nl/ters/mode_103-3.5A-dist/calc_049/negative_displacement/field_on/run.sbatch
  
  
  
==========================================================================================
Information on jobsteps (Note: MaxRSS/AveRSS is the maximum/average over all 
tasks of the per-task memory high-water marks; cf. "man sacct"): 
==========================================================================================
  
JobID            JobName NNodes NTasks  NCPUS       MaxRSS       AveRSS    Elapsed ExitCode
------------- ---------- ------ ------ ------ ------------ ------------ ---------- --------
22917031      /raven/u/b      8          1152                             00:07:40      0:0
22917031.0    aims.25050      8    576   1152      288.66M      258.41M   00:07:35      0:0
  
Maximum memory per node: 21.793407 GB (defined as MaxRSS*Ntasks/NNodes)
CPU utilization: 96.3 %
  
