Currently Loaded Modulefiles:
 1) mkl/2021.2(default)   2) intel/19.1.2   3) impi/2019.8  

Key:
(symbolic-version)  
 started at: Sun Dec 15 21:53:17 CET 2024
   hostname: ravc3409

finished at: Sun Dec 15 21:53:51 CET 2024
                                  
================================= 
Global information about the job: 
================================= 
  
Job owner: brek(84641)
Job name:  /raven/u/brek/projects/ters/TCNE/ters-isolated/multimode/mode_001/positive_displacement/field_on
Node list: ravc3409
Job start: Sun Dec 15 21:53:12 CET 2024
Job end:   Sun Dec 15 21:53:51 CET 2024
Work dir:  /raven/u/brek/projects/ters/TCNE/ters-isolated/multimode/mode_001/positive_displacement/field_on
Command:   /raven/u/brek/projects/ters/TCNE/ters-isolated/multimode/mode_001/positive_displacement/field_on/run.sbatch
  
  
  
==========================================================================================
Information on jobsteps (Note: MaxRSS/AveRSS is the maximum/average over all 
tasks of the per-task memory high-water marks; cf. "man sacct"): 
==========================================================================================
  
JobID            JobName NNodes NTasks  NCPUS       MaxRSS       AveRSS    Elapsed ExitCode
------------- ---------- ------ ------ ------ ------------ ------------ ---------- --------
14230237      /raven/u/b      1           144                             00:00:39      0:0
14230237.0    aims.24060      1     72    144      123.57M      109.08M   00:00:33      0:0
  
Maximum memory per node: 9.329467 GB (defined as MaxRSS*Ntasks/NNodes)
CPU utilization: 66.7 %
  
