Currently Loaded Modulefiles:
 1) mkl/2021.2(default)   2) intel/19.1.2   3) impi/2019.8  

Key:
(symbolic-version)  
 started at: Thu Nov 20 23:46:18 CET 2025
   hostname: ravc3507

finished at: Thu Nov 20 23:53:46 CET 2025
                                  
================================= 
Global information about the job: 
================================= 
  
Job owner: brek(84641)
Job name:  /raven/u/brek/projects/ters/Mg-porphine/mbd-nl/ters/mode_103-3.5A-dist/calc_114/negative_displacement/field_on
Node list: ravc[3507,3509,3512,3519-3521,3524,3526]
Job start: Thu Nov 20 23:46:14 CET 2025
Job end:   Thu Nov 20 23:53:46 CET 2025
Work dir:  /raven/u/brek/projects/ters/Mg-porphine/mbd-nl/ters/mode_103-3.5A-dist/calc_114/negative_displacement/field_on
Command:   /raven/u/brek/projects/ters/Mg-porphine/mbd-nl/ters/mode_103-3.5A-dist/calc_114/negative_displacement/field_on/run.sbatch
  
  
  
==========================================================================================
Information on jobsteps (Note: MaxRSS/AveRSS is the maximum/average over all 
tasks of the per-task memory high-water marks; cf. "man sacct"): 
==========================================================================================
  
JobID            JobName NNodes NTasks  NCPUS       MaxRSS       AveRSS    Elapsed ExitCode
------------- ---------- ------ ------ ------ ------------ ------------ ---------- --------
22917162      /raven/u/b      8          1152                             00:07:32      0:0
22917162.0    aims.25050      8    576   1152      260.53M      232.43M   00:07:28      0:0
  
Maximum memory per node: 19.669230 GB (defined as MaxRSS*Ntasks/NNodes)
CPU utilization: 91.4 %
  
