Currently Loaded Modulefiles:
 1) mkl/2021.2(default)   2) intel/19.1.2   3) impi/2019.8  

Key:
(symbolic-version)  
 started at: Thu Nov 20 22:10:19 CET 2025
   hostname: ravc3113

finished at: Thu Nov 20 22:17:24 CET 2025
                                  
================================= 
Global information about the job: 
================================= 
  
Job owner: brek(84641)
Job name:  /raven/u/brek/projects/ters/Mg-porphine/mbd-nl/ters/mode_103-3.5A-dist/calc_071/positive_displacement/field_on
Node list: ravc[3113-3118,3528,3541]
Job start: Thu Nov 20 22:10:16 CET 2025
Job end:   Thu Nov 20 22:17:24 CET 2025
Work dir:  /raven/u/brek/projects/ters/Mg-porphine/mbd-nl/ters/mode_103-3.5A-dist/calc_071/positive_displacement/field_on
Command:   /raven/u/brek/projects/ters/Mg-porphine/mbd-nl/ters/mode_103-3.5A-dist/calc_071/positive_displacement/field_on/run.sbatch
  
  
  
==========================================================================================
Information on jobsteps (Note: MaxRSS/AveRSS is the maximum/average over all 
tasks of the per-task memory high-water marks; cf. "man sacct"): 
==========================================================================================
  
JobID            JobName NNodes NTasks  NCPUS       MaxRSS       AveRSS    Elapsed ExitCode
------------- ---------- ------ ------ ------ ------------ ------------ ---------- --------
22917075      /raven/u/b      8          1152                             00:07:08      0:0
22917075.0    aims.25050      8    576   1152      284.76M      253.48M   00:07:05      0:0
  
Maximum memory per node: 21.498642 GB (defined as MaxRSS*Ntasks/NNodes)
CPU utilization: 96.7 %
  
