Currently Loaded Modulefiles:
 1) intel/2024.0   2) impi/2021.11   3) mkl/2024.0  
 started at: Fri Apr 25 06:36:36 CEST 2025
   hostname: vipc2106

finished at: Fri Apr 25 06:40:13 CEST 2025
                                  
================================= 
Global information about the job: 
================================= 
  
Job owner: brek(84641)
Job name:  /viper/ptmp1/brek/projects/ters/MoS2/pristine/ters-commensurate/calc_108/negative_displacement/field_on
Node list: vipc[2106,2132-2134,2138,2381-2383]
Job start: Fri Apr 25 06:36:34 CEST 2025
Job end:   Fri Apr 25 06:40:13 CEST 2025
Work dir:  /viper/ptmp1/brek/projects/ters/MoS2/pristine/ters-commensurate/calc_108/negative_displacement/field_on
Command:   /viper/ptmp1/brek/projects/ters/MoS2/pristine/ters-commensurate/calc_108/negative_displacement/field_on/run.sbatch
  
  
  
==========================================================================================
Information on jobsteps (Note: MaxRSS/AveRSS is the maximum/average over all 
tasks of the per-task memory high-water marks; cf. "man sacct"): 
==========================================================================================
  
JobID            JobName NNodes NTasks  NCPUS       MaxRSS       AveRSS    Elapsed ExitCode
------------- ---------- ------ ------ ------ ------------ ------------ ---------- --------
1471451       /viper/ptm      8          2048                             00:03:39      0:0
1471451.0     aims.25013      8   1024   2048      173.71M      162.48M   00:03:37      0:0
  
Maximum memory per node: 23.315481 GB (defined as MaxRSS*Ntasks/NNodes)
CPU utilization: 92.7 %
  
