Currently Loaded Modulefiles:
 1) mkl/2021.2(default)   2) intel/19.1.2   3) impi/2019.8  

Key:
(symbolic-version)  
 started at: Thu Nov 20 19:54:28 CET 2025
   hostname: ravc3507

finished at: Thu Nov 20 20:02:52 CET 2025
                                  
================================= 
Global information about the job: 
================================= 
  
Job owner: brek(84641)
Job name:  /raven/u/brek/projects/ters/Mg-porphine/mbd-nl/ters/mode_103-3.5A-dist/calc_018/positive_displacement/field_on
Node list: ravc[3507,3509,3512,3524,3530,3532,3542,3585]
Job start: Thu Nov 20 19:54:22 CET 2025
Job end:   Thu Nov 20 20:02:52 CET 2025
Work dir:  /raven/u/brek/projects/ters/Mg-porphine/mbd-nl/ters/mode_103-3.5A-dist/calc_018/positive_displacement/field_on
Command:   /raven/u/brek/projects/ters/Mg-porphine/mbd-nl/ters/mode_103-3.5A-dist/calc_018/positive_displacement/field_on/run.sbatch
  
  
  
==========================================================================================
Information on jobsteps (Note: MaxRSS/AveRSS is the maximum/average over all 
tasks of the per-task memory high-water marks; cf. "man sacct"): 
==========================================================================================
  
JobID            JobName NNodes NTasks  NCPUS       MaxRSS       AveRSS    Elapsed ExitCode
------------- ---------- ------ ------ ------ ------------ ------------ ---------- --------
22916968      /raven/u/b      8          1152                             00:08:30      0:0
22916968.0    aims.25050      8    576   1152      256.62M      232.68M   00:08:24      0:0
  
Maximum memory per node: 19.374096 GB (defined as MaxRSS*Ntasks/NNodes)
CPU utilization: 92.7 %
  
