Currently Loaded Modulefiles:
 1) mkl/2021.2(default)   2) intel/19.1.2   3) impi/2019.8  

Key:
(symbolic-version)  
 started at: Thu Nov 20 20:56:20 CET 2025
   hostname: ravc3085

finished at: Thu Nov 20 21:02:04 CET 2025
                                  
================================= 
Global information about the job: 
================================= 
  
Job owner: brek(84641)
Job name:  /raven/u/brek/projects/ters/Mg-porphine/mbd-nl/ters/mode_103-3.5A-dist/calc_041/positive_displacement/field_on
Node list: ravc[3085,3089,3092,3101,3105,3109,3236,3251]
Job start: Thu Nov 20 20:56:15 CET 2025
Job end:   Thu Nov 20 21:02:04 CET 2025
Work dir:  /raven/u/brek/projects/ters/Mg-porphine/mbd-nl/ters/mode_103-3.5A-dist/calc_041/positive_displacement/field_on
Command:   /raven/u/brek/projects/ters/Mg-porphine/mbd-nl/ters/mode_103-3.5A-dist/calc_041/positive_displacement/field_on/run.sbatch
  
  
  
==========================================================================================
Information on jobsteps (Note: MaxRSS/AveRSS is the maximum/average over all 
tasks of the per-task memory high-water marks; cf. "man sacct"): 
==========================================================================================
  
JobID            JobName NNodes NTasks  NCPUS       MaxRSS       AveRSS    Elapsed ExitCode
------------- ---------- ------ ------ ------ ------------ ------------ ---------- --------
22917014      /raven/u/b      8          1152                             00:05:49      0:0
22917014.0    aims.25050      8    576   1152      255.17M      231.84M   00:05:43      0:0
  
Maximum memory per node: 19.264905 GB (defined as MaxRSS*Ntasks/NNodes)
CPU utilization: 92.6 %
  
