Currently Loaded Modulefiles:
 1) intel/2024.0   2) impi/2021.11   3) mkl/2024.0  
 started at: Thu Apr 24 23:15:12 CEST 2025
   hostname: vipc2135

finished at: Thu Apr 24 23:18:54 CEST 2025
                                  
================================= 
Global information about the job: 
================================= 
  
Job owner: brek(84641)
Job name:  /viper/ptmp1/brek/projects/ters/MoS2/pristine/ters-commensurate/calc_025/positive_displacement/field_on
Node list: vipc[2135,2202,2234,2481,2483,2583-2584,2587]
Job start: Thu Apr 24 23:15:10 CEST 2025
Job end:   Thu Apr 24 23:18:54 CEST 2025
Work dir:  /viper/ptmp1/brek/projects/ters/MoS2/pristine/ters-commensurate/calc_025/positive_displacement/field_on
Command:   /viper/ptmp1/brek/projects/ters/MoS2/pristine/ters-commensurate/calc_025/positive_displacement/field_on/run.sbatch
  
  
  
==========================================================================================
Information on jobsteps (Note: MaxRSS/AveRSS is the maximum/average over all 
tasks of the per-task memory high-water marks; cf. "man sacct"): 
==========================================================================================
  
JobID            JobName NNodes NTasks  NCPUS       MaxRSS       AveRSS    Elapsed ExitCode
------------- ---------- ------ ------ ------ ------------ ------------ ---------- --------
1471284       /viper/ptm      8          2048                             00:03:44      0:0
1471284.0     aims.25013      8   1024   2048      170.09M      162.02M   00:03:42      0:0
  
Maximum memory per node: 22.829466 GB (defined as MaxRSS*Ntasks/NNodes)
CPU utilization: 94.6 %
  
