Currently Loaded Modulefiles:
 1) intel/2024.0   2) impi/2021.11   3) mkl/2024.0  
 started at: Thu Apr 24 22:52:53 CEST 2025
   hostname: vipc2387

finished at: Thu Apr 24 22:56:18 CEST 2025
                                  
================================= 
Global information about the job: 
================================= 
  
Job owner: brek(84641)
Job name:  /viper/ptmp1/brek/projects/ters/MoS2/pristine/ters-commensurate/calc_022/positive_displacement/field_on
Node list: vipc[2387,2389,2399,2404,2407-2408,2414,2423]
Job start: Thu Apr 24 22:52:50 CEST 2025
Job end:   Thu Apr 24 22:56:18 CEST 2025
Work dir:  /viper/ptmp1/brek/projects/ters/MoS2/pristine/ters-commensurate/calc_022/positive_displacement/field_on
Command:   /viper/ptmp1/brek/projects/ters/MoS2/pristine/ters-commensurate/calc_022/positive_displacement/field_on/run.sbatch
  
  
  
==========================================================================================
Information on jobsteps (Note: MaxRSS/AveRSS is the maximum/average over all 
tasks of the per-task memory high-water marks; cf. "man sacct"): 
==========================================================================================
  
JobID            JobName NNodes NTasks  NCPUS       MaxRSS       AveRSS    Elapsed ExitCode
------------- ---------- ------ ------ ------ ------------ ------------ ---------- --------
1471278       /viper/ptm      8          2048                             00:03:28      0:0
1471278.0     aims.25013      8   1024   2048      171.15M      162.15M   00:03:24      0:0
  
Maximum memory per node: 22.971023 GB (defined as MaxRSS*Ntasks/NNodes)
CPU utilization: 92.8 %
  
