Currently Loaded Modulefiles:
 1) mkl/2021.2(default)   2) intel/19.1.2   3) impi/2019.8  

Key:
(symbolic-version)  
 started at: Thu Nov 20 20:02:05 CET 2025
   hostname: ravc3131

finished at: Thu Nov 20 20:09:12 CET 2025
                                  
================================= 
Global information about the job: 
================================= 
  
Job owner: brek(84641)
Job name:  /raven/u/brek/projects/ters/Mg-porphine/mbd-nl/ters/mode_103-3.5A-dist/calc_021/positive_displacement/field_on
Node list: ravc[3131-3137,3139]
Job start: Thu Nov 20 20:02:02 CET 2025
Job end:   Thu Nov 20 20:09:12 CET 2025
Work dir:  /raven/u/brek/projects/ters/Mg-porphine/mbd-nl/ters/mode_103-3.5A-dist/calc_021/positive_displacement/field_on
Command:   /raven/u/brek/projects/ters/Mg-porphine/mbd-nl/ters/mode_103-3.5A-dist/calc_021/positive_displacement/field_on/run.sbatch
  
  
  
==========================================================================================
Information on jobsteps (Note: MaxRSS/AveRSS is the maximum/average over all 
tasks of the per-task memory high-water marks; cf. "man sacct"): 
==========================================================================================
  
JobID            JobName NNodes NTasks  NCPUS       MaxRSS       AveRSS    Elapsed ExitCode
------------- ---------- ------ ------ ------ ------------ ------------ ---------- --------
22916974      /raven/u/b      8          1152                             00:07:10      0:0
22916974.0    aims.25050      8    576   1152      255.34M      233.75M   00:07:07      0:0
  
Maximum memory per node: 19.277660 GB (defined as MaxRSS*Ntasks/NNodes)
CPU utilization: 96.0 %
  
