Currently Loaded Modulefiles:
 1) intel/2024.0   2) impi/2021.11   3) mkl/2024.0  
 started at: Thu Apr 24 22:35:32 CEST 2025
   hostname: vipc2389

finished at: Thu Apr 24 22:39:03 CEST 2025
                                  
================================= 
Global information about the job: 
================================= 
  
Job owner: brek(84641)
Job name:  /viper/ptmp1/brek/projects/ters/MoS2/pristine/ters-commensurate/calc_019/positive_displacement/field_on
Node list: vipc[2389,2399,2404,2407-2408,2414,2423-2424]
Job start: Thu Apr 24 22:35:30 CEST 2025
Job end:   Thu Apr 24 22:39:03 CEST 2025
Work dir:  /viper/ptmp1/brek/projects/ters/MoS2/pristine/ters-commensurate/calc_019/positive_displacement/field_on
Command:   /viper/ptmp1/brek/projects/ters/MoS2/pristine/ters-commensurate/calc_019/positive_displacement/field_on/run.sbatch
  
  
  
==========================================================================================
Information on jobsteps (Note: MaxRSS/AveRSS is the maximum/average over all 
tasks of the per-task memory high-water marks; cf. "man sacct"): 
==========================================================================================
  
JobID            JobName NNodes NTasks  NCPUS       MaxRSS       AveRSS    Elapsed ExitCode
------------- ---------- ------ ------ ------ ------------ ------------ ---------- --------
1471272       /viper/ptm      8          2048                             00:03:33      0:0
1471272.0     aims.25013      8   1024   2048      172.90M      162.45M   00:03:31      0:0
  
Maximum memory per node: 23.206560 GB (defined as MaxRSS*Ntasks/NNodes)
CPU utilization: 94.4 %
  
