Currently Loaded Modulefiles:
 1) intel/2024.0   2) impi/2021.11   3) mkl/2024.0  
 started at: Thu Apr 24 22:39:51 CEST 2025
   hostname: vipc2387

finished at: Thu Apr 24 22:43:23 CEST 2025
                                  
================================= 
Global information about the job: 
================================= 
  
Job owner: brek(84641)
Job name:  /viper/ptmp1/brek/projects/ters/MoS2/pristine/ters-commensurate/calc_019/negative_displacement/field_on
Node list: vipc[2387,2389,2399,2404,2407-2408,2414,2423]
Job start: Thu Apr 24 22:39:49 CEST 2025
Job end:   Thu Apr 24 22:43:23 CEST 2025
Work dir:  /viper/ptmp1/brek/projects/ters/MoS2/pristine/ters-commensurate/calc_019/negative_displacement/field_on
Command:   /viper/ptmp1/brek/projects/ters/MoS2/pristine/ters-commensurate/calc_019/negative_displacement/field_on/run.sbatch
  
  
  
==========================================================================================
Information on jobsteps (Note: MaxRSS/AveRSS is the maximum/average over all 
tasks of the per-task memory high-water marks; cf. "man sacct"): 
==========================================================================================
  
JobID            JobName NNodes NTasks  NCPUS       MaxRSS       AveRSS    Elapsed ExitCode
------------- ---------- ------ ------ ------ ------------ ------------ ---------- --------
1471273       /viper/ptm      8          2048                             00:03:34      0:0
1471273.0     aims.25013      8   1024   2048      171.25M      162.35M   00:03:32      0:0
  
Maximum memory per node: 22.985310 GB (defined as MaxRSS*Ntasks/NNodes)
CPU utilization: 94.4 %
  
