Currently Loaded Modulefiles:
 1) mkl/2021.2(default)   2) intel/19.1.2   3) impi/2019.8  

Key:
(symbolic-version)  
 started at: Thu Nov 20 22:27:03 CET 2025
   hostname: ravc3026

finished at: Thu Nov 20 22:34:20 CET 2025
                                  
================================= 
Global information about the job: 
================================= 
  
Job owner: brek(84641)
Job name:  /raven/u/brek/projects/ters/Mg-porphine/mbd-nl/ters/mode_103-3.5A-dist/calc_077/negative_displacement/field_on
Node list: ravc[3026,3038,3417,3466-3467,3520-3521,3615]
Job start: Thu Nov 20 22:26:59 CET 2025
Job end:   Thu Nov 20 22:34:20 CET 2025
Work dir:  /raven/u/brek/projects/ters/Mg-porphine/mbd-nl/ters/mode_103-3.5A-dist/calc_077/negative_displacement/field_on
Command:   /raven/u/brek/projects/ters/Mg-porphine/mbd-nl/ters/mode_103-3.5A-dist/calc_077/negative_displacement/field_on/run.sbatch
  
  
  
==========================================================================================
Information on jobsteps (Note: MaxRSS/AveRSS is the maximum/average over all 
tasks of the per-task memory high-water marks; cf. "man sacct"): 
==========================================================================================
  
JobID            JobName NNodes NTasks  NCPUS       MaxRSS       AveRSS    Elapsed ExitCode
------------- ---------- ------ ------ ------ ------------ ------------ ---------- --------
22917088      /raven/u/b      8          1152                             00:07:21      0:0
22917088.0    aims.25050      8    576   1152      257.27M      232.26M   00:07:17      0:0
  
Maximum memory per node: 19.423347 GB (defined as MaxRSS*Ntasks/NNodes)
CPU utilization: 93.7 %
  
