Currently Loaded Modulefiles:
 1) mkl/2021.2(default)   2) intel/19.1.2   3) impi/2019.8  

Key:
(symbolic-version)  
 started at: Thu Nov 20 23:42:06 CET 2025
   hostname: ravc3182

finished at: Thu Nov 20 23:50:25 CET 2025
                                  
================================= 
Global information about the job: 
================================= 
  
Job owner: brek(84641)
Job name:  /raven/u/brek/projects/ters/Mg-porphine/mbd-nl/ters/mode_103-3.5A-dist/calc_112/negative_displacement/field_on
Node list: ravc[3182-3184,3528,3618,3643,3647-3648]
Job start: Thu Nov 20 23:42:03 CET 2025
Job end:   Thu Nov 20 23:50:25 CET 2025
Work dir:  /raven/u/brek/projects/ters/Mg-porphine/mbd-nl/ters/mode_103-3.5A-dist/calc_112/negative_displacement/field_on
Command:   /raven/u/brek/projects/ters/Mg-porphine/mbd-nl/ters/mode_103-3.5A-dist/calc_112/negative_displacement/field_on/run.sbatch
  
  
  
==========================================================================================
Information on jobsteps (Note: MaxRSS/AveRSS is the maximum/average over all 
tasks of the per-task memory high-water marks; cf. "man sacct"): 
==========================================================================================
  
JobID            JobName NNodes NTasks  NCPUS       MaxRSS       AveRSS    Elapsed ExitCode
------------- ---------- ------ ------ ------ ------------ ------------ ---------- --------
22917158      /raven/u/b      8          1152                             00:08:22      0:0
22917158.0    aims.25050      8    576   1152      257.44M      232.53M   00:08:19      0:0
  
Maximum memory per node: 19.436323 GB (defined as MaxRSS*Ntasks/NNodes)
CPU utilization: 94.2 %
  
