Currently Loaded Modulefiles:
 1) mkl/2021.2(default)   2) intel/19.1.2   3) impi/2019.8  

Key:
(symbolic-version)  
 started at: Thu Nov 20 23:35:26 CET 2025
   hostname: ravc2217

finished at: Thu Nov 20 23:41:38 CET 2025
                                  
================================= 
Global information about the job: 
================================= 
  
Job owner: brek(84641)
Job name:  /raven/u/brek/projects/ters/Mg-porphine/mbd-nl/ters/mode_103-3.5A-dist/calc_109/positive_displacement/field_on
Node list: ravc[2217,2223-2224,2242-2243,2252-2254]
Job start: Thu Nov 20 23:35:23 CET 2025
Job end:   Thu Nov 20 23:41:38 CET 2025
Work dir:  /raven/u/brek/projects/ters/Mg-porphine/mbd-nl/ters/mode_103-3.5A-dist/calc_109/positive_displacement/field_on
Command:   /raven/u/brek/projects/ters/Mg-porphine/mbd-nl/ters/mode_103-3.5A-dist/calc_109/positive_displacement/field_on/run.sbatch
  
  
  
==========================================================================================
Information on jobsteps (Note: MaxRSS/AveRSS is the maximum/average over all 
tasks of the per-task memory high-water marks; cf. "man sacct"): 
==========================================================================================
  
JobID            JobName NNodes NTasks  NCPUS       MaxRSS       AveRSS    Elapsed ExitCode
------------- ---------- ------ ------ ------ ------------ ------------ ---------- --------
22917151      /raven/u/b      8          1152                             00:06:15      0:0
22917151.0    aims.25050      8    576   1152      254.91M      232.42M   00:06:12      0:0
  
Maximum memory per node: 19.245294 GB (defined as MaxRSS*Ntasks/NNodes)
CPU utilization: 94.1 %
  
