Currently Loaded Modulefiles:
 1) mkl/2021.2(default)   2) intel/19.1.2   3) impi/2019.8  

Key:
(symbolic-version)  
 started at: Thu Nov 20 18:17:10 CET 2025
   hostname: ravc2369

finished at: Thu Nov 20 18:22:46 CET 2025
                                  
================================= 
Global information about the job: 
================================= 
  
Job owner: brek(84641)
Job name:  /raven/u/brek/projects/ters/Mg-porphine/mbd-nl/ters/mode_103-3.5A-dist/calc_005/positive_displacement/field_on
Node list: ravc[2369-2371,2373-2374,2378-2380]
Job start: Thu Nov 20 18:17:05 CET 2025
Job end:   Thu Nov 20 18:22:49 CET 2025
Work dir:  /raven/u/brek/projects/ters/Mg-porphine/mbd-nl/ters/mode_103-3.5A-dist/calc_005/positive_displacement/field_on
Command:   /raven/u/brek/projects/ters/Mg-porphine/mbd-nl/ters/mode_103-3.5A-dist/calc_005/positive_displacement/field_on/run.sbatch
  
  
  
==========================================================================================
Information on jobsteps (Note: MaxRSS/AveRSS is the maximum/average over all 
tasks of the per-task memory high-water marks; cf. "man sacct"): 
==========================================================================================
  
JobID            JobName NNodes NTasks  NCPUS       MaxRSS       AveRSS    Elapsed ExitCode
------------- ---------- ------ ------ ------ ------------ ------------ ---------- --------
22916942      /raven/u/b      8          1152                             00:05:44      0:0
22916942.0    aims.25050      8    576   1152      288.33M      258.02M   00:05:38      0:0
  
Maximum memory per node: 21.768339 GB (defined as MaxRSS*Ntasks/NNodes)
CPU utilization: 93.9 %
  
