Currently Loaded Modulefiles:
 1) mkl/2021.2(default)   2) intel/19.1.2   3) impi/2019.8  

Key:
(symbolic-version)  
 started at: Fri Nov 21 00:27:02 CET 2025
   hostname: ravl1009

finished at: Fri Nov 21 00:34:19 CET 2025
                                  
================================= 
Global information about the job: 
================================= 
  
Job owner: brek(84641)
Job name:  /raven/u/brek/projects/ters/Mg-porphine/mbd-nl/ters/mode_103-3.5A-dist/calc_126/negative_displacement/field_on
Node list: ravl[1009-1016]
Job start: Fri Nov 21 00:26:58 CET 2025
Job end:   Fri Nov 21 00:34:19 CET 2025
Work dir:  /raven/u/brek/projects/ters/Mg-porphine/mbd-nl/ters/mode_103-3.5A-dist/calc_126/negative_displacement/field_on
Command:   /raven/u/brek/projects/ters/Mg-porphine/mbd-nl/ters/mode_103-3.5A-dist/calc_126/negative_displacement/field_on/run.sbatch
  
  
  
==========================================================================================
Information on jobsteps (Note: MaxRSS/AveRSS is the maximum/average over all 
tasks of the per-task memory high-water marks; cf. "man sacct"): 
==========================================================================================
  
JobID            JobName NNodes NTasks  NCPUS       MaxRSS       AveRSS    Elapsed ExitCode
------------- ---------- ------ ------ ------ ------------ ------------ ---------- --------
22917186      /raven/u/b      8          1152                             00:07:21      0:0
22917186.0    aims.25050      8    576   1152      254.11M      232.60M   00:07:17      0:0
  
Maximum memory per node: 19.184984 GB (defined as MaxRSS*Ntasks/NNodes)
CPU utilization: 93.7 %
  
