Currently Loaded Modulefiles:
 1) mkl/2021.2(default)   2) intel/19.1.2   3) impi/2019.8  

Key:
(symbolic-version)  
 started at: Thu Nov 20 20:24:36 CET 2025
   hostname: ravc2569

finished at: Thu Nov 20 20:32:57 CET 2025
                                  
================================= 
Global information about the job: 
================================= 
  
Job owner: brek(84641)
Job name:  /raven/u/brek/projects/ters/Mg-porphine/mbd-nl/ters/mode_103-3.5A-dist/calc_028/negative_displacement/field_on
Node list: ravc[2569,2573-2574,2694,2698,2702,2712-2713]
Job start: Thu Nov 20 20:24:32 CET 2025
Job end:   Thu Nov 20 20:32:57 CET 2025
Work dir:  /raven/u/brek/projects/ters/Mg-porphine/mbd-nl/ters/mode_103-3.5A-dist/calc_028/negative_displacement/field_on
Command:   /raven/u/brek/projects/ters/Mg-porphine/mbd-nl/ters/mode_103-3.5A-dist/calc_028/negative_displacement/field_on/run.sbatch
  
  
  
==========================================================================================
Information on jobsteps (Note: MaxRSS/AveRSS is the maximum/average over all 
tasks of the per-task memory high-water marks; cf. "man sacct"): 
==========================================================================================
  
JobID            JobName NNodes NTasks  NCPUS       MaxRSS       AveRSS    Elapsed ExitCode
------------- ---------- ------ ------ ------ ------------ ------------ ---------- --------
22916989      /raven/u/b      8          1152                             00:08:25      0:0
22916989.0    aims.25050      8    576   1152      252.08M      232.67M   00:08:20      0:0
  
Maximum memory per node: 19.031409 GB (defined as MaxRSS*Ntasks/NNodes)
CPU utilization: 93.7 %
  
