Currently Loaded Modulefiles:
 1) mkl/2021.2(default)   2) intel/19.1.2   3) impi/2019.8  

Key:
(symbolic-version)  
 started at: Thu Nov 20 23:14:33 CET 2025
   hostname: ravc3182

finished at: Thu Nov 20 23:21:37 CET 2025
                                  
================================= 
Global information about the job: 
================================= 
  
Job owner: brek(84641)
Job name:  /raven/u/brek/projects/ters/Mg-porphine/mbd-nl/ters/mode_103-3.5A-dist/calc_099/positive_displacement/field_on
Node list: ravc[3182-3184,3236,3238,3251,3528,3541]
Job start: Thu Nov 20 23:14:24 CET 2025
Job end:   Thu Nov 20 23:21:37 CET 2025
Work dir:  /raven/u/brek/projects/ters/Mg-porphine/mbd-nl/ters/mode_103-3.5A-dist/calc_099/positive_displacement/field_on
Command:   /raven/u/brek/projects/ters/Mg-porphine/mbd-nl/ters/mode_103-3.5A-dist/calc_099/positive_displacement/field_on/run.sbatch
  
  
  
==========================================================================================
Information on jobsteps (Note: MaxRSS/AveRSS is the maximum/average over all 
tasks of the per-task memory high-water marks; cf. "man sacct"): 
==========================================================================================
  
JobID            JobName NNodes NTasks  NCPUS       MaxRSS       AveRSS    Elapsed ExitCode
------------- ---------- ------ ------ ------ ------------ ------------ ---------- --------
22917131      /raven/u/b      8          1152                             00:07:13      0:0
22917131.0    aims.25050      8    576   1152      287.03M      259.86M   00:07:03      0:0
  
Maximum memory per node: 21.670060 GB (defined as MaxRSS*Ntasks/NNodes)
CPU utilization: 95.4 %
  
