Currently Loaded Modulefiles:
 1) mkl/2021.2(default)   2) intel/19.1.2   3) impi/2019.8  

Key:
(symbolic-version)  
 started at: Thu Nov 20 18:30:39 CET 2025
   hostname: ravc3434

finished at: Thu Nov 20 18:37:38 CET 2025
                                  
================================= 
Global information about the job: 
================================= 
  
Job owner: brek(84641)
Job name:  /raven/u/brek/projects/ters/Mg-porphine/mbd-nl/ters/mode_103-3.5A-dist/calc_007/positive_displacement/field_on
Node list: ravc[3434,3436,3438,3471-3472,3513-3514,3527]
Job start: Thu Nov 20 18:30:36 CET 2025
Job end:   Thu Nov 20 18:37:38 CET 2025
Work dir:  /raven/u/brek/projects/ters/Mg-porphine/mbd-nl/ters/mode_103-3.5A-dist/calc_007/positive_displacement/field_on
Command:   /raven/u/brek/projects/ters/Mg-porphine/mbd-nl/ters/mode_103-3.5A-dist/calc_007/positive_displacement/field_on/run.sbatch
  
  
  
==========================================================================================
Information on jobsteps (Note: MaxRSS/AveRSS is the maximum/average over all 
tasks of the per-task memory high-water marks; cf. "man sacct"): 
==========================================================================================
  
JobID            JobName NNodes NTasks  NCPUS       MaxRSS       AveRSS    Elapsed ExitCode
------------- ---------- ------ ------ ------ ------------ ------------ ---------- --------
22916946      /raven/u/b      8          1152                             00:07:02      0:0
22916946.0    aims.25050      8    576   1152      253.53M      232.09M   00:06:59      0:0
  
Maximum memory per node: 19.140821 GB (defined as MaxRSS*Ntasks/NNodes)
CPU utilization: 90.8 %
  
