Currently Loaded Modulefiles:
 1) intel/2024.0   2) impi/2021.11   3) mkl/2024.0  
 started at: Thu Apr 24 14:48:23 CEST 2025
   hostname: vipc2026

finished at: Thu Apr 24 14:52:00 CEST 2025
                                  
================================= 
Global information about the job: 
================================= 
  
Job owner: brek(84641)
Job name:  /viper/ptmp1/brek/projects/ters/MoS2/pristine/ters-commensurate/calc_002/positive_displacement/field_on
Node list: vipc[2026,2028,2035,2061,2124,2128,2132,2137]
Job start: Thu Apr 24 14:48:21 CEST 2025
Job end:   Thu Apr 24 14:52:00 CEST 2025
Work dir:  /viper/ptmp1/brek/projects/ters/MoS2/pristine/ters-commensurate/calc_002/positive_displacement/field_on
Command:   /viper/ptmp1/brek/projects/ters/MoS2/pristine/ters-commensurate/calc_002/positive_displacement/field_on/run.sbatch
  
  
  
==========================================================================================
Information on jobsteps (Note: MaxRSS/AveRSS is the maximum/average over all 
tasks of the per-task memory high-water marks; cf. "man sacct"): 
==========================================================================================
  
JobID            JobName NNodes NTasks  NCPUS       MaxRSS       AveRSS    Elapsed ExitCode
------------- ---------- ------ ------ ------ ------------ ------------ ---------- --------
1471238       /viper/ptm      8          2048                             00:03:39      0:0
1471238.0     aims.25013      8   1024   2048      171.13M      162.13M   00:03:37      0:0
  
Maximum memory per node: 22.968926 GB (defined as MaxRSS*Ntasks/NNodes)
CPU utilization: 92.7 %
  
