Currently Loaded Modulefiles:
 1) mkl/2021.2(default)   2) intel/19.1.2   3) impi/2019.8  

Key:
(symbolic-version)  
 started at: Thu Nov 20 17:19:31 CET 2025
   hostname: ravc3236

finished at: Thu Nov 20 17:27:15 CET 2025
                                  
================================= 
Global information about the job: 
================================= 
  
Job owner: brek(84641)
Job name:  /raven/u/brek/projects/ters/Mg-porphine/mbd-nl/ters/mode_103-3.5A-dist/calc_003/positive_displacement/field_on
Node list: ravc[3236,3238,3362,3370,3378,3386,3651,3684]
Job start: Thu Nov 20 17:19:18 CET 2025
Job end:   Thu Nov 20 17:27:15 CET 2025
Work dir:  /raven/u/brek/projects/ters/Mg-porphine/mbd-nl/ters/mode_103-3.5A-dist/calc_003/positive_displacement/field_on
Command:   /raven/u/brek/projects/ters/Mg-porphine/mbd-nl/ters/mode_103-3.5A-dist/calc_003/positive_displacement/field_on/run.sbatch
  
  
  
==========================================================================================
Information on jobsteps (Note: MaxRSS/AveRSS is the maximum/average over all 
tasks of the per-task memory high-water marks; cf. "man sacct"): 
==========================================================================================
  
JobID            JobName NNodes NTasks  NCPUS       MaxRSS       AveRSS    Elapsed ExitCode
------------- ---------- ------ ------ ------ ------------ ------------ ---------- --------
22916938      /raven/u/b      8          1152                             00:07:57      0:0
22916938.0    aims.25050      8    576   1152      252.54M      232.69M   00:07:43      0:0
  
Maximum memory per node: 19.066135 GB (defined as MaxRSS*Ntasks/NNodes)
CPU utilization: 92.7 %
  
