Currently Loaded Modulefiles:
 1) intel/2024.0   2) impi/2021.11   3) mkl/2024.0  
 started at: Fri Apr 25 04:27:20 CEST 2025
   hostname: vipc2310

finished at: Fri Apr 25 04:30:43 CEST 2025
                                  
================================= 
Global information about the job: 
================================= 
  
Job owner: brek(84641)
Job name:  /viper/ptmp1/brek/projects/ters/MoS2/pristine/ters-commensurate/calc_049/positive_displacement/field_on
Node list: vipc[2310-2311,2319-2320,2322-2323,2326,2330]
Job start: Fri Apr 25 04:27:18 CEST 2025
Job end:   Fri Apr 25 04:30:43 CEST 2025
Work dir:  /viper/ptmp1/brek/projects/ters/MoS2/pristine/ters-commensurate/calc_049/positive_displacement/field_on
Command:   /viper/ptmp1/brek/projects/ters/MoS2/pristine/ters-commensurate/calc_049/positive_displacement/field_on/run.sbatch
  
  
  
==========================================================================================
Information on jobsteps (Note: MaxRSS/AveRSS is the maximum/average over all 
tasks of the per-task memory high-water marks; cf. "man sacct"): 
==========================================================================================
  
JobID            JobName NNodes NTasks  NCPUS       MaxRSS       AveRSS    Elapsed ExitCode
------------- ---------- ------ ------ ------ ------------ ------------ ---------- --------
1471332       /viper/ptm      8          2048                             00:03:25      0:0
1471332.0     aims.25013      8   1024   2048      171.10M      162.00M   00:03:23      0:0
  
Maximum memory per node: 22.964208 GB (defined as MaxRSS*Ntasks/NNodes)
CPU utilization: 93.7 %
  
