Currently Loaded Modulefiles:
 1) mkl/2021.2(default)   2) intel/19.1.2   3) impi/2019.8  

Key:
(symbolic-version)  
 started at: Thu Nov 20 23:42:12 CET 2025
   hostname: ravc2444

finished at: Thu Nov 20 23:49:48 CET 2025
                                  
================================= 
Global information about the job: 
================================= 
  
Job owner: brek(84641)
Job name:  /raven/u/brek/projects/ters/Mg-porphine/mbd-nl/ters/mode_103-3.5A-dist/calc_113/positive_displacement/field_on
Node list: ravc[2444-2445,2455-2459,2463]
Job start: Thu Nov 20 23:42:03 CET 2025
Job end:   Thu Nov 20 23:49:48 CET 2025
Work dir:  /raven/u/brek/projects/ters/Mg-porphine/mbd-nl/ters/mode_103-3.5A-dist/calc_113/positive_displacement/field_on
Command:   /raven/u/brek/projects/ters/Mg-porphine/mbd-nl/ters/mode_103-3.5A-dist/calc_113/positive_displacement/field_on/run.sbatch
  
  
  
==========================================================================================
Information on jobsteps (Note: MaxRSS/AveRSS is the maximum/average over all 
tasks of the per-task memory high-water marks; cf. "man sacct"): 
==========================================================================================
  
JobID            JobName NNodes NTasks  NCPUS       MaxRSS       AveRSS    Elapsed ExitCode
------------- ---------- ------ ------ ------ ------------ ------------ ---------- --------
22917159      /raven/u/b      8          1152                             00:07:45      0:0
22917159.0    aims.25050      8    576   1152      273.58M      236.11M   00:07:36      0:0
  
Maximum memory per node: 20.654825 GB (defined as MaxRSS*Ntasks/NNodes)
CPU utilization: 95.3 %
  
