Currently Loaded Modulefiles:
 1) mkl/2021.2(default)   2) intel/19.1.2   3) impi/2019.8  

Key:
(symbolic-version)  
 started at: Sun Dec 15 21:59:59 CET 2024
   hostname: ravc2695

finished at: Sun Dec 15 22:00:34 CET 2024
                                  
================================= 
Global information about the job: 
================================= 
  
Job owner: brek(84641)
Job name:  /raven/u/brek/projects/ters/TCNE/ters-isolated/multimode/mode_011/positive_displacement/zero_field
Node list: ravc2695
Job start: Sun Dec 15 21:59:53 CET 2024
Job end:   Sun Dec 15 22:00:34 CET 2024
Work dir:  /raven/u/brek/projects/ters/TCNE/ters-isolated/multimode/mode_011/positive_displacement/zero_field
Command:   /raven/u/brek/projects/ters/TCNE/ters-isolated/multimode/mode_011/positive_displacement/zero_field/run.sbatch
  
  
  
==========================================================================================
Information on jobsteps (Note: MaxRSS/AveRSS is the maximum/average over all 
tasks of the per-task memory high-water marks; cf. "man sacct"): 
==========================================================================================
  
JobID            JobName NNodes NTasks  NCPUS       MaxRSS       AveRSS    Elapsed ExitCode
------------- ---------- ------ ------ ------ ------------ ------------ ---------- --------
14230278      /raven/u/b      1           144                             00:00:41      0:0
14230278.0    aims.24060      1     72    144      120.46M      109.90M   00:00:35      0:0
  
Maximum memory per node: 9.094570 GB (defined as MaxRSS*Ntasks/NNodes)
CPU utilization: 58.5 %
  
