Currently Loaded Modulefiles:
 1) mkl/2021.2(default)   2) intel/19.1.2   3) impi/2019.8  

Key:
(symbolic-version)  
 started at: Sun Dec 15 21:57:49 CET 2024
   hostname: ravl1067

finished at: Sun Dec 15 21:58:24 CET 2024
                                  
================================= 
Global information about the job: 
================================= 
  
Job owner: brek(84641)
Job name:  /raven/u/brek/projects/ters/TCNE/ters-isolated/multimode/mode_008/positive_displacement/zero_field
Node list: ravl1067
Job start: Sun Dec 15 21:57:45 CET 2024
Job end:   Sun Dec 15 21:58:24 CET 2024
Work dir:  /raven/u/brek/projects/ters/TCNE/ters-isolated/multimode/mode_008/positive_displacement/zero_field
Command:   /raven/u/brek/projects/ters/TCNE/ters-isolated/multimode/mode_008/positive_displacement/zero_field/run.sbatch
  
  
  
==========================================================================================
Information on jobsteps (Note: MaxRSS/AveRSS is the maximum/average over all 
tasks of the per-task memory high-water marks; cf. "man sacct"): 
==========================================================================================
  
JobID            JobName NNodes NTasks  NCPUS       MaxRSS       AveRSS    Elapsed ExitCode
------------- ---------- ------ ------ ------ ------------ ------------ ---------- --------
14230266      /raven/u/b      1           144                             00:00:39      0:0
14230266.0    aims.24060      1     72    144      121.78M      110.45M   00:00:34      0:0
  
Maximum memory per node: 9.194103 GB (defined as MaxRSS*Ntasks/NNodes)
CPU utilization: 66.7 %
  
