Currently Loaded Modulefiles:
 1) mkl/2021.2(default)   2) intel/19.1.2   3) impi/2019.8  

Key:
(symbolic-version)  
 started at: Thu Nov 20 22:42:25 CET 2025
   hostname: ravl1020

finished at: Thu Nov 20 22:49:37 CET 2025
                                  
================================= 
Global information about the job: 
================================= 
  
Job owner: brek(84641)
Job name:  /raven/u/brek/projects/ters/Mg-porphine/mbd-nl/ters/mode_103-3.5A-dist/calc_085/positive_displacement/field_on
Node list: ravl[1020-1022,1027-1029,1033-1034]
Job start: Thu Nov 20 22:42:13 CET 2025
Job end:   Thu Nov 20 22:49:37 CET 2025
Work dir:  /raven/u/brek/projects/ters/Mg-porphine/mbd-nl/ters/mode_103-3.5A-dist/calc_085/positive_displacement/field_on
Command:   /raven/u/brek/projects/ters/Mg-porphine/mbd-nl/ters/mode_103-3.5A-dist/calc_085/positive_displacement/field_on/run.sbatch
  
  
  
==========================================================================================
Information on jobsteps (Note: MaxRSS/AveRSS is the maximum/average over all 
tasks of the per-task memory high-water marks; cf. "man sacct"): 
==========================================================================================
  
JobID            JobName NNodes NTasks  NCPUS       MaxRSS       AveRSS    Elapsed ExitCode
------------- ---------- ------ ------ ------ ------------ ------------ ---------- --------
22917103      /raven/u/b      8          1152                             00:07:24      0:0
22917103.0    aims.25050      8    576   1152      258.22M      232.22M   00:07:12      0:0
  
Maximum memory per node: 19.495158 GB (defined as MaxRSS*Ntasks/NNodes)
CPU utilization: 93.0 %
  
