Currently Loaded Modulefiles:
 1) mkl/2021.2(default)   2) intel/19.1.2   3) impi/2019.8  

Key:
(symbolic-version)  
 started at: Thu Nov 20 19:31:29 CET 2025
   hostname: ravc2450

finished at: Thu Nov 20 19:40:07 CET 2025
                                  
================================= 
Global information about the job: 
================================= 
  
Job owner: brek(84641)
Job name:  /raven/u/brek/projects/ters/Mg-porphine/mbd-nl/ters/mode_103-3.5A-dist/calc_012/positive_displacement/field_on
Node list: ravc[2450,2453,2460-2461,2536,2540-2541,2543]
Job start: Thu Nov 20 19:31:16 CET 2025
Job end:   Thu Nov 20 19:40:09 CET 2025
Work dir:  /raven/u/brek/projects/ters/Mg-porphine/mbd-nl/ters/mode_103-3.5A-dist/calc_012/positive_displacement/field_on
Command:   /raven/u/brek/projects/ters/Mg-porphine/mbd-nl/ters/mode_103-3.5A-dist/calc_012/positive_displacement/field_on/run.sbatch
  
  
  
==========================================================================================
Information on jobsteps (Note: MaxRSS/AveRSS is the maximum/average over all 
tasks of the per-task memory high-water marks; cf. "man sacct"): 
==========================================================================================
  
JobID            JobName NNodes NTasks  NCPUS       MaxRSS       AveRSS    Elapsed ExitCode
------------- ---------- ------ ------ ------ ------------ ------------ ---------- --------
22916956      /raven/u/b      8          1152                             00:08:53      0:0
22916956.0    aims.25050      8    576   1152      260.76M      233.81M   00:08:40      0:0
  
Maximum memory per node: 19.686924 GB (defined as MaxRSS*Ntasks/NNodes)
CPU utilization: 94.4 %
  
