Currently Loaded Modulefiles:
 1) mkl/2021.2(default)   2) intel/19.1.2   3) impi/2019.8  

Key:
(symbolic-version)  
 started at: Thu Nov 20 20:31:49 CET 2025
   hostname: ravc3251

finished at: Thu Nov 20 20:40:27 CET 2025
                                  
================================= 
Global information about the job: 
================================= 
  
Job owner: brek(84641)
Job name:  /raven/u/brek/projects/ters/Mg-porphine/mbd-nl/ters/mode_103-3.5A-dist/calc_031/positive_displacement/field_on
Node list: ravc[3251,3335,3381,3578,3585,3603,3613,3616]
Job start: Thu Nov 20 20:31:40 CET 2025
Job end:   Thu Nov 20 20:40:27 CET 2025
Work dir:  /raven/u/brek/projects/ters/Mg-porphine/mbd-nl/ters/mode_103-3.5A-dist/calc_031/positive_displacement/field_on
Command:   /raven/u/brek/projects/ters/Mg-porphine/mbd-nl/ters/mode_103-3.5A-dist/calc_031/positive_displacement/field_on/run.sbatch
  
  
  
==========================================================================================
Information on jobsteps (Note: MaxRSS/AveRSS is the maximum/average over all 
tasks of the per-task memory high-water marks; cf. "man sacct"): 
==========================================================================================
  
JobID            JobName NNodes NTasks  NCPUS       MaxRSS       AveRSS    Elapsed ExitCode
------------- ---------- ------ ------ ------ ------------ ------------ ---------- --------
22916994      /raven/u/b      8          1152                             00:08:47      0:0
22916994.0    aims.25050      8    576   1152      256.76M      233.47M   00:08:37      0:0
  
Maximum memory per node: 19.384713 GB (defined as MaxRSS*Ntasks/NNodes)
CPU utilization: 95.4 %
  
