Currently Loaded Modulefiles:
 1) mkl/2021.2(default)   2) intel/19.1.2   3) impi/2019.8  

Key:
(symbolic-version)  
 started at: Fri Nov 21 00:33:14 CET 2025
   hostname: ravc3113

finished at: Fri Nov 21 00:39:40 CET 2025
                                  
================================= 
Global information about the job: 
================================= 
  
Job owner: brek(84641)
Job name:  /raven/u/brek/projects/ters/Mg-porphine/mbd-nl/ters/mode_103-3.5A-dist/calc_129/positive_displacement/field_on
Node list: ravc[3113-3118,3123-3124]
Job start: Fri Nov 21 00:33:10 CET 2025
Job end:   Fri Nov 21 00:39:40 CET 2025
Work dir:  /raven/u/brek/projects/ters/Mg-porphine/mbd-nl/ters/mode_103-3.5A-dist/calc_129/positive_displacement/field_on
Command:   /raven/u/brek/projects/ters/Mg-porphine/mbd-nl/ters/mode_103-3.5A-dist/calc_129/positive_displacement/field_on/run.sbatch
  
  
  
==========================================================================================
Information on jobsteps (Note: MaxRSS/AveRSS is the maximum/average over all 
tasks of the per-task memory high-water marks; cf. "man sacct"): 
==========================================================================================
  
JobID            JobName NNodes NTasks  NCPUS       MaxRSS       AveRSS    Elapsed ExitCode
------------- ---------- ------ ------ ------ ------------ ------------ ---------- --------
22917191      /raven/u/b      8          1152                             00:06:30      0:0
22917191.0    aims.25050      8    576   1152      251.95M      232.35M   00:06:26      0:0
  
Maximum memory per node: 19.021824 GB (defined as MaxRSS*Ntasks/NNodes)
CPU utilization: 90.5 %
  
