Currently Loaded Modulefiles:
 1) mkl/2021.2(default)   2) intel/19.1.2   3) impi/2019.8  

Key:
(symbolic-version)  
 started at: Thu Nov 20 19:05:04 CET 2025
   hostname: ravc3064

finished at: Thu Nov 20 19:13:01 CET 2025
                                  
================================= 
Global information about the job: 
================================= 
  
Job owner: brek(84641)
Job name:  /raven/u/brek/projects/ters/Mg-porphine/mbd-nl/ters/mode_103-3.5A-dist/calc_010/negative_displacement/field_on
Node list: ravc[3064,3106-3107,3349-3353]
Job start: Thu Nov 20 19:04:57 CET 2025
Job end:   Thu Nov 20 19:13:01 CET 2025
Work dir:  /raven/u/brek/projects/ters/Mg-porphine/mbd-nl/ters/mode_103-3.5A-dist/calc_010/negative_displacement/field_on
Command:   /raven/u/brek/projects/ters/Mg-porphine/mbd-nl/ters/mode_103-3.5A-dist/calc_010/negative_displacement/field_on/run.sbatch
  
  
  
==========================================================================================
Information on jobsteps (Note: MaxRSS/AveRSS is the maximum/average over all 
tasks of the per-task memory high-water marks; cf. "man sacct"): 
==========================================================================================
  
JobID            JobName NNodes NTasks  NCPUS       MaxRSS       AveRSS    Elapsed ExitCode
------------- ---------- ------ ------ ------ ------------ ------------ ---------- --------
22916953      /raven/u/b      8          1152                             00:08:04      0:0
22916953.0    aims.25050      8    576   1152      256.00M      232.64M   00:07:56      0:0
  
Maximum memory per node: 19.327279 GB (defined as MaxRSS*Ntasks/NNodes)
CPU utilization: 91.5 %
  
