Currently Loaded Modulefiles:
 1) mkl/2021.2(default)   2) intel/19.1.2   3) impi/2019.8  

Key:
(symbolic-version)  
 started at: Thu Nov 20 23:22:49 CET 2025
   hostname: ravc4012

finished at: Thu Nov 20 23:29:27 CET 2025
                                  
================================= 
Global information about the job: 
================================= 
  
Job owner: brek(84641)
Job name:  /raven/u/brek/projects/ters/Mg-porphine/mbd-nl/ters/mode_103-3.5A-dist/calc_102/negative_displacement/field_on
Node list: ravc[4012,4026,4031,4037-4038,4040-4041,4063]
Job start: Thu Nov 20 23:22:41 CET 2025
Job end:   Thu Nov 20 23:29:27 CET 2025
Work dir:  /raven/u/brek/projects/ters/Mg-porphine/mbd-nl/ters/mode_103-3.5A-dist/calc_102/negative_displacement/field_on
Command:   /raven/u/brek/projects/ters/Mg-porphine/mbd-nl/ters/mode_103-3.5A-dist/calc_102/negative_displacement/field_on/run.sbatch
  
  
  
==========================================================================================
Information on jobsteps (Note: MaxRSS/AveRSS is the maximum/average over all 
tasks of the per-task memory high-water marks; cf. "man sacct"): 
==========================================================================================
  
JobID            JobName NNodes NTasks  NCPUS       MaxRSS       AveRSS    Elapsed ExitCode
------------- ---------- ------ ------ ------ ------------ ------------ ---------- --------
22917138      /raven/u/b      8          1152                             00:06:46      0:0
22917138.0    aims.25050      8    576   1152      259.02M      232.91M   00:06:38      0:0
  
Maximum memory per node: 19.555467 GB (defined as MaxRSS*Ntasks/NNodes)
CPU utilization: 94.3 %
  
