Currently Loaded Modulefiles:
 1) intel/2024.0   2) impi/2021.11   3) mkl/2024.0  
 started at: Thu Apr 24 14:30:55 CEST 2025
   hostname: vipc2026

finished at: Thu Apr 24 14:34:39 CEST 2025
                                  
================================= 
Global information about the job: 
================================= 
  
Job owner: brek(84641)
Job name:  /viper/ptmp1/brek/projects/ters/MoS2/pristine/ters-commensurate/calc_000/positive_displacement/field_on
Node list: vipc[2026,2028,2035,2124,2128,2132,2137,2380]
Job start: Thu Apr 24 14:30:53 CEST 2025
Job end:   Thu Apr 24 14:34:39 CEST 2025
Work dir:  /viper/ptmp1/brek/projects/ters/MoS2/pristine/ters-commensurate/calc_000/positive_displacement/field_on
Command:   /viper/ptmp1/brek/projects/ters/MoS2/pristine/ters-commensurate/calc_000/positive_displacement/field_on/run.sbatch
  
  
  
==========================================================================================
Information on jobsteps (Note: MaxRSS/AveRSS is the maximum/average over all 
tasks of the per-task memory high-water marks; cf. "man sacct"): 
==========================================================================================
  
JobID            JobName NNodes NTasks  NCPUS       MaxRSS       AveRSS    Elapsed ExitCode
------------- ---------- ------ ------ ------ ------------ ------------ ---------- --------
1471234       /viper/ptm      8          2048                             00:03:46      0:0
1471234.0     aims.25013      8   1024   2048      170.70M      161.89M   00:03:44      0:0
  
Maximum memory per node: 22.910337 GB (defined as MaxRSS*Ntasks/NNodes)
CPU utilization: 93.4 %
  
