Currently Loaded Modulefiles:
 1) mkl/2021.2(default)   2) intel/19.1.2   3) impi/2019.8  

Key:
(symbolic-version)  
 started at: Fri Nov 22 19:02:09 CET 2024
   hostname: ravc3362

finished at: Fri Nov 22 19:02:20 CET 2024
                                  
================================= 
Global information about the job: 
================================= 
  
Job owner: brek(84641)
Job name:  /raven/u/brek/projects/ters/Mg-porphine/gas-phase/ters/mode_110-test-pbc-surfhessian/no_nearfield/negative_displacement/zero_field
Node list: ravc3362
Job start: Fri Nov 22 19:02:04 CET 2024
Job end:   Fri Nov 22 19:02:20 CET 2024
Work dir:  /raven/u/brek/projects/ters/Mg-porphine/gas-phase/ters/mode_110-test-pbc-surfhessian/no_nearfield/negative_displacement/zero_field
Command:   /raven/u/brek/projects/ters/Mg-porphine/gas-phase/ters/mode_110-test-pbc-surfhessian/no_nearfield/negative_displacement/zero_field/run.sbatch
  
  
  
==========================================================================================
Information on jobsteps (Note: MaxRSS/AveRSS is the maximum/average over all 
tasks of the per-task memory high-water marks; cf. "man sacct"): 
==========================================================================================
  
JobID            JobName NNodes NTasks  NCPUS       MaxRSS       AveRSS    Elapsed ExitCode
------------- ---------- ------ ------ ------ ------------ ------------ ---------- --------
13782387      /raven/u/b      1           144                             00:00:16      0:0
13782387.0    aims.24060      1     72    144        0.27M        0.23M   00:00:10      0:0
  
Maximum memory per node: 0.020423 GB (defined as MaxRSS*Ntasks/NNodes)
CPU utilization: 0.0 %
  
