Currently Loaded Modulefiles:
 1) mkl/2021.2(default)   2) intel/19.1.2   3) impi/2019.8  

Key:
(symbolic-version)  
 started at: Thu Nov 20 16:24:39 CET 2025
   hostname: ravc3149

finished at: Thu Nov 20 16:36:03 CET 2025
                                  
================================= 
Global information about the job: 
================================= 
  
Job owner: brek(84641)
Job name:  /raven/u/brek/projects/ters/Mg-porphine/mbd-nl/ters/mode_103-3.5A-dist/calc_000/positive_displacement/field_on
Node list: ravc[3149-3151,3156-3158,3525,3531]
Job start: Thu Nov 20 16:24:26 CET 2025
Job end:   Thu Nov 20 16:36:05 CET 2025
Work dir:  /raven/u/brek/projects/ters/Mg-porphine/mbd-nl/ters/mode_103-3.5A-dist/calc_000/positive_displacement/field_on
Command:   /raven/u/brek/projects/ters/Mg-porphine/mbd-nl/ters/mode_103-3.5A-dist/calc_000/positive_displacement/field_on/run.sbatch
  
  
  
==========================================================================================
Information on jobsteps (Note: MaxRSS/AveRSS is the maximum/average over all 
tasks of the per-task memory high-water marks; cf. "man sacct"): 
==========================================================================================
  
JobID            JobName NNodes NTasks  NCPUS       MaxRSS       AveRSS    Elapsed ExitCode
------------- ---------- ------ ------ ------ ------------ ------------ ---------- --------
22916932      /raven/u/b      8          1152                             00:11:39      0:0
22916932.0    aims.25050      8    576   1152      260.98M      232.87M   00:11:24      0:0
  
Maximum memory per node: 19.703144 GB (defined as MaxRSS*Ntasks/NNodes)
CPU utilization: 93.4 %
  
