Currently Loaded Modulefiles:
 1) mkl/2021.2(default)   2) intel/19.1.2   3) impi/2019.8  

Key:
(symbolic-version)  
 started at: Thu Nov 20 18:14:41 CET 2025
   hostname: ravc3095

finished at: Thu Nov 20 18:22:33 CET 2025
                                  
================================= 
Global information about the job: 
================================= 
  
Job owner: brek(84641)
Job name:  /raven/u/brek/projects/ters/Mg-porphine/mbd-nl/ters/mode_103-3.5A-dist/calc_004/positive_displacement/field_on
Node list: ravc[3095-3098,3104,3108,3153,3181]
Job start: Thu Nov 20 18:14:29 CET 2025
Job end:   Thu Nov 20 18:22:34 CET 2025
Work dir:  /raven/u/brek/projects/ters/Mg-porphine/mbd-nl/ters/mode_103-3.5A-dist/calc_004/positive_displacement/field_on
Command:   /raven/u/brek/projects/ters/Mg-porphine/mbd-nl/ters/mode_103-3.5A-dist/calc_004/positive_displacement/field_on/run.sbatch
  
  
  
==========================================================================================
Information on jobsteps (Note: MaxRSS/AveRSS is the maximum/average over all 
tasks of the per-task memory high-water marks; cf. "man sacct"): 
==========================================================================================
  
JobID            JobName NNodes NTasks  NCPUS       MaxRSS       AveRSS    Elapsed ExitCode
------------- ---------- ------ ------ ------ ------------ ------------ ---------- --------
22916940      /raven/u/b      8          1152                             00:08:05      0:0
22916940.0    aims.25050      8    576   1152      255.03M      232.65M   00:07:52      0:0
  
Maximum memory per node: 19.253920 GB (defined as MaxRSS*Ntasks/NNodes)
CPU utilization: 91.1 %
  
