Currently Loaded Modulefiles:
 1) mkl/2021.2(default)   2) intel/19.1.2   3) impi/2019.8  

Key:
(symbolic-version)  
 started at: Thu Nov 20 20:39:57 CET 2025
   hostname: ravc3079

finished at: Thu Nov 20 20:48:39 CET 2025
                                  
================================= 
Global information about the job: 
================================= 
  
Job owner: brek(84641)
Job name:  /raven/u/brek/projects/ters/Mg-porphine/mbd-nl/ters/mode_103-3.5A-dist/calc_034/positive_displacement/field_on
Node list: ravc[3079,3085,3099,3101-3102,3105-3106,3109]
Job start: Thu Nov 20 20:39:49 CET 2025
Job end:   Thu Nov 20 20:48:39 CET 2025
Work dir:  /raven/u/brek/projects/ters/Mg-porphine/mbd-nl/ters/mode_103-3.5A-dist/calc_034/positive_displacement/field_on
Command:   /raven/u/brek/projects/ters/Mg-porphine/mbd-nl/ters/mode_103-3.5A-dist/calc_034/positive_displacement/field_on/run.sbatch
  
  
  
==========================================================================================
Information on jobsteps (Note: MaxRSS/AveRSS is the maximum/average over all 
tasks of the per-task memory high-water marks; cf. "man sacct"): 
==========================================================================================
  
JobID            JobName NNodes NTasks  NCPUS       MaxRSS       AveRSS    Elapsed ExitCode
------------- ---------- ------ ------ ------ ------------ ------------ ---------- --------
22917000      /raven/u/b      8          1152                             00:08:50      0:0
22917000.0    aims.25050      8    576   1152      255.77M      232.51M   00:08:42      0:0
  
Maximum memory per node: 19.309806 GB (defined as MaxRSS*Ntasks/NNodes)
CPU utilization: 94.7 %
  
