Currently Loaded Modulefiles:
 1) mkl/2021.2(default)   2) intel/19.1.2   3) impi/2019.8  

Key:
(symbolic-version)  
 started at: Thu Nov 20 22:08:04 CET 2025
   hostname: ravc2627

finished at: Thu Nov 20 22:15:28 CET 2025
                                  
================================= 
Global information about the job: 
================================= 
  
Job owner: brek(84641)
Job name:  /raven/u/brek/projects/ters/Mg-porphine/mbd-nl/ters/mode_103-3.5A-dist/calc_069/negative_displacement/field_on
Node list: ravc[2627-2631,2634,2643,2648]
Job start: Thu Nov 20 22:08:01 CET 2025
Job end:   Thu Nov 20 22:15:28 CET 2025
Work dir:  /raven/u/brek/projects/ters/Mg-porphine/mbd-nl/ters/mode_103-3.5A-dist/calc_069/negative_displacement/field_on
Command:   /raven/u/brek/projects/ters/Mg-porphine/mbd-nl/ters/mode_103-3.5A-dist/calc_069/negative_displacement/field_on/run.sbatch
  
  
  
==========================================================================================
Information on jobsteps (Note: MaxRSS/AveRSS is the maximum/average over all 
tasks of the per-task memory high-water marks; cf. "man sacct"): 
==========================================================================================
  
JobID            JobName NNodes NTasks  NCPUS       MaxRSS       AveRSS    Elapsed ExitCode
------------- ---------- ------ ------ ------ ------------ ------------ ---------- --------
22917072      /raven/u/b      8          1152                             00:07:27      0:0
22917072.0    aims.25050      8    576   1152      252.86M      232.40M   00:07:24      0:0
  
Maximum memory per node: 19.090612 GB (defined as MaxRSS*Ntasks/NNodes)
CPU utilization: 92.4 %
  
