Currently Loaded Modulefiles:
 1) mkl/2021.2(default)   2) intel/19.1.2   3) impi/2019.8  

Key:
(symbolic-version)  
 started at: Thu Nov 20 20:54:19 CET 2025
   hostname: ravc2313

finished at: Thu Nov 20 21:01:11 CET 2025
                                  
================================= 
Global information about the job: 
================================= 
  
Job owner: brek(84641)
Job name:  /raven/u/brek/projects/ters/Mg-porphine/mbd-nl/ters/mode_103-3.5A-dist/calc_040/negative_displacement/field_on
Node list: ravc[2313,2324,2577-2582]
Job start: Thu Nov 20 20:54:13 CET 2025
Job end:   Thu Nov 20 21:01:11 CET 2025
Work dir:  /raven/u/brek/projects/ters/Mg-porphine/mbd-nl/ters/mode_103-3.5A-dist/calc_040/negative_displacement/field_on
Command:   /raven/u/brek/projects/ters/Mg-porphine/mbd-nl/ters/mode_103-3.5A-dist/calc_040/negative_displacement/field_on/run.sbatch
  
  
  
==========================================================================================
Information on jobsteps (Note: MaxRSS/AveRSS is the maximum/average over all 
tasks of the per-task memory high-water marks; cf. "man sacct"): 
==========================================================================================
  
JobID            JobName NNodes NTasks  NCPUS       MaxRSS       AveRSS    Elapsed ExitCode
------------- ---------- ------ ------ ------ ------------ ------------ ---------- --------
22917013      /raven/u/b      8          1152                             00:06:58      0:0
22917013.0    aims.25050      8    576   1152      252.96M      231.97M   00:06:52      0:0
  
Maximum memory per node: 19.097616 GB (defined as MaxRSS*Ntasks/NNodes)
CPU utilization: 91.6 %
  
