Currently Loaded Modulefiles:
 1) intel/2024.0   2) impi/2021.11   3) mkl/2024.0  
 started at: Fri Apr 25 00:09:13 CEST 2025
   hostname: vipc2197

finished at: Fri Apr 25 00:12:49 CEST 2025
                                  
================================= 
Global information about the job: 
================================= 
  
Job owner: brek(84641)
Job name:  /viper/ptmp1/brek/projects/ters/MoS2/pristine/ters-commensurate/calc_025/negative_displacement/field_on
Node list: vipc[2197,2202,2388,2391-2392,2394-2395,2410]
Job start: Fri Apr 25 00:09:11 CEST 2025
Job end:   Fri Apr 25 00:12:49 CEST 2025
Work dir:  /viper/ptmp1/brek/projects/ters/MoS2/pristine/ters-commensurate/calc_025/negative_displacement/field_on
Command:   /viper/ptmp1/brek/projects/ters/MoS2/pristine/ters-commensurate/calc_025/negative_displacement/field_on/run.sbatch
  
  
  
==========================================================================================
Information on jobsteps (Note: MaxRSS/AveRSS is the maximum/average over all 
tasks of the per-task memory high-water marks; cf. "man sacct"): 
==========================================================================================
  
JobID            JobName NNodes NTasks  NCPUS       MaxRSS       AveRSS    Elapsed ExitCode
------------- ---------- ------ ------ ------ ------------ ------------ ---------- --------
1471285       /viper/ptm      8          2048                             00:03:38      0:0
1471285.0     aims.25013      8   1024   2048      171.73M      162.57M   00:03:36      0:0
  
Maximum memory per node: 23.048749 GB (defined as MaxRSS*Ntasks/NNodes)
CPU utilization: 92.2 %
  
