Currently Loaded Modulefiles:
 1) mkl/2021.2(default)   2) intel/19.1.2   3) impi/2019.8  

Key:
(symbolic-version)  
 started at: Thu Nov 20 22:48:00 CET 2025
   hostname: ravc2627

finished at: Thu Nov 20 22:57:11 CET 2025
                                  
================================= 
Global information about the job: 
================================= 
  
Job owner: brek(84641)
Job name:  /raven/u/brek/projects/ters/Mg-porphine/mbd-nl/ters/mode_103-3.5A-dist/calc_086/negative_displacement/field_on
Node list: ravc[2627-2631,2634,2643,2648]
Job start: Thu Nov 20 22:47:57 CET 2025
Job end:   Thu Nov 20 22:57:11 CET 2025
Work dir:  /raven/u/brek/projects/ters/Mg-porphine/mbd-nl/ters/mode_103-3.5A-dist/calc_086/negative_displacement/field_on
Command:   /raven/u/brek/projects/ters/Mg-porphine/mbd-nl/ters/mode_103-3.5A-dist/calc_086/negative_displacement/field_on/run.sbatch
  
  
  
==========================================================================================
Information on jobsteps (Note: MaxRSS/AveRSS is the maximum/average over all 
tasks of the per-task memory high-water marks; cf. "man sacct"): 
==========================================================================================
  
JobID            JobName NNodes NTasks  NCPUS       MaxRSS       AveRSS    Elapsed ExitCode
------------- ---------- ------ ------ ------ ------------ ------------ ---------- --------
22917106      /raven/u/b      8          1152                             00:09:14      0:0
22917106.0    aims.25050      8    576   1152      259.35M      232.85M   00:09:11      0:0
  
Maximum memory per node: 19.580535 GB (defined as MaxRSS*Ntasks/NNodes)
CPU utilization: 95.7 %
  
