Currently Loaded Modulefiles:
 1) mkl/2021.2(default)   2) intel/19.1.2   3) impi/2019.8  

Key:
(symbolic-version)  
 started at: Fri Nov 21 00:55:13 CET 2025
   hostname: ravc3481

finished at: Fri Nov 21 01:01:35 CET 2025
                                  
================================= 
Global information about the job: 
================================= 
  
Job owner: brek(84641)
Job name:  /raven/u/brek/projects/ters/Mg-porphine/mbd-nl/ters/mode_103-3.5A-dist/calc_138/positive_displacement/field_on
Node list: ravc[3481-3482,3530,3532-3533,3542,3544,3641]
Job start: Fri Nov 21 00:55:09 CET 2025
Job end:   Fri Nov 21 01:01:35 CET 2025
Work dir:  /raven/u/brek/projects/ters/Mg-porphine/mbd-nl/ters/mode_103-3.5A-dist/calc_138/positive_displacement/field_on
Command:   /raven/u/brek/projects/ters/Mg-porphine/mbd-nl/ters/mode_103-3.5A-dist/calc_138/positive_displacement/field_on/run.sbatch
  
  
  
==========================================================================================
Information on jobsteps (Note: MaxRSS/AveRSS is the maximum/average over all 
tasks of the per-task memory high-water marks; cf. "man sacct"): 
==========================================================================================
  
JobID            JobName NNodes NTasks  NCPUS       MaxRSS       AveRSS    Elapsed ExitCode
------------- ---------- ------ ------ ------ ------------ ------------ ---------- --------
22917209      /raven/u/b      8          1152                             00:06:26      0:0
22917209.0    aims.25050      8    576   1152      252.77M      232.08M   00:06:21      0:0
  
Maximum memory per node: 19.083166 GB (defined as MaxRSS*Ntasks/NNodes)
CPU utilization: 91.5 %
  
