Currently Loaded Modulefiles:
 1) intel/2024.0   2) impi/2021.11   3) mkl/2024.0  
 started at: Fri Apr 25 03:26:56 CEST 2025
   hostname: vipc2021

finished at: Fri Apr 25 03:30:38 CEST 2025
                                  
================================= 
Global information about the job: 
================================= 
  
Job owner: brek(84641)
Job name:  /viper/ptmp1/brek/projects/ters/MoS2/pristine/ters-commensurate/calc_037/positive_displacement/field_on
Node list: vipc[2021,2045-2048,2198,2201,2231]
Job start: Fri Apr 25 03:26:53 CEST 2025
Job end:   Fri Apr 25 03:30:38 CEST 2025
Work dir:  /viper/ptmp1/brek/projects/ters/MoS2/pristine/ters-commensurate/calc_037/positive_displacement/field_on
Command:   /viper/ptmp1/brek/projects/ters/MoS2/pristine/ters-commensurate/calc_037/positive_displacement/field_on/run.sbatch
  
  
  
==========================================================================================
Information on jobsteps (Note: MaxRSS/AveRSS is the maximum/average over all 
tasks of the per-task memory high-water marks; cf. "man sacct"): 
==========================================================================================
  
JobID            JobName NNodes NTasks  NCPUS       MaxRSS       AveRSS    Elapsed ExitCode
------------- ---------- ------ ------ ------ ------------ ------------ ---------- --------
1471308       /viper/ptm      8          2048                             00:03:45      0:0
1471308.0     aims.25013      8   1024   2048      173.06M      162.84M   00:03:42      0:0
  
Maximum memory per node: 23.228318 GB (defined as MaxRSS*Ntasks/NNodes)
CPU utilization: 94.2 %
  
