Currently Loaded Modulefiles:
 1) mkl/2021.2(default)   2) intel/19.1.2   3) impi/2019.8  

Key:
(symbolic-version)  
 started at: Thu Nov 20 23:54:59 CET 2025
   hostname: ravc3507

finished at: Fri Nov 21 00:02:16 CET 2025
                                  
================================= 
Global information about the job: 
================================= 
  
Job owner: brek(84641)
Job name:  /raven/u/brek/projects/ters/Mg-porphine/mbd-nl/ters/mode_103-3.5A-dist/calc_118/negative_displacement/field_on
Node list: ravc[3507,3509,3512,3519-3521,3524,3526]
Job start: Thu Nov 20 23:54:56 CET 2025
Job end:   Fri Nov 21 00:02:18 CET 2025
Work dir:  /raven/u/brek/projects/ters/Mg-porphine/mbd-nl/ters/mode_103-3.5A-dist/calc_118/negative_displacement/field_on
Command:   /raven/u/brek/projects/ters/Mg-porphine/mbd-nl/ters/mode_103-3.5A-dist/calc_118/negative_displacement/field_on/run.sbatch
  
  
  
==========================================================================================
Information on jobsteps (Note: MaxRSS/AveRSS is the maximum/average over all 
tasks of the per-task memory high-water marks; cf. "man sacct"): 
==========================================================================================
  
JobID            JobName NNodes NTasks  NCPUS       MaxRSS       AveRSS    Elapsed ExitCode
------------- ---------- ------ ------ ------ ------------ ------------ ---------- --------
22917170      /raven/u/b      8          1152                             00:07:22      0:0
22917170.0    aims.25050      8    576   1152      253.65M      232.42M   00:07:19      0:0
  
Maximum memory per node: 19.150111 GB (defined as MaxRSS*Ntasks/NNodes)
CPU utilization: 93.4 %
  
