Currently Loaded Modulefiles:
 1) intel/2024.0   2) impi/2021.11   3) mkl/2024.0  
 started at: Thu Apr 24 16:53:45 CEST 2025
   hostname: vipc2132

finished at: Thu Apr 24 16:57:27 CEST 2025
                                  
================================= 
Global information about the job: 
================================= 
  
Job owner: brek(84641)
Job name:  /viper/ptmp1/brek/projects/ters/MoS2/pristine/ters-commensurate/calc_008/negative_displacement/field_on
Node list: vipc[2132-2134,2172-2174,2389,2399]
Job start: Thu Apr 24 16:53:43 CEST 2025
Job end:   Thu Apr 24 16:57:27 CEST 2025
Work dir:  /viper/ptmp1/brek/projects/ters/MoS2/pristine/ters-commensurate/calc_008/negative_displacement/field_on
Command:   /viper/ptmp1/brek/projects/ters/MoS2/pristine/ters-commensurate/calc_008/negative_displacement/field_on/run.sbatch
  
  
  
==========================================================================================
Information on jobsteps (Note: MaxRSS/AveRSS is the maximum/average over all 
tasks of the per-task memory high-water marks; cf. "man sacct"): 
==========================================================================================
  
JobID            JobName NNodes NTasks  NCPUS       MaxRSS       AveRSS    Elapsed ExitCode
------------- ---------- ------ ------ ------ ------------ ------------ ---------- --------
1471251       /viper/ptm      8          2048                             00:03:44      0:0
1471251.0     aims.25013      8   1024   2048      174.27M      165.55M   00:03:42      0:0
  
Maximum memory per node: 23.389667 GB (defined as MaxRSS*Ntasks/NNodes)
CPU utilization: 94.6 %
  
