Currently Loaded Modulefiles:
 1) mkl/2021.2(default)   2) intel/19.1.2   3) impi/2019.8  

Key:
(symbolic-version)  
 started at: Fri Nov 21 00:36:20 CET 2025
   hostname: ravl1022

finished at: Fri Nov 21 00:43:40 CET 2025
                                  
================================= 
Global information about the job: 
================================= 
  
Job owner: brek(84641)
Job name:  /raven/u/brek/projects/ters/Mg-porphine/mbd-nl/ters/mode_103-3.5A-dist/calc_130/negative_displacement/field_on
Node list: ravl[1022-1029]
Job start: Fri Nov 21 00:36:13 CET 2025
Job end:   Fri Nov 21 00:43:40 CET 2025
Work dir:  /raven/u/brek/projects/ters/Mg-porphine/mbd-nl/ters/mode_103-3.5A-dist/calc_130/negative_displacement/field_on
Command:   /raven/u/brek/projects/ters/Mg-porphine/mbd-nl/ters/mode_103-3.5A-dist/calc_130/negative_displacement/field_on/run.sbatch
  
  
  
==========================================================================================
Information on jobsteps (Note: MaxRSS/AveRSS is the maximum/average over all 
tasks of the per-task memory high-water marks; cf. "man sacct"): 
==========================================================================================
  
JobID            JobName NNodes NTasks  NCPUS       MaxRSS       AveRSS    Elapsed ExitCode
------------- ---------- ------ ------ ------ ------------ ------------ ---------- --------
22917194      /raven/u/b      8          1152                             00:07:27      0:0
22917194.0    aims.25050      8    576   1152      255.15M      232.48M   00:07:20      0:0
  
Maximum memory per node: 19.263431 GB (defined as MaxRSS*Ntasks/NNodes)
CPU utilization: 92.4 %
  
