Currently Loaded Modulefiles:
 1) intel/2024.0   2) impi/2021.11   3) mkl/2024.0  
 started at: Thu Apr 24 23:03:48 CEST 2025
   hostname: vipc2140

finished at: Thu Apr 24 23:07:27 CEST 2025
                                  
================================= 
Global information about the job: 
================================= 
  
Job owner: brek(84641)
Job name:  /viper/ptmp1/brek/projects/ters/MoS2/pristine/ters-commensurate/calc_023/negative_displacement/field_on
Node list: vipc[2140,2198,2201-2202,2404-2405,2424,2432]
Job start: Thu Apr 24 23:03:46 CEST 2025
Job end:   Thu Apr 24 23:07:27 CEST 2025
Work dir:  /viper/ptmp1/brek/projects/ters/MoS2/pristine/ters-commensurate/calc_023/negative_displacement/field_on
Command:   /viper/ptmp1/brek/projects/ters/MoS2/pristine/ters-commensurate/calc_023/negative_displacement/field_on/run.sbatch
  
  
  
==========================================================================================
Information on jobsteps (Note: MaxRSS/AveRSS is the maximum/average over all 
tasks of the per-task memory high-water marks; cf. "man sacct"): 
==========================================================================================
  
JobID            JobName NNodes NTasks  NCPUS       MaxRSS       AveRSS    Elapsed ExitCode
------------- ---------- ------ ------ ------ ------------ ------------ ---------- --------
1471281       /viper/ptm      8          2048                             00:03:41      0:0
1471281.0     aims.25013      8   1024   2048      172.21M      162.30M   00:03:39      0:0
  
Maximum memory per node: 23.113368 GB (defined as MaxRSS*Ntasks/NNodes)
CPU utilization: 91.4 %
  
