Currently Loaded Modulefiles:
 1) intel/2024.0   2) impi/2021.11   3) mkl/2024.0  
 started at: Thu Apr 24 22:55:01 CEST 2025
   hostname: vipc2398

finished at: Thu Apr 24 22:58:42 CEST 2025
                                  
================================= 
Global information about the job: 
================================= 
  
Job owner: brek(84641)
Job name:  /viper/ptmp1/brek/projects/ters/MoS2/pristine/ters-commensurate/calc_022/negative_displacement/field_on
Node list: vipc[2398,2405,2424,2432,2481,2538-2539,2563]
Job start: Thu Apr 24 22:54:58 CEST 2025
Job end:   Thu Apr 24 22:58:42 CEST 2025
Work dir:  /viper/ptmp1/brek/projects/ters/MoS2/pristine/ters-commensurate/calc_022/negative_displacement/field_on
Command:   /viper/ptmp1/brek/projects/ters/MoS2/pristine/ters-commensurate/calc_022/negative_displacement/field_on/run.sbatch
  
  
  
==========================================================================================
Information on jobsteps (Note: MaxRSS/AveRSS is the maximum/average over all 
tasks of the per-task memory high-water marks; cf. "man sacct"): 
==========================================================================================
  
JobID            JobName NNodes NTasks  NCPUS       MaxRSS       AveRSS    Elapsed ExitCode
------------- ---------- ------ ------ ------ ------------ ------------ ---------- --------
1471279       /viper/ptm      8          2048                             00:03:44      0:0
1471279.0     aims.25013      8   1024   2048      172.27M      162.19M   00:03:40      0:0
  
Maximum memory per node: 23.122280 GB (defined as MaxRSS*Ntasks/NNodes)
CPU utilization: 90.2 %
  
