Currently Loaded Modulefiles:
 1) mkl/2021.2(default)   2) intel/19.1.2   3) impi/2019.8  

Key:
(symbolic-version)  
 started at: Thu Nov 20 23:37:35 CET 2025
   hostname: ravc3507

finished at: Thu Nov 20 23:46:00 CET 2025
                                  
================================= 
Global information about the job: 
================================= 
  
Job owner: brek(84641)
Job name:  /raven/u/brek/projects/ters/Mg-porphine/mbd-nl/ters/mode_103-3.5A-dist/calc_111/positive_displacement/field_on
Node list: ravc[3507,3509,3512,3519-3521,3524,3526]
Job start: Thu Nov 20 23:37:32 CET 2025
Job end:   Thu Nov 20 23:46:00 CET 2025
Work dir:  /raven/u/brek/projects/ters/Mg-porphine/mbd-nl/ters/mode_103-3.5A-dist/calc_111/positive_displacement/field_on
Command:   /raven/u/brek/projects/ters/Mg-porphine/mbd-nl/ters/mode_103-3.5A-dist/calc_111/positive_displacement/field_on/run.sbatch
  
  
  
==========================================================================================
Information on jobsteps (Note: MaxRSS/AveRSS is the maximum/average over all 
tasks of the per-task memory high-water marks; cf. "man sacct"): 
==========================================================================================
  
JobID            JobName NNodes NTasks  NCPUS       MaxRSS       AveRSS    Elapsed ExitCode
------------- ---------- ------ ------ ------ ------------ ------------ ---------- --------
22917155      /raven/u/b      8          1152                             00:08:28      0:0
22917155.0    aims.25050      8    576   1152      257.95M      232.55M   00:08:25      0:0
  
Maximum memory per node: 19.474514 GB (defined as MaxRSS*Ntasks/NNodes)
CPU utilization: 93.1 %
  
