Currently Loaded Modulefiles:
 1) intel/2024.0   2) impi/2021.11   3) mkl/2024.0  
 started at: Fri Apr 25 06:54:54 CEST 2025
   hostname: vipm2001

finished at: Fri Apr 25 06:58:16 CEST 2025
                                  
================================= 
Global information about the job: 
================================= 
  
Job owner: brek(84641)
Job name:  /viper/ptmp1/brek/projects/ters/MoS2/pristine/ters-commensurate/calc_114/negative_displacement/field_on
Node list: vipm[2001-2002,2026,2035,2042-2043,2045,2053]
Job start: Fri Apr 25 06:54:52 CEST 2025
Job end:   Fri Apr 25 06:58:16 CEST 2025
Work dir:  /viper/ptmp1/brek/projects/ters/MoS2/pristine/ters-commensurate/calc_114/negative_displacement/field_on
Command:   /viper/ptmp1/brek/projects/ters/MoS2/pristine/ters-commensurate/calc_114/negative_displacement/field_on/run.sbatch
  
  
  
==========================================================================================
Information on jobsteps (Note: MaxRSS/AveRSS is the maximum/average over all 
tasks of the per-task memory high-water marks; cf. "man sacct"): 
==========================================================================================
  
JobID            JobName NNodes NTasks  NCPUS       MaxRSS       AveRSS    Elapsed ExitCode
------------- ---------- ------ ------ ------ ------------ ------------ ---------- --------
1471463       /viper/ptm      8          2048                             00:03:24      0:0
1471463.0     aims.25013      8   1024   2048      171.94M      162.29M   00:03:22      0:0
  
Maximum memory per node: 23.077061 GB (defined as MaxRSS*Ntasks/NNodes)
CPU utilization: 95.1 %
  
