Currently Loaded Modulefiles:
 1) mkl/2021.2(default)   2) intel/19.1.2   3) impi/2019.8  

Key:
(symbolic-version)  
 started at: Thu Nov 20 23:22:44 CET 2025
   hostname: ravc3402

finished at: Thu Nov 20 23:28:40 CET 2025
                                  
================================= 
Global information about the job: 
================================= 
  
Job owner: brek(84641)
Job name:  /raven/u/brek/projects/ters/Mg-porphine/mbd-nl/ters/mode_103-3.5A-dist/calc_103/negative_displacement/field_on
Node list: ravc[3402,3407-3408,3417,3618,3643,3647-3648]
Job start: Thu Nov 20 23:22:41 CET 2025
Job end:   Thu Nov 20 23:28:40 CET 2025
Work dir:  /raven/u/brek/projects/ters/Mg-porphine/mbd-nl/ters/mode_103-3.5A-dist/calc_103/negative_displacement/field_on
Command:   /raven/u/brek/projects/ters/Mg-porphine/mbd-nl/ters/mode_103-3.5A-dist/calc_103/negative_displacement/field_on/run.sbatch
  
  
  
==========================================================================================
Information on jobsteps (Note: MaxRSS/AveRSS is the maximum/average over all 
tasks of the per-task memory high-water marks; cf. "man sacct"): 
==========================================================================================
  
JobID            JobName NNodes NTasks  NCPUS       MaxRSS       AveRSS    Elapsed ExitCode
------------- ---------- ------ ------ ------ ------------ ------------ ---------- --------
22917140      /raven/u/b      8          1152                             00:05:59      0:0
22917140.0    aims.25050      8    576   1152      252.61M      231.95M   00:05:56      0:0
  
Maximum memory per node: 19.071369 GB (defined as MaxRSS*Ntasks/NNodes)
CPU utilization: 90.0 %
  
