Currently Loaded Modulefiles:
 1) mkl/2021.2(default)   2) intel/19.1.2   3) impi/2019.8  

Key:
(symbolic-version)  
 started at: Thu Nov 20 23:14:27 CET 2025
   hostname: ravc3267

finished at: Thu Nov 20 23:21:58 CET 2025
                                  
================================= 
Global information about the job: 
================================= 
  
Job owner: brek(84641)
Job name:  /raven/u/brek/projects/ters/Mg-porphine/mbd-nl/ters/mode_103-3.5A-dist/calc_099/negative_displacement/field_on
Node list: ravc[3267-3268,3286,3467,3618,3643,3651,3662]
Job start: Thu Nov 20 23:14:24 CET 2025
Job end:   Thu Nov 20 23:21:58 CET 2025
Work dir:  /raven/u/brek/projects/ters/Mg-porphine/mbd-nl/ters/mode_103-3.5A-dist/calc_099/negative_displacement/field_on
Command:   /raven/u/brek/projects/ters/Mg-porphine/mbd-nl/ters/mode_103-3.5A-dist/calc_099/negative_displacement/field_on/run.sbatch
  
  
  
==========================================================================================
Information on jobsteps (Note: MaxRSS/AveRSS is the maximum/average over all 
tasks of the per-task memory high-water marks; cf. "man sacct"): 
==========================================================================================
  
JobID            JobName NNodes NTasks  NCPUS       MaxRSS       AveRSS    Elapsed ExitCode
------------- ---------- ------ ------ ------ ------------ ------------ ---------- --------
22917132      /raven/u/b      8          1152                             00:07:34      0:0
22917132.0    aims.25050      8    576   1152      292.10M      260.40M   00:07:31      0:0
  
Maximum memory per node: 22.052635 GB (defined as MaxRSS*Ntasks/NNodes)
CPU utilization: 97.6 %
  
