Currently Loaded Modulefiles:
 1) intel/2024.0   2) impi/2021.11   3) mkl/2024.0  
 started at: Fri Apr 25 02:12:13 CEST 2025
   hostname: vipc2054

finished at: Fri Apr 25 02:15:46 CEST 2025
                                  
================================= 
Global information about the job: 
================================= 
  
Job owner: brek(84641)
Job name:  /viper/ptmp1/brek/projects/ters/MoS2/pristine/ters-commensurate/calc_031/negative_displacement/field_on
Node list: vipc[2054,2222,2227-2230,2237-2238]
Job start: Fri Apr 25 02:12:10 CEST 2025
Job end:   Fri Apr 25 02:15:46 CEST 2025
Work dir:  /viper/ptmp1/brek/projects/ters/MoS2/pristine/ters-commensurate/calc_031/negative_displacement/field_on
Command:   /viper/ptmp1/brek/projects/ters/MoS2/pristine/ters-commensurate/calc_031/negative_displacement/field_on/run.sbatch
  
  
  
==========================================================================================
Information on jobsteps (Note: MaxRSS/AveRSS is the maximum/average over all 
tasks of the per-task memory high-water marks; cf. "man sacct"): 
==========================================================================================
  
JobID            JobName NNodes NTasks  NCPUS       MaxRSS       AveRSS    Elapsed ExitCode
------------- ---------- ------ ------ ------ ------------ ------------ ---------- --------
1471297       /viper/ptm      8          2048                             00:03:36      0:0
1471297.0     aims.25013      8   1024   2048      171.17M      162.37M   00:03:33      0:0
  
Maximum memory per node: 22.974431 GB (defined as MaxRSS*Ntasks/NNodes)
CPU utilization: 93.5 %
  
