Currently Loaded Modulefiles:
 1) mkl/2021.2(default)   2) intel/19.1.2   3) impi/2019.8  

Key:
(symbolic-version)  
 started at: Sun Dec 15 22:02:14 CET 2024
   hostname: ravc3595

finished at: Sun Dec 15 22:02:47 CET 2024
                                  
================================= 
Global information about the job: 
================================= 
  
Job owner: brek(84641)
Job name:  /raven/u/brek/projects/ters/TCNE/ters-isolated/multimode/mode_014/negative_displacement/field_on
Node list: ravc3595
Job start: Sun Dec 15 22:02:11 CET 2024
Job end:   Sun Dec 15 22:02:47 CET 2024
Work dir:  /raven/u/brek/projects/ters/TCNE/ters-isolated/multimode/mode_014/negative_displacement/field_on
Command:   /raven/u/brek/projects/ters/TCNE/ters-isolated/multimode/mode_014/negative_displacement/field_on/run.sbatch
  
  
  
==========================================================================================
Information on jobsteps (Note: MaxRSS/AveRSS is the maximum/average over all 
tasks of the per-task memory high-water marks; cf. "man sacct"): 
==========================================================================================
  
JobID            JobName NNodes NTasks  NCPUS       MaxRSS       AveRSS    Elapsed ExitCode
------------- ---------- ------ ------ ------ ------------ ------------ ---------- --------
14230291      /raven/u/b      1           144                             00:00:36      0:0
14230291.0    aims.24060      1     72    144      119.57M      110.39M   00:00:33      0:0
  
Maximum memory per node: 9.027330 GB (defined as MaxRSS*Ntasks/NNodes)
CPU utilization: 72.2 %
  
