Currently Loaded Modulefiles:
 1) intel/2024.0   2) impi/2021.11   3) mkl/2024.0  
 started at: Fri Apr 25 00:43:35 CEST 2025
   hostname: vipc2152

finished at: Fri Apr 25 00:47:12 CEST 2025
                                  
================================= 
Global information about the job: 
================================= 
  
Job owner: brek(84641)
Job name:  /viper/ptmp1/brek/projects/ters/MoS2/pristine/ters-commensurate/calc_030/negative_displacement/field_on
Node list: vipc[2152,2386,2388,2391-2392,2394-2395,2410]
Job start: Fri Apr 25 00:43:33 CEST 2025
Job end:   Fri Apr 25 00:47:12 CEST 2025
Work dir:  /viper/ptmp1/brek/projects/ters/MoS2/pristine/ters-commensurate/calc_030/negative_displacement/field_on
Command:   /viper/ptmp1/brek/projects/ters/MoS2/pristine/ters-commensurate/calc_030/negative_displacement/field_on/run.sbatch
  
  
  
==========================================================================================
Information on jobsteps (Note: MaxRSS/AveRSS is the maximum/average over all 
tasks of the per-task memory high-water marks; cf. "man sacct"): 
==========================================================================================
  
JobID            JobName NNodes NTasks  NCPUS       MaxRSS       AveRSS    Elapsed ExitCode
------------- ---------- ------ ------ ------ ------------ ------------ ---------- --------
1471295       /viper/ptm      8          2048                             00:03:39      0:0
1471295.0     aims.25013      8   1024   2048      171.20M      162.26M   00:03:37      0:0
  
Maximum memory per node: 22.977839 GB (defined as MaxRSS*Ntasks/NNodes)
CPU utilization: 92.2 %
  
