Currently Loaded Modulefiles:
 1) intel/2024.0   2) impi/2021.11   3) mkl/2024.0  
 started at: Fri Apr 25 06:58:55 CEST 2025
   hostname: vipm2001

finished at: Fri Apr 25 07:02:18 CEST 2025
                                  
================================= 
Global information about the job: 
================================= 
  
Job owner: brek(84641)
Job name:  /viper/ptmp1/brek/projects/ters/MoS2/pristine/ters-commensurate/calc_116/positive_displacement/field_on
Node list: vipm[2001-2002,2026,2035,2042-2043,2045,2053]
Job start: Fri Apr 25 06:58:53 CEST 2025
Job end:   Fri Apr 25 07:02:18 CEST 2025
Work dir:  /viper/ptmp1/brek/projects/ters/MoS2/pristine/ters-commensurate/calc_116/positive_displacement/field_on
Command:   /viper/ptmp1/brek/projects/ters/MoS2/pristine/ters-commensurate/calc_116/positive_displacement/field_on/run.sbatch
  
  
  
==========================================================================================
Information on jobsteps (Note: MaxRSS/AveRSS is the maximum/average over all 
tasks of the per-task memory high-water marks; cf. "man sacct"): 
==========================================================================================
  
JobID            JobName NNodes NTasks  NCPUS       MaxRSS       AveRSS    Elapsed ExitCode
------------- ---------- ------ ------ ------ ------------ ------------ ---------- --------
1471466       /viper/ptm      8          2048                             00:03:25      0:0
1471466.0     aims.25013      8   1024   2048      172.55M      162.33M   00:03:23      0:0
  
Maximum memory per node: 23.158981 GB (defined as MaxRSS*Ntasks/NNodes)
CPU utilization: 94.6 %
  
