Currently Loaded Modulefiles:
 1) mkl/2021.2(default)   2) intel/19.1.2   3) impi/2019.8  

Key:
(symbolic-version)  
 started at: Thu Nov 20 23:37:35 CET 2025
   hostname: ravc4012

finished at: Thu Nov 20 23:44:30 CET 2025
                                  
================================= 
Global information about the job: 
================================= 
  
Job owner: brek(84641)
Job name:  /raven/u/brek/projects/ters/Mg-porphine/mbd-nl/ters/mode_103-3.5A-dist/calc_110/negative_displacement/field_on
Node list: ravc[4012,4018,4026,4030-4031,4037-4039]
Job start: Thu Nov 20 23:37:32 CET 2025
Job end:   Thu Nov 20 23:44:30 CET 2025
Work dir:  /raven/u/brek/projects/ters/Mg-porphine/mbd-nl/ters/mode_103-3.5A-dist/calc_110/negative_displacement/field_on
Command:   /raven/u/brek/projects/ters/Mg-porphine/mbd-nl/ters/mode_103-3.5A-dist/calc_110/negative_displacement/field_on/run.sbatch
  
  
  
==========================================================================================
Information on jobsteps (Note: MaxRSS/AveRSS is the maximum/average over all 
tasks of the per-task memory high-water marks; cf. "man sacct"): 
==========================================================================================
  
JobID            JobName NNodes NTasks  NCPUS       MaxRSS       AveRSS    Elapsed ExitCode
------------- ---------- ------ ------ ------ ------------ ------------ ---------- --------
22917154      /raven/u/b      8          1152                             00:06:58      0:0
22917154.0    aims.25050      8    576   1152      257.34M      232.51M   00:06:55      0:0
  
Maximum memory per node: 19.428581 GB (defined as MaxRSS*Ntasks/NNodes)
CPU utilization: 91.6 %
  
