Currently Loaded Modulefiles:
 1) mkl/2021.2(default)   2) intel/19.1.2   3) impi/2019.8  

Key:
(symbolic-version)  
 started at: Thu Nov 20 23:14:27 CET 2025
   hostname: ravc2048

finished at: Thu Nov 20 23:21:59 CET 2025
                                  
================================= 
Global information about the job: 
================================= 
  
Job owner: brek(84641)
Job name:  /raven/u/brek/projects/ters/Mg-porphine/mbd-nl/ters/mode_103-3.5A-dist/calc_100/positive_displacement/field_on
Node list: ravc[2048-2051,2053,2501-2503]
Job start: Thu Nov 20 23:14:24 CET 2025
Job end:   Thu Nov 20 23:21:59 CET 2025
Work dir:  /raven/u/brek/projects/ters/Mg-porphine/mbd-nl/ters/mode_103-3.5A-dist/calc_100/positive_displacement/field_on
Command:   /raven/u/brek/projects/ters/Mg-porphine/mbd-nl/ters/mode_103-3.5A-dist/calc_100/positive_displacement/field_on/run.sbatch
  
  
  
==========================================================================================
Information on jobsteps (Note: MaxRSS/AveRSS is the maximum/average over all 
tasks of the per-task memory high-water marks; cf. "man sacct"): 
==========================================================================================
  
JobID            JobName NNodes NTasks  NCPUS       MaxRSS       AveRSS    Elapsed ExitCode
------------- ---------- ------ ------ ------ ------------ ------------ ---------- --------
22917133      /raven/u/b      8          1152                             00:07:35      0:0
22917133.0    aims.25050      8    576   1152      291.32M      260.27M   00:07:32      0:0
  
Maximum memory per node: 21.994168 GB (defined as MaxRSS*Ntasks/NNodes)
CPU utilization: 97.4 %
  
