Currently Loaded Modulefiles:
 1) intel/2024.0   2) impi/2021.11   3) mkl/2024.0  
 started at: Thu Apr 24 16:40:01 CEST 2025
   hostname: vipc2582

finished at: Thu Apr 24 16:43:28 CEST 2025
                                  
================================= 
Global information about the job: 
================================= 
  
Job owner: brek(84641)
Job name:  /viper/ptmp1/brek/projects/ters/MoS2/pristine/ters-commensurate/calc_005/positive_displacement/field_on
Node list: vipc[2582-2584,2587,2589,2591,2594-2595]
Job start: Thu Apr 24 16:39:58 CEST 2025
Job end:   Thu Apr 24 16:43:28 CEST 2025
Work dir:  /viper/ptmp1/brek/projects/ters/MoS2/pristine/ters-commensurate/calc_005/positive_displacement/field_on
Command:   /viper/ptmp1/brek/projects/ters/MoS2/pristine/ters-commensurate/calc_005/positive_displacement/field_on/run.sbatch
  
  
  
==========================================================================================
Information on jobsteps (Note: MaxRSS/AveRSS is the maximum/average over all 
tasks of the per-task memory high-water marks; cf. "man sacct"): 
==========================================================================================
  
JobID            JobName NNodes NTasks  NCPUS       MaxRSS       AveRSS    Elapsed ExitCode
------------- ---------- ------ ------ ------ ------------ ------------ ---------- --------
1471244       /viper/ptm      8          2048                             00:03:30      0:0
1471244.0     aims.25013      8   1024   2048      171.44M      162.13M   00:03:26      0:0
  
Maximum memory per node: 23.010214 GB (defined as MaxRSS*Ntasks/NNodes)
CPU utilization: 91.9 %
  
