Currently Loaded Modulefiles:
 1) mkl/2021.2(default)   2) intel/19.1.2   3) impi/2019.8  

Key:
(symbolic-version)  
 started at: Thu Nov 20 21:27:59 CET 2025
   hostname: ravc4079

finished at: Thu Nov 20 21:36:09 CET 2025
                                  
================================= 
Global information about the job: 
================================= 
  
Job owner: brek(84641)
Job name:  /raven/u/brek/projects/ters/Mg-porphine/mbd-nl/ters/mode_103-3.5A-dist/calc_051/positive_displacement/field_on
Node list: ravc[4079,4083,4086,4090-4091,4099-4100,4103]
Job start: Thu Nov 20 21:27:47 CET 2025
Job end:   Thu Nov 20 21:36:09 CET 2025
Work dir:  /raven/u/brek/projects/ters/Mg-porphine/mbd-nl/ters/mode_103-3.5A-dist/calc_051/positive_displacement/field_on
Command:   /raven/u/brek/projects/ters/Mg-porphine/mbd-nl/ters/mode_103-3.5A-dist/calc_051/positive_displacement/field_on/run.sbatch
  
  
  
==========================================================================================
Information on jobsteps (Note: MaxRSS/AveRSS is the maximum/average over all 
tasks of the per-task memory high-water marks; cf. "man sacct"): 
==========================================================================================
  
JobID            JobName NNodes NTasks  NCPUS       MaxRSS       AveRSS    Elapsed ExitCode
------------- ---------- ------ ------ ------ ------------ ------------ ---------- --------
22917034      /raven/u/b      8          1152                             00:08:22      0:0
22917034.0    aims.25050      8    576   1152      254.77M      232.52M   00:08:10      0:0
  
Maximum memory per node: 19.234382 GB (defined as MaxRSS*Ntasks/NNodes)
CPU utilization: 93.8 %
  
