Currently Loaded Modulefiles:
 1) intel/2024.0   2) impi/2021.11   3) mkl/2024.0  
 started at: Fri Apr 25 04:52:33 CEST 2025
   hostname: vipc2310

finished at: Fri Apr 25 04:56:02 CEST 2025
                                  
================================= 
Global information about the job: 
================================= 
  
Job owner: brek(84641)
Job name:  /viper/ptmp1/brek/projects/ters/MoS2/pristine/ters-commensurate/calc_063/negative_displacement/field_on
Node list: vipc[2310-2311,2319-2320,2322-2323,2326,2330]
Job start: Fri Apr 25 04:52:31 CEST 2025
Job end:   Fri Apr 25 04:56:02 CEST 2025
Work dir:  /viper/ptmp1/brek/projects/ters/MoS2/pristine/ters-commensurate/calc_063/negative_displacement/field_on
Command:   /viper/ptmp1/brek/projects/ters/MoS2/pristine/ters-commensurate/calc_063/negative_displacement/field_on/run.sbatch
  
  
  
==========================================================================================
Information on jobsteps (Note: MaxRSS/AveRSS is the maximum/average over all 
tasks of the per-task memory high-water marks; cf. "man sacct"): 
==========================================================================================
  
JobID            JobName NNodes NTasks  NCPUS       MaxRSS       AveRSS    Elapsed ExitCode
------------- ---------- ------ ------ ------ ------------ ------------ ---------- --------
1471361       /viper/ptm      8          2048                             00:03:31      0:0
1471361.0     aims.25013      8   1024   2048      170.27M      162.49M   00:03:29      0:0
  
Maximum memory per node: 22.853845 GB (defined as MaxRSS*Ntasks/NNodes)
CPU utilization: 91.5 %
  
