Currently Loaded Modulefiles:
 1) mkl/2021.2(default)   2) intel/19.1.2   3) impi/2019.8  

Key:
(symbolic-version)  
 started at: Thu Nov 20 21:30:16 CET 2025
   hostname: ravc2322

finished at: Thu Nov 20 21:37:15 CET 2025
                                  
================================= 
Global information about the job: 
================================= 
  
Job owner: brek(84641)
Job name:  /raven/u/brek/projects/ters/Mg-porphine/mbd-nl/ters/mode_103-3.5A-dist/calc_053/positive_displacement/field_on
Node list: ravc[2322-2323,2577-2582]
Job start: Thu Nov 20 21:30:10 CET 2025
Job end:   Thu Nov 20 21:37:17 CET 2025
Work dir:  /raven/u/brek/projects/ters/Mg-porphine/mbd-nl/ters/mode_103-3.5A-dist/calc_053/positive_displacement/field_on
Command:   /raven/u/brek/projects/ters/Mg-porphine/mbd-nl/ters/mode_103-3.5A-dist/calc_053/positive_displacement/field_on/run.sbatch
  
  
  
==========================================================================================
Information on jobsteps (Note: MaxRSS/AveRSS is the maximum/average over all 
tasks of the per-task memory high-water marks; cf. "man sacct"): 
==========================================================================================
  
JobID            JobName NNodes NTasks  NCPUS       MaxRSS       AveRSS    Elapsed ExitCode
------------- ---------- ------ ------ ------ ------------ ------------ ---------- --------
22917038      /raven/u/b      8          1152                             00:07:07      0:0
22917038.0    aims.25050      8    576   1152      255.53M      232.27M   00:07:01      0:0
  
Maximum memory per node: 19.292111 GB (defined as MaxRSS*Ntasks/NNodes)
CPU utilization: 89.7 %
  
