Currently Loaded Modulefiles:
 1) mkl/2021.2(default)   2) intel/19.1.2   3) impi/2019.8  

Key:
(symbolic-version)  
 started at: Thu Nov 20 19:59:20 CET 2025
   hostname: ravc2182

finished at: Thu Nov 20 20:06:23 CET 2025
                                  
================================= 
Global information about the job: 
================================= 
  
Job owner: brek(84641)
Job name:  /raven/u/brek/projects/ters/Mg-porphine/mbd-nl/ters/mode_103-3.5A-dist/calc_020/positive_displacement/field_on
Node list: ravc[2182-2184,2689,2694,2698,2702,2714]
Job start: Thu Nov 20 19:59:17 CET 2025
Job end:   Thu Nov 20 20:06:23 CET 2025
Work dir:  /raven/u/brek/projects/ters/Mg-porphine/mbd-nl/ters/mode_103-3.5A-dist/calc_020/positive_displacement/field_on
Command:   /raven/u/brek/projects/ters/Mg-porphine/mbd-nl/ters/mode_103-3.5A-dist/calc_020/positive_displacement/field_on/run.sbatch
  
  
  
==========================================================================================
Information on jobsteps (Note: MaxRSS/AveRSS is the maximum/average over all 
tasks of the per-task memory high-water marks; cf. "man sacct"): 
==========================================================================================
  
JobID            JobName NNodes NTasks  NCPUS       MaxRSS       AveRSS    Elapsed ExitCode
------------- ---------- ------ ------ ------ ------------ ------------ ---------- --------
22916972      /raven/u/b      8          1152                             00:07:06      0:0
22916972.0    aims.25050      8    576   1152      296.78M      260.56M   00:07:03      0:0
  
Maximum memory per node: 22.405939 GB (defined as MaxRSS*Ntasks/NNodes)
CPU utilization: 96.9 %
  
