Currently Loaded Modulefiles:
 1) mkl/2021.2(default)   2) intel/19.1.2   3) impi/2019.8  

Key:
(symbolic-version)  
 started at: Thu Nov 20 20:49:13 CET 2025
   hostname: ravc2497

finished at: Thu Nov 20 20:58:00 CET 2025
                                  
================================= 
Global information about the job: 
================================= 
  
Job owner: brek(84641)
Job name:  /raven/u/brek/projects/ters/Mg-porphine/mbd-nl/ters/mode_103-3.5A-dist/calc_039/positive_displacement/field_on
Node list: ravc[2497-2499,2557,2560,2650,2682-2683]
Job start: Thu Nov 20 20:49:08 CET 2025
Job end:   Thu Nov 20 20:58:00 CET 2025
Work dir:  /raven/u/brek/projects/ters/Mg-porphine/mbd-nl/ters/mode_103-3.5A-dist/calc_039/positive_displacement/field_on
Command:   /raven/u/brek/projects/ters/Mg-porphine/mbd-nl/ters/mode_103-3.5A-dist/calc_039/positive_displacement/field_on/run.sbatch
  
  
  
==========================================================================================
Information on jobsteps (Note: MaxRSS/AveRSS is the maximum/average over all 
tasks of the per-task memory high-water marks; cf. "man sacct"): 
==========================================================================================
  
JobID            JobName NNodes NTasks  NCPUS       MaxRSS       AveRSS    Elapsed ExitCode
------------- ---------- ------ ------ ------ ------------ ------------ ---------- --------
22917010      /raven/u/b      8          1152                             00:08:52      0:0
22917010.0    aims.25050      8    576   1152      256.11M      232.50M   00:08:45      0:0
  
Maximum memory per node: 19.335758 GB (defined as MaxRSS*Ntasks/NNodes)
CPU utilization: 94.5 %
  
