Currently Loaded Modulefiles:
 1) intel/2024.0   2) impi/2021.11   3) mkl/2024.0  
 started at: Thu Apr 24 18:35:34 CEST 2025
   hostname: vipc2261

finished at: Thu Apr 24 18:39:17 CEST 2025
                                  
================================= 
Global information about the job: 
================================= 
  
Job owner: brek(84641)
Job name:  /viper/ptmp1/brek/projects/ters/MoS2/pristine/ters-commensurate/calc_013/negative_displacement/field_on
Node list: vipc[2261,2287-2288,2396,2400-2401,2412,2425]
Job start: Thu Apr 24 18:35:32 CEST 2025
Job end:   Thu Apr 24 18:39:17 CEST 2025
Work dir:  /viper/ptmp1/brek/projects/ters/MoS2/pristine/ters-commensurate/calc_013/negative_displacement/field_on
Command:   /viper/ptmp1/brek/projects/ters/MoS2/pristine/ters-commensurate/calc_013/negative_displacement/field_on/run.sbatch
  
  
  
==========================================================================================
Information on jobsteps (Note: MaxRSS/AveRSS is the maximum/average over all 
tasks of the per-task memory high-water marks; cf. "man sacct"): 
==========================================================================================
  
JobID            JobName NNodes NTasks  NCPUS       MaxRSS       AveRSS    Elapsed ExitCode
------------- ---------- ------ ------ ------ ------------ ------------ ---------- --------
1471261       /viper/ptm      8          2048                             00:03:45      0:0
1471261.0     aims.25013      8   1024   2048      173.30M      162.58M   00:03:41      0:0
  
Maximum memory per node: 23.260168 GB (defined as MaxRSS*Ntasks/NNodes)
CPU utilization: 93.8 %
  
