Currently Loaded Modulefiles:
 1) mkl/2021.2(default)   2) intel/19.1.2   3) impi/2019.8  

Key:
(symbolic-version)  
 started at: Thu Nov 20 22:58:36 CET 2025
   hostname: ravc2048

finished at: Thu Nov 20 23:04:49 CET 2025
                                  
================================= 
Global information about the job: 
================================= 
  
Job owner: brek(84641)
Job name:  /raven/u/brek/projects/ters/Mg-porphine/mbd-nl/ters/mode_103-3.5A-dist/calc_092/positive_displacement/field_on
Node list: ravc[2048,2051,2255-2256,2542,2690,2704,2706]
Job start: Thu Nov 20 22:58:33 CET 2025
Job end:   Thu Nov 20 23:04:49 CET 2025
Work dir:  /raven/u/brek/projects/ters/Mg-porphine/mbd-nl/ters/mode_103-3.5A-dist/calc_092/positive_displacement/field_on
Command:   /raven/u/brek/projects/ters/Mg-porphine/mbd-nl/ters/mode_103-3.5A-dist/calc_092/positive_displacement/field_on/run.sbatch
  
  
  
==========================================================================================
Information on jobsteps (Note: MaxRSS/AveRSS is the maximum/average over all 
tasks of the per-task memory high-water marks; cf. "man sacct"): 
==========================================================================================
  
JobID            JobName NNodes NTasks  NCPUS       MaxRSS       AveRSS    Elapsed ExitCode
------------- ---------- ------ ------ ------ ------------ ------------ ---------- --------
22917117      /raven/u/b      8          1152                             00:06:16      0:0
22917117.0    aims.25050      8    576   1152      255.61M      231.68M   00:06:12      0:0
  
Maximum memory per node: 19.297567 GB (defined as MaxRSS*Ntasks/NNodes)
CPU utilization: 93.9 %
  
