Currently Loaded Modulefiles:
 1) mkl/2021.2(default)   2) intel/19.1.2   3) impi/2019.8  

Key:
(symbolic-version)  
 started at: Thu Nov 20 19:42:58 CET 2025
   hostname: ravc3109

finished at: Thu Nov 20 19:50:20 CET 2025
                                  
================================= 
Global information about the job: 
================================= 
  
Job owner: brek(84641)
Job name:  /raven/u/brek/projects/ters/Mg-porphine/mbd-nl/ters/mode_103-3.5A-dist/calc_014/negative_displacement/field_on
Node list: ravc[3109,3144,3193,3331-3335]
Job start: Thu Nov 20 19:42:49 CET 2025
Job end:   Thu Nov 20 19:50:20 CET 2025
Work dir:  /raven/u/brek/projects/ters/Mg-porphine/mbd-nl/ters/mode_103-3.5A-dist/calc_014/negative_displacement/field_on
Command:   /raven/u/brek/projects/ters/Mg-porphine/mbd-nl/ters/mode_103-3.5A-dist/calc_014/negative_displacement/field_on/run.sbatch
  
  
  
==========================================================================================
Information on jobsteps (Note: MaxRSS/AveRSS is the maximum/average over all 
tasks of the per-task memory high-water marks; cf. "man sacct"): 
==========================================================================================
  
JobID            JobName NNodes NTasks  NCPUS       MaxRSS       AveRSS    Elapsed ExitCode
------------- ---------- ------ ------ ------ ------------ ------------ ---------- --------
22916961      /raven/u/b      8          1152                             00:07:31      0:0
22916961.0    aims.25050      8    576   1152      257.22M      232.94M   00:07:20      0:0
  
Maximum memory per node: 19.419144 GB (defined as MaxRSS*Ntasks/NNodes)
CPU utilization: 91.6 %
  
