Currently Loaded Modulefiles:
 1) intel/2024.0   2) impi/2021.11   3) mkl/2024.0  
 started at: Fri Apr 25 05:43:04 CEST 2025
   hostname: vipc2106

finished at: Fri Apr 25 05:46:44 CEST 2025
                                  
================================= 
Global information about the job: 
================================= 
  
Job owner: brek(84641)
Job name:  /viper/ptmp1/brek/projects/ters/MoS2/pristine/ters-commensurate/calc_092/positive_displacement/field_on
Node list: vipc[2106,2132-2134,2138,2331-2333]
Job start: Fri Apr 25 05:43:02 CEST 2025
Job end:   Fri Apr 25 05:46:44 CEST 2025
Work dir:  /viper/ptmp1/brek/projects/ters/MoS2/pristine/ters-commensurate/calc_092/positive_displacement/field_on
Command:   /viper/ptmp1/brek/projects/ters/MoS2/pristine/ters-commensurate/calc_092/positive_displacement/field_on/run.sbatch
  
  
  
==========================================================================================
Information on jobsteps (Note: MaxRSS/AveRSS is the maximum/average over all 
tasks of the per-task memory high-water marks; cf. "man sacct"): 
==========================================================================================
  
JobID            JobName NNodes NTasks  NCPUS       MaxRSS       AveRSS    Elapsed ExitCode
------------- ---------- ------ ------ ------ ------------ ------------ ---------- --------
1471418       /viper/ptm      8          2048                             00:03:42      0:0
1471418.0     aims.25013      8   1024   2048      169.92M      162.22M   00:03:40      0:0
  
Maximum memory per node: 22.806659 GB (defined as MaxRSS*Ntasks/NNodes)
CPU utilization: 91.0 %
  
