Currently Loaded Modulefiles:
 1) intel/2024.0   2) impi/2021.11   3) mkl/2024.0  
 started at: Fri Apr 25 03:26:56 CEST 2025
   hostname: vipc2372

finished at: Fri Apr 25 03:30:26 CEST 2025
                                  
================================= 
Global information about the job: 
================================= 
  
Job owner: brek(84641)
Job name:  /viper/ptmp1/brek/projects/ters/MoS2/pristine/ters-commensurate/calc_036/negative_displacement/field_on
Node list: vipc[2372-2375,2378-2379,2381-2382]
Job start: Fri Apr 25 03:26:53 CEST 2025
Job end:   Fri Apr 25 03:30:26 CEST 2025
Work dir:  /viper/ptmp1/brek/projects/ters/MoS2/pristine/ters-commensurate/calc_036/negative_displacement/field_on
Command:   /viper/ptmp1/brek/projects/ters/MoS2/pristine/ters-commensurate/calc_036/negative_displacement/field_on/run.sbatch
  
  
  
==========================================================================================
Information on jobsteps (Note: MaxRSS/AveRSS is the maximum/average over all 
tasks of the per-task memory high-water marks; cf. "man sacct"): 
==========================================================================================
  
JobID            JobName NNodes NTasks  NCPUS       MaxRSS       AveRSS    Elapsed ExitCode
------------- ---------- ------ ------ ------ ------------ ------------ ---------- --------
1471307       /viper/ptm      8          2048                             00:03:33      0:0
1471307.0     aims.25013      8   1024   2048      172.79M      162.43M   00:03:30      0:0
  
Maximum memory per node: 23.190831 GB (defined as MaxRSS*Ntasks/NNodes)
CPU utilization: 90.6 %
  
