Currently Loaded Modulefiles:
 1) intel/2024.0   2) impi/2021.11   3) mkl/2024.0  
 started at: Thu Apr 24 22:59:16 CEST 2025
   hostname: vipc2140

finished at: Thu Apr 24 23:02:57 CEST 2025
                                  
================================= 
Global information about the job: 
================================= 
  
Job owner: brek(84641)
Job name:  /viper/ptmp1/brek/projects/ters/MoS2/pristine/ters-commensurate/calc_023/positive_displacement/field_on
Node list: vipc[2140,2198,2201-2202,2404-2405,2424,2432]
Job start: Thu Apr 24 22:59:13 CEST 2025
Job end:   Thu Apr 24 23:02:57 CEST 2025
Work dir:  /viper/ptmp1/brek/projects/ters/MoS2/pristine/ters-commensurate/calc_023/positive_displacement/field_on
Command:   /viper/ptmp1/brek/projects/ters/MoS2/pristine/ters-commensurate/calc_023/positive_displacement/field_on/run.sbatch
  
  
  
==========================================================================================
Information on jobsteps (Note: MaxRSS/AveRSS is the maximum/average over all 
tasks of the per-task memory high-water marks; cf. "man sacct"): 
==========================================================================================
  
JobID            JobName NNodes NTasks  NCPUS       MaxRSS       AveRSS    Elapsed ExitCode
------------- ---------- ------ ------ ------ ------------ ------------ ---------- --------
1471280       /viper/ptm      8          2048                             00:03:44      0:0
1471280.0     aims.25013      8   1024   2048      171.63M      162.08M   00:03:41      0:0
  
Maximum memory per node: 23.035773 GB (defined as MaxRSS*Ntasks/NNodes)
CPU utilization: 94.6 %
  
