Currently Loaded Modulefiles:
 1) intel/2024.0   2) impi/2021.11   3) mkl/2024.0  
 started at: Thu Apr 24 18:44:45 CEST 2025
   hostname: vipc2261

finished at: Thu Apr 24 18:48:21 CEST 2025
                                  
================================= 
Global information about the job: 
================================= 
  
Job owner: brek(84641)
Job name:  /viper/ptmp1/brek/projects/ters/MoS2/pristine/ters-commensurate/calc_014/negative_displacement/field_on
Node list: vipc[2261,2287,2396,2400-2401,2412,2425,2429]
Job start: Thu Apr 24 18:44:43 CEST 2025
Job end:   Thu Apr 24 18:48:21 CEST 2025
Work dir:  /viper/ptmp1/brek/projects/ters/MoS2/pristine/ters-commensurate/calc_014/negative_displacement/field_on
Command:   /viper/ptmp1/brek/projects/ters/MoS2/pristine/ters-commensurate/calc_014/negative_displacement/field_on/run.sbatch
  
  
  
==========================================================================================
Information on jobsteps (Note: MaxRSS/AveRSS is the maximum/average over all 
tasks of the per-task memory high-water marks; cf. "man sacct"): 
==========================================================================================
  
JobID            JobName NNodes NTasks  NCPUS       MaxRSS       AveRSS    Elapsed ExitCode
------------- ---------- ------ ------ ------ ------------ ------------ ---------- --------
1471263       /viper/ptm      8          2048                             00:03:38      0:0
1471263.0     aims.25013      8   1024   2048      173.86M      162.65M   00:03:36      0:0
  
Maximum memory per node: 23.335404 GB (defined as MaxRSS*Ntasks/NNodes)
CPU utilization: 93.1 %
  
