Currently Loaded Modulefiles:
 1) intel/2024.0   2) impi/2021.11   3) mkl/2024.0  
 started at: Fri Apr 25 06:40:42 CEST 2025
   hostname: vipc2106

finished at: Fri Apr 25 06:44:25 CEST 2025
                                  
================================= 
Global information about the job: 
================================= 
  
Job owner: brek(84641)
Job name:  /viper/ptmp1/brek/projects/ters/MoS2/pristine/ters-commensurate/calc_109/negative_displacement/field_on
Node list: vipc[2106,2132-2134,2138,2381-2383]
Job start: Fri Apr 25 06:40:41 CEST 2025
Job end:   Fri Apr 25 06:44:25 CEST 2025
Work dir:  /viper/ptmp1/brek/projects/ters/MoS2/pristine/ters-commensurate/calc_109/negative_displacement/field_on
Command:   /viper/ptmp1/brek/projects/ters/MoS2/pristine/ters-commensurate/calc_109/negative_displacement/field_on/run.sbatch
  
  
  
==========================================================================================
Information on jobsteps (Note: MaxRSS/AveRSS is the maximum/average over all 
tasks of the per-task memory high-water marks; cf. "man sacct"): 
==========================================================================================
  
JobID            JobName NNodes NTasks  NCPUS       MaxRSS       AveRSS    Elapsed ExitCode
------------- ---------- ------ ------ ------ ------------ ------------ ---------- --------
1471453       /viper/ptm      8          2048                             00:03:44      0:0
1471453.0     aims.25013      8   1024   2048      172.10M      162.38M   00:03:43      0:0
  
Maximum memory per node: 23.099081 GB (defined as MaxRSS*Ntasks/NNodes)
CPU utilization: 94.6 %
  
