Currently Loaded Modulefiles:
 1) intel/2024.0   2) impi/2021.11   3) mkl/2024.0  
 started at: Fri Apr 25 05:37:02 CEST 2025
   hostname: vipc2342

finished at: Fri Apr 25 05:40:27 CEST 2025
                                  
================================= 
Global information about the job: 
================================= 
  
Job owner: brek(84641)
Job name:  /viper/ptmp1/brek/projects/ters/MoS2/pristine/ters-commensurate/calc_087/negative_displacement/field_on
Node list: vipc[2342,2370,2372-2375,2378-2379]
Job start: Fri Apr 25 05:37:00 CEST 2025
Job end:   Fri Apr 25 05:40:27 CEST 2025
Work dir:  /viper/ptmp1/brek/projects/ters/MoS2/pristine/ters-commensurate/calc_087/negative_displacement/field_on
Command:   /viper/ptmp1/brek/projects/ters/MoS2/pristine/ters-commensurate/calc_087/negative_displacement/field_on/run.sbatch
  
  
  
==========================================================================================
Information on jobsteps (Note: MaxRSS/AveRSS is the maximum/average over all 
tasks of the per-task memory high-water marks; cf. "man sacct"): 
==========================================================================================
  
JobID            JobName NNodes NTasks  NCPUS       MaxRSS       AveRSS    Elapsed ExitCode
------------- ---------- ------ ------ ------ ------------ ------------ ---------- --------
1471409       /viper/ptm      8          2048                             00:03:27      0:0
1471409.0     aims.25013      8   1024   2048      171.97M      162.90M   00:03:25      0:0
  
Maximum memory per node: 23.081124 GB (defined as MaxRSS*Ntasks/NNodes)
CPU utilization: 93.2 %
  
