Currently Loaded Modulefiles:
 1) intel/2024.0   2) impi/2021.11   3) mkl/2024.0  
 started at: Thu Apr 24 17:15:53 CEST 2025
   hostname: vipc2582

finished at: Thu Apr 24 17:19:21 CEST 2025
                                  
================================= 
Global information about the job: 
================================= 
  
Job owner: brek(84641)
Job name:  /viper/ptmp1/brek/projects/ters/MoS2/pristine/ters-commensurate/calc_012/negative_displacement/field_on
Node list: vipc[2582-2584,2587,2589,2591,2594-2595]
Job start: Thu Apr 24 17:15:50 CEST 2025
Job end:   Thu Apr 24 17:19:21 CEST 2025
Work dir:  /viper/ptmp1/brek/projects/ters/MoS2/pristine/ters-commensurate/calc_012/negative_displacement/field_on
Command:   /viper/ptmp1/brek/projects/ters/MoS2/pristine/ters-commensurate/calc_012/negative_displacement/field_on/run.sbatch
  
  
  
==========================================================================================
Information on jobsteps (Note: MaxRSS/AveRSS is the maximum/average over all 
tasks of the per-task memory high-water marks; cf. "man sacct"): 
==========================================================================================
  
JobID            JobName NNodes NTasks  NCPUS       MaxRSS       AveRSS    Elapsed ExitCode
------------- ---------- ------ ------ ------ ------------ ------------ ---------- --------
1471259       /viper/ptm      8          2048                             00:03:31      0:0
1471259.0     aims.25013      8   1024   2048      172.09M      162.56M   00:03:24      0:0
  
Maximum memory per node: 23.097246 GB (defined as MaxRSS*Ntasks/NNodes)
CPU utilization: 91.0 %
  
