Currently Loaded Modulefiles:
 1) mkl/2021.2(default)   2) intel/19.1.2   3) impi/2019.8  

Key:
(symbolic-version)  
 started at: Thu Nov 20 23:50:43 CET 2025
   hostname: ravc3466

finished at: Thu Nov 20 23:56:42 CET 2025
                                  
================================= 
Global information about the job: 
================================= 
  
Job owner: brek(84641)
Job name:  /raven/u/brek/projects/ters/Mg-porphine/mbd-nl/ters/mode_103-3.5A-dist/calc_117/positive_displacement/field_on
Node list: ravc[3466-3467,3480,3491,3528,3541,3615,3662]
Job start: Thu Nov 20 23:50:37 CET 2025
Job end:   Thu Nov 20 23:56:42 CET 2025
Work dir:  /raven/u/brek/projects/ters/Mg-porphine/mbd-nl/ters/mode_103-3.5A-dist/calc_117/positive_displacement/field_on
Command:   /raven/u/brek/projects/ters/Mg-porphine/mbd-nl/ters/mode_103-3.5A-dist/calc_117/positive_displacement/field_on/run.sbatch
  
  
  
==========================================================================================
Information on jobsteps (Note: MaxRSS/AveRSS is the maximum/average over all 
tasks of the per-task memory high-water marks; cf. "man sacct"): 
==========================================================================================
  
JobID            JobName NNodes NTasks  NCPUS       MaxRSS       AveRSS    Elapsed ExitCode
------------- ---------- ------ ------ ------ ------------ ------------ ---------- --------
22917167      /raven/u/b      8          1152                             00:06:05      0:0
22917167.0    aims.25050      8    576   1152      256.57M      232.42M   00:05:59      0:0
  
Maximum memory per node: 19.370557 GB (defined as MaxRSS*Ntasks/NNodes)
CPU utilization: 88.5 %
  
