Currently Loaded Modulefiles:
 1) mkl/2021.2(default)   2) intel/19.1.2   3) impi/2019.8  

Key:
(symbolic-version)  
 started at: Thu Nov 20 22:15:12 CET 2025
   hostname: ravc3038

finished at: Thu Nov 20 22:22:13 CET 2025
                                  
================================= 
Global information about the job: 
================================= 
  
Job owner: brek(84641)
Job name:  /raven/u/brek/projects/ters/Mg-porphine/mbd-nl/ters/mode_103-3.5A-dist/calc_072/negative_displacement/field_on
Node list: ravc[3038,3106-3107,3109,3417,3643,3647-3648]
Job start: Thu Nov 20 22:14:59 CET 2025
Job end:   Thu Nov 20 22:22:14 CET 2025
Work dir:  /raven/u/brek/projects/ters/Mg-porphine/mbd-nl/ters/mode_103-3.5A-dist/calc_072/negative_displacement/field_on
Command:   /raven/u/brek/projects/ters/Mg-porphine/mbd-nl/ters/mode_103-3.5A-dist/calc_072/negative_displacement/field_on/run.sbatch
  
  
  
==========================================================================================
Information on jobsteps (Note: MaxRSS/AveRSS is the maximum/average over all 
tasks of the per-task memory high-water marks; cf. "man sacct"): 
==========================================================================================
  
JobID            JobName NNodes NTasks  NCPUS       MaxRSS       AveRSS    Elapsed ExitCode
------------- ---------- ------ ------ ------ ------------ ------------ ---------- --------
22917078      /raven/u/b      8          1152                             00:07:15      0:0
22917078.0    aims.25050      8    576   1152      287.34M      250.41M   00:07:02      0:0
  
Maximum memory per node: 21.693800 GB (defined as MaxRSS*Ntasks/NNodes)
CPU utilization: 94.7 %
  
