Currently Loaded Modulefiles:
 1) mkl/2021.2(default)   2) intel/19.1.2   3) impi/2019.8  

Key:
(symbolic-version)  
 started at: Thu Nov 20 23:27:16 CET 2025
   hostname: ravc2301

finished at: Thu Nov 20 23:34:12 CET 2025
                                  
================================= 
Global information about the job: 
================================= 
  
Job owner: brek(84641)
Job name:  /raven/u/brek/projects/ters/Mg-porphine/mbd-nl/ters/mode_103-3.5A-dist/calc_104/negative_displacement/field_on
Node list: ravc[2301,2310,2312-2313,2322-2325]
Job start: Thu Nov 20 23:27:13 CET 2025
Job end:   Thu Nov 20 23:34:12 CET 2025
Work dir:  /raven/u/brek/projects/ters/Mg-porphine/mbd-nl/ters/mode_103-3.5A-dist/calc_104/negative_displacement/field_on
Command:   /raven/u/brek/projects/ters/Mg-porphine/mbd-nl/ters/mode_103-3.5A-dist/calc_104/negative_displacement/field_on/run.sbatch
  
  
  
==========================================================================================
Information on jobsteps (Note: MaxRSS/AveRSS is the maximum/average over all 
tasks of the per-task memory high-water marks; cf. "man sacct"): 
==========================================================================================
  
JobID            JobName NNodes NTasks  NCPUS       MaxRSS       AveRSS    Elapsed ExitCode
------------- ---------- ------ ------ ------ ------------ ------------ ---------- --------
22917142      /raven/u/b      8          1152                             00:06:59      0:0
22917142.0    aims.25050      8    576   1152      257.01M      232.15M   00:06:56      0:0
  
Maximum memory per node: 19.403440 GB (defined as MaxRSS*Ntasks/NNodes)
CPU utilization: 91.4 %
  
