Currently Loaded Modulefiles:
 1) mkl/2021.2(default)   2) intel/19.1.2   3) impi/2019.8  

Key:
(symbolic-version)  
 started at: Fri Nov 22 19:04:50 CET 2024
   hostname: ravc3444

finished at: Fri Nov 22 19:05:00 CET 2024
                                  
================================= 
Global information about the job: 
================================= 
  
Job owner: brek(84641)
Job name:  /raven/u/brek/projects/ters/Mg-porphine/gas-phase/ters/mode_110-test-pbc-surfhessian/calc_008/negative_displacement/field_on
Node list: ravc3444
Job start: Fri Nov 22 19:04:47 CET 2024
Job end:   Fri Nov 22 19:05:00 CET 2024
Work dir:  /raven/u/brek/projects/ters/Mg-porphine/gas-phase/ters/mode_110-test-pbc-surfhessian/calc_008/negative_displacement/field_on
Command:   /raven/u/brek/projects/ters/Mg-porphine/gas-phase/ters/mode_110-test-pbc-surfhessian/calc_008/negative_displacement/field_on/run.sbatch
  
  
  
==========================================================================================
Information on jobsteps (Note: MaxRSS/AveRSS is the maximum/average over all 
tasks of the per-task memory high-water marks; cf. "man sacct"): 
==========================================================================================
  
JobID            JobName NNodes NTasks  NCPUS       MaxRSS       AveRSS    Elapsed ExitCode
------------- ---------- ------ ------ ------ ------------ ------------ ---------- --------
13782405      /raven/u/b      1           144                             00:00:13      0:0
13782405.0    aims.24060      1     72    144        0.28M        0.21M   00:00:10      0:0
  
Maximum memory per node: 0.021307 GB (defined as MaxRSS*Ntasks/NNodes)
CPU utilization: 0.0 %
  
