Currently Loaded Modulefiles:
 1) intel/2024.0   2) impi/2021.11   3) mkl/2024.0  
 started at: Fri Apr 25 03:55:47 CEST 2025
   hostname: vipc2372

finished at: Fri Apr 25 03:59:12 CEST 2025
                                  
================================= 
Global information about the job: 
================================= 
  
Job owner: brek(84641)
Job name:  /viper/ptmp1/brek/projects/ters/MoS2/pristine/ters-commensurate/calc_040/negative_displacement/field_on
Node list: vipc[2372-2375,2378-2379,2381-2382]
Job start: Fri Apr 25 03:55:46 CEST 2025
Job end:   Fri Apr 25 03:59:12 CEST 2025
Work dir:  /viper/ptmp1/brek/projects/ters/MoS2/pristine/ters-commensurate/calc_040/negative_displacement/field_on
Command:   /viper/ptmp1/brek/projects/ters/MoS2/pristine/ters-commensurate/calc_040/negative_displacement/field_on/run.sbatch
  
  
  
==========================================================================================
Information on jobsteps (Note: MaxRSS/AveRSS is the maximum/average over all 
tasks of the per-task memory high-water marks; cf. "man sacct"): 
==========================================================================================
  
JobID            JobName NNodes NTasks  NCPUS       MaxRSS       AveRSS    Elapsed ExitCode
------------- ---------- ------ ------ ------ ------------ ------------ ---------- --------
1471315       /viper/ptm      8          2048                             00:03:26      0:0
1471315.0     aims.25013      8   1024   2048      171.01M      162.40M   00:03:24      0:0
  
Maximum memory per node: 22.952280 GB (defined as MaxRSS*Ntasks/NNodes)
CPU utilization: 93.2 %
  
