Currently Loaded Modulefiles:
 1) intel/2024.0   2) impi/2021.11   3) mkl/2024.0  
 started at: Thu Apr 24 16:35:17 CEST 2025
   hostname: vipc2582

finished at: Thu Apr 24 16:38:42 CEST 2025
                                  
================================= 
Global information about the job: 
================================= 
  
Job owner: brek(84641)
Job name:  /viper/ptmp1/brek/projects/ters/MoS2/pristine/ters-commensurate/calc_004/positive_displacement/field_on
Node list: vipc[2582-2584,2587,2589,2591,2594-2595]
Job start: Thu Apr 24 16:35:15 CEST 2025
Job end:   Thu Apr 24 16:38:42 CEST 2025
Work dir:  /viper/ptmp1/brek/projects/ters/MoS2/pristine/ters-commensurate/calc_004/positive_displacement/field_on
Command:   /viper/ptmp1/brek/projects/ters/MoS2/pristine/ters-commensurate/calc_004/positive_displacement/field_on/run.sbatch
  
  
  
==========================================================================================
Information on jobsteps (Note: MaxRSS/AveRSS is the maximum/average over all 
tasks of the per-task memory high-water marks; cf. "man sacct"): 
==========================================================================================
  
JobID            JobName NNodes NTasks  NCPUS       MaxRSS       AveRSS    Elapsed ExitCode
------------- ---------- ------ ------ ------ ------------ ------------ ---------- --------
1471242       /viper/ptm      8          2048                             00:03:27      0:0
1471242.0     aims.25013      8   1024   2048      170.46M      162.04M   00:03:25      0:0
  
Maximum memory per node: 22.879273 GB (defined as MaxRSS*Ntasks/NNodes)
CPU utilization: 92.8 %
  
