Currently Loaded Modulefiles:
 1) intel/2024.0   2) impi/2021.11   3) mkl/2024.0  
 started at: Fri Apr 25 06:46:45 CEST 2025
   hostname: vipm2001

finished at: Fri Apr 25 06:50:15 CEST 2025
                                  
================================= 
Global information about the job: 
================================= 
  
Job owner: brek(84641)
Job name:  /viper/ptmp1/brek/projects/ters/MoS2/pristine/ters-commensurate/calc_111/negative_displacement/field_on
Node list: vipm[2001-2004,2015,2026,2035,2045]
Job start: Fri Apr 25 06:46:43 CEST 2025
Job end:   Fri Apr 25 06:50:15 CEST 2025
Work dir:  /viper/ptmp1/brek/projects/ters/MoS2/pristine/ters-commensurate/calc_111/negative_displacement/field_on
Command:   /viper/ptmp1/brek/projects/ters/MoS2/pristine/ters-commensurate/calc_111/negative_displacement/field_on/run.sbatch
  
  
  
==========================================================================================
Information on jobsteps (Note: MaxRSS/AveRSS is the maximum/average over all 
tasks of the per-task memory high-water marks; cf. "man sacct"): 
==========================================================================================
  
JobID            JobName NNodes NTasks  NCPUS       MaxRSS       AveRSS    Elapsed ExitCode
------------- ---------- ------ ------ ------ ------------ ------------ ---------- --------
1471457       /viper/ptm      8          2048                             00:03:32      0:0
1471457.0     aims.25013      8   1024   2048      172.14M      162.72M   00:03:30      0:0
  
Maximum memory per node: 23.104324 GB (defined as MaxRSS*Ntasks/NNodes)
CPU utilization: 91.0 %
  
