Currently Loaded Modulefiles:
 1) mkl/2021.2(default)   2) intel/19.1.2   3) impi/2019.8  

Key:
(symbolic-version)  
 started at: Fri Nov 21 01:13:57 CET 2025
   hostname: ravc3268

finished at: Fri Nov 21 01:22:38 CET 2025
                                  
================================= 
Global information about the job: 
================================= 
  
Job owner: brek(84641)
Job name:  /raven/u/brek/projects/ters/Mg-porphine/mbd-nl/ters/mode_103-3.5A-dist/no_nearfield/negative_displacement/zero_field
Node list: ravc[3268,3282-3285,3530,3532-3533]
Job start: Fri Nov 21 01:13:54 CET 2025
Job end:   Fri Nov 21 01:22:38 CET 2025
Work dir:  /raven/u/brek/projects/ters/Mg-porphine/mbd-nl/ters/mode_103-3.5A-dist/no_nearfield/negative_displacement/zero_field
Command:   /raven/u/brek/projects/ters/Mg-porphine/mbd-nl/ters/mode_103-3.5A-dist/no_nearfield/negative_displacement/zero_field/run.sbatch
  
  
  
==========================================================================================
Information on jobsteps (Note: MaxRSS/AveRSS is the maximum/average over all 
tasks of the per-task memory high-water marks; cf. "man sacct"): 
==========================================================================================
  
JobID            JobName NNodes NTasks  NCPUS       MaxRSS       AveRSS    Elapsed ExitCode
------------- ---------- ------ ------ ------ ------------ ------------ ---------- --------
22917222      /raven/u/b      8          1152                             00:08:44      0:0
22917222.0    aims.25050      8    576   1152      256.42M      232.20M   00:08:41      0:0
  
Maximum memory per node: 19.359203 GB (defined as MaxRSS*Ntasks/NNodes)
CPU utilization: 96.0 %
  
