Currently Loaded Modulefiles:
 1) mkl/2021.2(default)   2) intel/19.1.2   3) impi/2019.8  

Key:
(symbolic-version)  
 started at: Thu Nov 20 20:22:01 CET 2025
   hostname: ravc3478

finished at: Thu Nov 20 20:30:07 CET 2025
                                  
================================= 
Global information about the job: 
================================= 
  
Job owner: brek(84641)
Job name:  /raven/u/brek/projects/ters/Mg-porphine/mbd-nl/ters/mode_103-3.5A-dist/calc_027/negative_displacement/field_on
Node list: ravc[3478-3479,3481-3482,3485,3578,3585,3603]
Job start: Thu Nov 20 20:21:51 CET 2025
Job end:   Thu Nov 20 20:30:07 CET 2025
Work dir:  /raven/u/brek/projects/ters/Mg-porphine/mbd-nl/ters/mode_103-3.5A-dist/calc_027/negative_displacement/field_on
Command:   /raven/u/brek/projects/ters/Mg-porphine/mbd-nl/ters/mode_103-3.5A-dist/calc_027/negative_displacement/field_on/run.sbatch
  
  
  
==========================================================================================
Information on jobsteps (Note: MaxRSS/AveRSS is the maximum/average over all 
tasks of the per-task memory high-water marks; cf. "man sacct"): 
==========================================================================================
  
JobID            JobName NNodes NTasks  NCPUS       MaxRSS       AveRSS    Elapsed ExitCode
------------- ---------- ------ ------ ------ ------------ ------------ ---------- --------
22916987      /raven/u/b      8          1152                             00:08:16      0:0
22916987.0    aims.25050      8    576   1152      292.77M      261.00M   00:08:04      0:0
  
Maximum memory per node: 22.103581 GB (defined as MaxRSS*Ntasks/NNodes)
CPU utilization: 95.0 %
  
