Currently Loaded Modulefiles:
 1) intel/2024.0   2) impi/2021.11   3) mkl/2024.0  
 started at: Thu Apr 24 18:49:34 CEST 2025
   hostname: vipc2239

finished at: Thu Apr 24 18:53:10 CEST 2025
                                  
================================= 
Global information about the job: 
================================= 
  
Job owner: brek(84641)
Job name:  /viper/ptmp1/brek/projects/ters/MoS2/pristine/ters-commensurate/calc_015/positive_displacement/field_on
Node list: vipc[2239,2409,2412,2422-2425,2429]
Job start: Thu Apr 24 18:49:32 CEST 2025
Job end:   Thu Apr 24 18:53:10 CEST 2025
Work dir:  /viper/ptmp1/brek/projects/ters/MoS2/pristine/ters-commensurate/calc_015/positive_displacement/field_on
Command:   /viper/ptmp1/brek/projects/ters/MoS2/pristine/ters-commensurate/calc_015/positive_displacement/field_on/run.sbatch
  
  
  
==========================================================================================
Information on jobsteps (Note: MaxRSS/AveRSS is the maximum/average over all 
tasks of the per-task memory high-water marks; cf. "man sacct"): 
==========================================================================================
  
JobID            JobName NNodes NTasks  NCPUS       MaxRSS       AveRSS    Elapsed ExitCode
------------- ---------- ------ ------ ------ ------------ ------------ ---------- --------
1471264       /viper/ptm      8          2048                             00:03:38      0:0
1471264.0     aims.25013      8   1024   2048      171.57M      162.14M   00:03:36      0:0
  
Maximum memory per node: 23.028302 GB (defined as MaxRSS*Ntasks/NNodes)
CPU utilization: 92.7 %
  
