Currently Loaded Modulefiles:
 1) mkl/2021.2(default)   2) intel/19.1.2   3) impi/2019.8  

Key:
(symbolic-version)  
 started at: Thu Nov 20 23:20:05 CET 2025
   hostname: ravl1024

finished at: Thu Nov 20 23:26:47 CET 2025
                                  
================================= 
Global information about the job: 
================================= 
  
Job owner: brek(84641)
Job name:  /raven/u/brek/projects/ters/Mg-porphine/mbd-nl/ters/mode_103-3.5A-dist/calc_102/positive_displacement/field_on
Node list: ravl[1024-1026,1030-1032,1037-1038]
Job start: Thu Nov 20 23:19:57 CET 2025
Job end:   Thu Nov 20 23:26:47 CET 2025
Work dir:  /raven/u/brek/projects/ters/Mg-porphine/mbd-nl/ters/mode_103-3.5A-dist/calc_102/positive_displacement/field_on
Command:   /raven/u/brek/projects/ters/Mg-porphine/mbd-nl/ters/mode_103-3.5A-dist/calc_102/positive_displacement/field_on/run.sbatch
  
  
  
==========================================================================================
Information on jobsteps (Note: MaxRSS/AveRSS is the maximum/average over all 
tasks of the per-task memory high-water marks; cf. "man sacct"): 
==========================================================================================
  
JobID            JobName NNodes NTasks  NCPUS       MaxRSS       AveRSS    Elapsed ExitCode
------------- ---------- ------ ------ ------ ------------ ------------ ---------- --------
22917137      /raven/u/b      8          1152                             00:06:50      0:0
22917137.0    aims.25050      8    576   1152      253.54M      232.31M   00:06:40      0:0
  
Maximum memory per node: 19.141632 GB (defined as MaxRSS*Ntasks/NNodes)
CPU utilization: 92.7 %
  
