Currently Loaded Modulefiles:
 1) mkl/2021.2(default)   2) intel/19.1.2   3) impi/2019.8  

Key:
(symbolic-version)  
 started at: Sun Dec 15 21:59:57 CET 2024
   hostname: ravc4101

finished at: Sun Dec 15 22:00:30 CET 2024
                                  
================================= 
Global information about the job: 
================================= 
  
Job owner: brek(84641)
Job name:  /raven/u/brek/projects/ters/TCNE/ters-isolated/multimode/mode_009/negative_displacement/zero_field
Node list: ravc4101
Job start: Sun Dec 15 21:59:53 CET 2024
Job end:   Sun Dec 15 22:00:30 CET 2024
Work dir:  /raven/u/brek/projects/ters/TCNE/ters-isolated/multimode/mode_009/negative_displacement/zero_field
Command:   /raven/u/brek/projects/ters/TCNE/ters-isolated/multimode/mode_009/negative_displacement/zero_field/run.sbatch
  
  
  
==========================================================================================
Information on jobsteps (Note: MaxRSS/AveRSS is the maximum/average over all 
tasks of the per-task memory high-water marks; cf. "man sacct"): 
==========================================================================================
  
JobID            JobName NNodes NTasks  NCPUS       MaxRSS       AveRSS    Elapsed ExitCode
------------- ---------- ------ ------ ------ ------------ ------------ ---------- --------
14230272      /raven/u/b      1           144                             00:00:37      0:0
14230272.0    aims.24060      1     72    144      122.31M      109.83M   00:00:33      0:0
  
Maximum memory per node: 9.234432 GB (defined as MaxRSS*Ntasks/NNodes)
CPU utilization: 70.3 %
  
