Currently Loaded Modulefiles:
 1) mkl/2021.2(default)   2) intel/19.1.2   3) impi/2019.8  

Key:
(symbolic-version)  
 started at: Thu Nov 20 20:46:52 CET 2025
   hostname: ravc3146

finished at: Thu Nov 20 20:54:28 CET 2025
                                  
================================= 
Global information about the job: 
================================= 
  
Job owner: brek(84641)
Job name:  /raven/u/brek/projects/ters/Mg-porphine/mbd-nl/ters/mode_103-3.5A-dist/calc_037/positive_displacement/field_on
Node list: ravc[3146,3152,3154,3159-3160,3162,3173,3684]
Job start: Thu Nov 20 20:46:49 CET 2025
Job end:   Thu Nov 20 20:54:28 CET 2025
Work dir:  /raven/u/brek/projects/ters/Mg-porphine/mbd-nl/ters/mode_103-3.5A-dist/calc_037/positive_displacement/field_on
Command:   /raven/u/brek/projects/ters/Mg-porphine/mbd-nl/ters/mode_103-3.5A-dist/calc_037/positive_displacement/field_on/run.sbatch
  
  
  
==========================================================================================
Information on jobsteps (Note: MaxRSS/AveRSS is the maximum/average over all 
tasks of the per-task memory high-water marks; cf. "man sacct"): 
==========================================================================================
  
JobID            JobName NNodes NTasks  NCPUS       MaxRSS       AveRSS    Elapsed ExitCode
------------- ---------- ------ ------ ------ ------------ ------------ ---------- --------
22917006      /raven/u/b      8          1152                             00:07:39      0:0
22917006.0    aims.25050      8    576   1152      285.19M      254.83M   00:07:35      0:0
  
Maximum memory per node: 21.531230 GB (defined as MaxRSS*Ntasks/NNodes)
CPU utilization: 96.7 %
  
