Currently Loaded Modulefiles:
 1) mkl/2021.2(default)   2) intel/19.1.2   3) impi/2019.8  

Key:
(symbolic-version)  
 started at: Thu Nov 20 22:34:40 CET 2025
   hostname: ravc2270

finished at: Thu Nov 20 22:41:43 CET 2025
                                  
================================= 
Global information about the job: 
================================= 
  
Job owner: brek(84641)
Job name:  /raven/u/brek/projects/ters/Mg-porphine/mbd-nl/ters/mode_103-3.5A-dist/calc_081/negative_displacement/field_on
Node list: ravc[2270-2272,2285-2288,2358]
Job start: Thu Nov 20 22:34:36 CET 2025
Job end:   Thu Nov 20 22:41:43 CET 2025
Work dir:  /raven/u/brek/projects/ters/Mg-porphine/mbd-nl/ters/mode_103-3.5A-dist/calc_081/negative_displacement/field_on
Command:   /raven/u/brek/projects/ters/Mg-porphine/mbd-nl/ters/mode_103-3.5A-dist/calc_081/negative_displacement/field_on/run.sbatch
  
  
  
==========================================================================================
Information on jobsteps (Note: MaxRSS/AveRSS is the maximum/average over all 
tasks of the per-task memory high-water marks; cf. "man sacct"): 
==========================================================================================
  
JobID            JobName NNodes NTasks  NCPUS       MaxRSS       AveRSS    Elapsed ExitCode
------------- ---------- ------ ------ ------ ------------ ------------ ---------- --------
22917096      /raven/u/b      8          1152                             00:07:07      0:0
22917096.0    aims.25050      8    576   1152      290.31M      260.56M   00:07:03      0:0
  
Maximum memory per node: 21.917565 GB (defined as MaxRSS*Ntasks/NNodes)
CPU utilization: 96.7 %
  
