Currently Loaded Modulefiles:
 1) mkl/2021.2(default)   2) intel/19.1.2   3) impi/2019.8  

Key:
(symbolic-version)  
 started at: Sun Dec 15 22:11:44 CET 2024
   hostname: ravl1066

finished at: Sun Dec 15 22:12:17 CET 2024
                                  
================================= 
Global information about the job: 
================================= 
  
Job owner: brek(84641)
Job name:  /raven/u/brek/projects/ters/TCNE/ters-isolated/multimode/mode_028/negative_displacement/zero_field
Node list: ravl1066
Job start: Sun Dec 15 22:11:42 CET 2024
Job end:   Sun Dec 15 22:12:17 CET 2024
Work dir:  /raven/u/brek/projects/ters/TCNE/ters-isolated/multimode/mode_028/negative_displacement/zero_field
Command:   /raven/u/brek/projects/ters/TCNE/ters-isolated/multimode/mode_028/negative_displacement/zero_field/run.sbatch
  
  
  
==========================================================================================
Information on jobsteps (Note: MaxRSS/AveRSS is the maximum/average over all 
tasks of the per-task memory high-water marks; cf. "man sacct"): 
==========================================================================================
  
JobID            JobName NNodes NTasks  NCPUS       MaxRSS       AveRSS    Elapsed ExitCode
------------- ---------- ------ ------ ------ ------------ ------------ ---------- --------
14230348      /raven/u/b      1           144                             00:00:35      0:0
14230348.0    aims.24060      1     72    144      119.46M      109.35M   00:00:33      0:0
  
Maximum memory per node: 9.019220 GB (defined as MaxRSS*Ntasks/NNodes)
CPU utilization: 74.3 %
  
