Currently Loaded Modulefiles:
 1) intel/2024.0   2) impi/2021.11   3) mkl/2024.0  
 started at: Thu Apr 24 21:57:29 CEST 2025
   hostname: vipc2104

finished at: Thu Apr 24 22:01:03 CEST 2025
                                  
================================= 
Global information about the job: 
================================= 
  
Job owner: brek(84641)
Job name:  /viper/ptmp1/brek/projects/ters/MoS2/pristine/ters-commensurate/calc_016/positive_displacement/field_on
Node list: vipc[2104-2105,2112-2113,2596,2600-2601,2606]
Job start: Thu Apr 24 21:57:27 CEST 2025
Job end:   Thu Apr 24 22:01:03 CEST 2025
Work dir:  /viper/ptmp1/brek/projects/ters/MoS2/pristine/ters-commensurate/calc_016/positive_displacement/field_on
Command:   /viper/ptmp1/brek/projects/ters/MoS2/pristine/ters-commensurate/calc_016/positive_displacement/field_on/run.sbatch
  
  
  
==========================================================================================
Information on jobsteps (Note: MaxRSS/AveRSS is the maximum/average over all 
tasks of the per-task memory high-water marks; cf. "man sacct"): 
==========================================================================================
  
JobID            JobName NNodes NTasks  NCPUS       MaxRSS       AveRSS    Elapsed ExitCode
------------- ---------- ------ ------ ------ ------------ ------------ ---------- --------
1471266       /viper/ptm      8          2048                             00:03:36      0:0
1471266.0     aims.25013      8   1024   2048      173.42M      162.37M   00:03:34      0:0
  
Maximum memory per node: 23.276683 GB (defined as MaxRSS*Ntasks/NNodes)
CPU utilization: 93.5 %
  
