Currently Loaded Modulefiles:
 1) mkl/2021.2(default)   2) intel/19.1.2   3) impi/2019.8  

Key:
(symbolic-version)  
 started at: Thu Nov 20 23:40:10 CET 2025
   hostname: ravc3001

finished at: Thu Nov 20 23:48:48 CET 2025
                                  
================================= 
Global information about the job: 
================================= 
  
Job owner: brek(84641)
Job name:  /raven/u/brek/projects/ters/Mg-porphine/mbd-nl/ters/mode_103-3.5A-dist/calc_111/negative_displacement/field_on
Node list: ravc[3001,3003-3004,3008,3012,3014,3017,3026]
Job start: Thu Nov 20 23:39:59 CET 2025
Job end:   Thu Nov 20 23:48:48 CET 2025
Work dir:  /raven/u/brek/projects/ters/Mg-porphine/mbd-nl/ters/mode_103-3.5A-dist/calc_111/negative_displacement/field_on
Command:   /raven/u/brek/projects/ters/Mg-porphine/mbd-nl/ters/mode_103-3.5A-dist/calc_111/negative_displacement/field_on/run.sbatch
  
  
  
==========================================================================================
Information on jobsteps (Note: MaxRSS/AveRSS is the maximum/average over all 
tasks of the per-task memory high-water marks; cf. "man sacct"): 
==========================================================================================
  
JobID            JobName NNodes NTasks  NCPUS       MaxRSS       AveRSS    Elapsed ExitCode
------------- ---------- ------ ------ ------ ------------ ------------ ---------- --------
22917156      /raven/u/b      8          1152                             00:08:49      0:0
22917156.0    aims.25050      8    576   1152      257.87M      233.49M   00:08:38      0:0
  
Maximum memory per node: 19.468394 GB (defined as MaxRSS*Ntasks/NNodes)
CPU utilization: 95.1 %
  
