Currently Loaded Modulefiles:
 1) mkl/2021.2(default)   2) intel/19.1.2   3) impi/2019.8  

Key:
(symbolic-version)  
 started at: Thu Nov 20 20:14:28 CET 2025
   hostname: ravc2369

finished at: Thu Nov 20 20:23:05 CET 2025
                                  
================================= 
Global information about the job: 
================================= 
  
Job owner: brek(84641)
Job name:  /raven/u/brek/projects/ters/Mg-porphine/mbd-nl/ters/mode_103-3.5A-dist/calc_026/negative_displacement/field_on
Node list: ravc[2369-2371,2378-2380,2698,2702]
Job start: Thu Nov 20 20:14:25 CET 2025
Job end:   Thu Nov 20 20:23:05 CET 2025
Work dir:  /raven/u/brek/projects/ters/Mg-porphine/mbd-nl/ters/mode_103-3.5A-dist/calc_026/negative_displacement/field_on
Command:   /raven/u/brek/projects/ters/Mg-porphine/mbd-nl/ters/mode_103-3.5A-dist/calc_026/negative_displacement/field_on/run.sbatch
  
  
  
==========================================================================================
Information on jobsteps (Note: MaxRSS/AveRSS is the maximum/average over all 
tasks of the per-task memory high-water marks; cf. "man sacct"): 
==========================================================================================
  
JobID            JobName NNodes NTasks  NCPUS       MaxRSS       AveRSS    Elapsed ExitCode
------------- ---------- ------ ------ ------ ------------ ------------ ---------- --------
22916985      /raven/u/b      8          1152                             00:08:40      0:0
22916985.0    aims.25050      8    576   1152      259.25M      233.45M   00:08:37      0:0
  
Maximum memory per node: 19.572351 GB (defined as MaxRSS*Ntasks/NNodes)
CPU utilization: 96.7 %
  
