Currently Loaded Modulefiles:
 1) mkl/2021.2(default)   2) intel/19.1.2   3) impi/2019.8  

Key:
(symbolic-version)  
 started at: Sun Dec 15 22:04:23 CET 2024
   hostname: ravh1001

finished at: Sun Dec 15 22:04:56 CET 2024
                                  
================================= 
Global information about the job: 
================================= 
  
Job owner: brek(84641)
Job name:  /raven/u/brek/projects/ters/TCNE/ters-isolated/multimode/mode_020/negative_displacement/field_on
Node list: ravh1001
Job start: Sun Dec 15 22:04:21 CET 2024
Job end:   Sun Dec 15 22:04:56 CET 2024
Work dir:  /raven/u/brek/projects/ters/TCNE/ters-isolated/multimode/mode_020/negative_displacement/field_on
Command:   /raven/u/brek/projects/ters/TCNE/ters-isolated/multimode/mode_020/negative_displacement/field_on/run.sbatch
  
  
  
==========================================================================================
Information on jobsteps (Note: MaxRSS/AveRSS is the maximum/average over all 
tasks of the per-task memory high-water marks; cf. "man sacct"): 
==========================================================================================
  
JobID            JobName NNodes NTasks  NCPUS       MaxRSS       AveRSS    Elapsed ExitCode
------------- ---------- ------ ------ ------ ------------ ------------ ---------- --------
14230315      /raven/u/b      1           144                             00:00:35      0:0
14230315.0    aims.24060      1     72    144      120.67M      109.50M   00:00:33      0:0
  
Maximum memory per node: 9.110053 GB (defined as MaxRSS*Ntasks/NNodes)
CPU utilization: 74.3 %
  
