Currently Loaded Modulefiles:
 1) mkl/2021.2(default)   2) intel/19.1.2   3) impi/2019.8  

Key:
(symbolic-version)  
 started at: Fri Nov 21 00:51:57 CET 2025
   hostname: ravc2199

finished at: Fri Nov 21 00:58:09 CET 2025
                                  
================================= 
Global information about the job: 
================================= 
  
Job owner: brek(84641)
Job name:  /raven/u/brek/projects/ters/Mg-porphine/mbd-nl/ters/mode_103-3.5A-dist/calc_136/positive_displacement/field_on
Node list: ravc[2199,2315-2321]
Job start: Fri Nov 21 00:51:54 CET 2025
Job end:   Fri Nov 21 00:58:09 CET 2025
Work dir:  /raven/u/brek/projects/ters/Mg-porphine/mbd-nl/ters/mode_103-3.5A-dist/calc_136/positive_displacement/field_on
Command:   /raven/u/brek/projects/ters/Mg-porphine/mbd-nl/ters/mode_103-3.5A-dist/calc_136/positive_displacement/field_on/run.sbatch
  
  
  
==========================================================================================
Information on jobsteps (Note: MaxRSS/AveRSS is the maximum/average over all 
tasks of the per-task memory high-water marks; cf. "man sacct"): 
==========================================================================================
  
JobID            JobName NNodes NTasks  NCPUS       MaxRSS       AveRSS    Elapsed ExitCode
------------- ---------- ------ ------ ------ ------------ ------------ ---------- --------
22917205      /raven/u/b      8          1152                             00:06:15      0:0
22917205.0    aims.25050      8    576   1152      251.07M      231.69M   00:06:12      0:0
  
Maximum memory per node: 18.955100 GB (defined as MaxRSS*Ntasks/NNodes)
CPU utilization: 94.1 %
  
