Currently Loaded Modulefiles:
 1) intel/2024.0   2) impi/2021.11   3) mkl/2024.0  
 started at: Fri Apr 25 07:11:25 CEST 2025
   hostname: vipm2026

finished at: Fri Apr 25 07:14:40 CEST 2025
                                  
================================= 
Global information about the job: 
================================= 
  
Job owner: brek(84641)
Job name:  /viper/ptmp1/brek/projects/ters/MoS2/pristine/ters-commensurate/calc_119/negative_displacement/field_on
Node list: vipm[2026,2035,2042-2043,2045,2053,2055,2062]
Job start: Fri Apr 25 07:11:23 CEST 2025
Job end:   Fri Apr 25 07:14:40 CEST 2025
Work dir:  /viper/ptmp1/brek/projects/ters/MoS2/pristine/ters-commensurate/calc_119/negative_displacement/field_on
Command:   /viper/ptmp1/brek/projects/ters/MoS2/pristine/ters-commensurate/calc_119/negative_displacement/field_on/run.sbatch
  
  
  
==========================================================================================
Information on jobsteps (Note: MaxRSS/AveRSS is the maximum/average over all 
tasks of the per-task memory high-water marks; cf. "man sacct"): 
==========================================================================================
  
JobID            JobName NNodes NTasks  NCPUS       MaxRSS       AveRSS    Elapsed ExitCode
------------- ---------- ------ ------ ------ ------------ ------------ ---------- --------
1471473       /viper/ptm      8          2048                             00:03:17      0:0
1471473.0     aims.25013      8   1024   2048      171.27M      162.39M   00:03:15      0:0
  
Maximum memory per node: 22.987801 GB (defined as MaxRSS*Ntasks/NNodes)
CPU utilization: 93.4 %
  
