Currently Loaded Modulefiles:
 1) mkl/2021.2(default)   2) intel/19.1.2   3) impi/2019.8  

Key:
(symbolic-version)  
 started at: Wed Sep 10 17:55:20 CEST 2025
   hostname: ravc3193

finished at: Wed Sep 10 17:55:27 CEST 2025
                                  
================================= 
Global information about the job: 
================================= 
  
Job owner: brek(84641)
Job name:  /raven/u/brek/projects/ters/github-example-TCNE/calc_005/positive_displacement/field_on
Node list: ravc3193
Job start: Wed Sep 10 17:55:13 CEST 2025
Job end:   Wed Sep 10 17:55:28 CEST 2025
Work dir:  /raven/u/brek/projects/ters/github-example-TCNE/calc_005/positive_displacement/field_on
Command:   /raven/u/brek/projects/ters/github-example-TCNE/calc_005/positive_displacement/field_on/run.sbatch
  
  
  
==========================================================================================
Information on jobsteps (Note: MaxRSS/AveRSS is the maximum/average over all 
tasks of the per-task memory high-water marks; cf. "man sacct"): 
==========================================================================================
  
JobID            JobName NNodes NTasks  NCPUS       MaxRSS       AveRSS    Elapsed ExitCode
------------- ---------- ------ ------ ------ ------------ ------------ ---------- --------
21720451      /raven/u/b      1           144                             00:00:15      0:0
21720451.0    aims.25013      1     72    144        0.65M        0.32M   00:00:08      0:0
  
Maximum memory per node: 0.049324 GB (defined as MaxRSS*Ntasks/NNodes)
CPU utilization: 0.0 %
  
