Currently Loaded Modulefiles:
 1) intel/2024.0   2) impi/2021.11   3) mkl/2024.0  
 started at: Thu Apr 24 17:20:16 CEST 2025
   hostname: vipc2582

finished at: Thu Apr 24 17:23:49 CEST 2025
                                  
================================= 
Global information about the job: 
================================= 
  
Job owner: brek(84641)
Job name:  /viper/ptmp1/brek/projects/ters/MoS2/pristine/ters-commensurate/calc_013/positive_displacement/field_on
Node list: vipc[2582-2584,2587,2589,2591,2594-2595]
Job start: Thu Apr 24 17:20:13 CEST 2025
Job end:   Thu Apr 24 17:23:49 CEST 2025
Work dir:  /viper/ptmp1/brek/projects/ters/MoS2/pristine/ters-commensurate/calc_013/positive_displacement/field_on
Command:   /viper/ptmp1/brek/projects/ters/MoS2/pristine/ters-commensurate/calc_013/positive_displacement/field_on/run.sbatch
  
  
  
==========================================================================================
Information on jobsteps (Note: MaxRSS/AveRSS is the maximum/average over all 
tasks of the per-task memory high-water marks; cf. "man sacct"): 
==========================================================================================
  
JobID            JobName NNodes NTasks  NCPUS       MaxRSS       AveRSS    Elapsed ExitCode
------------- ---------- ------ ------ ------ ------------ ------------ ---------- --------
1471260       /viper/ptm      8          2048                             00:03:36      0:0
1471260.0     aims.25013      8   1024   2048      174.11M      162.85M   00:03:32      0:0
  
Maximum memory per node: 23.369220 GB (defined as MaxRSS*Ntasks/NNodes)
CPU utilization: 94.0 %
  
