Currently Loaded Modulefiles:
 1) mkl/2021.2(default)   2) intel/19.1.2   3) impi/2019.8  

Key:
(symbolic-version)  
 started at: Thu Nov 20 22:29:26 CET 2025
   hostname: ravc3079

finished at: Thu Nov 20 22:36:17 CET 2025
                                  
================================= 
Global information about the job: 
================================= 
  
Job owner: brek(84641)
Job name:  /raven/u/brek/projects/ters/Mg-porphine/mbd-nl/ters/mode_103-3.5A-dist/calc_079/negative_displacement/field_on
Node list: ravc[3079,3085,3089,3092,3099,3101-3102,3105]
Job start: Thu Nov 20 22:29:23 CET 2025
Job end:   Thu Nov 20 22:36:17 CET 2025
Work dir:  /raven/u/brek/projects/ters/Mg-porphine/mbd-nl/ters/mode_103-3.5A-dist/calc_079/negative_displacement/field_on
Command:   /raven/u/brek/projects/ters/Mg-porphine/mbd-nl/ters/mode_103-3.5A-dist/calc_079/negative_displacement/field_on/run.sbatch
  
  
  
==========================================================================================
Information on jobsteps (Note: MaxRSS/AveRSS is the maximum/average over all 
tasks of the per-task memory high-water marks; cf. "man sacct"): 
==========================================================================================
  
JobID            JobName NNodes NTasks  NCPUS       MaxRSS       AveRSS    Elapsed ExitCode
------------- ---------- ------ ------ ------ ------------ ------------ ---------- --------
22917092      /raven/u/b      8          1152                             00:06:54      0:0
22917092.0    aims.25050      8    576   1152      254.62M      232.12M   00:06:50      0:0
  
Maximum memory per node: 19.223101 GB (defined as MaxRSS*Ntasks/NNodes)
CPU utilization: 92.5 %
  
