Currently Loaded Modulefiles:
 1) mkl/2021.2(default)   2) intel/19.1.2   3) impi/2019.8  

Key:
(symbolic-version)  
 started at: Thu Nov 20 20:51:39 CET 2025
   hostname: ravc3079

finished at: Thu Nov 20 20:59:36 CET 2025
                                  
================================= 
Global information about the job: 
================================= 
  
Job owner: brek(84641)
Job name:  /raven/u/brek/projects/ters/Mg-porphine/mbd-nl/ters/mode_103-3.5A-dist/calc_039/negative_displacement/field_on
Node list: ravc[3079,3099,3102,3106,3238,3286,3651,3662]
Job start: Thu Nov 20 20:51:36 CET 2025
Job end:   Thu Nov 20 20:59:36 CET 2025
Work dir:  /raven/u/brek/projects/ters/Mg-porphine/mbd-nl/ters/mode_103-3.5A-dist/calc_039/negative_displacement/field_on
Command:   /raven/u/brek/projects/ters/Mg-porphine/mbd-nl/ters/mode_103-3.5A-dist/calc_039/negative_displacement/field_on/run.sbatch
  
  
  
==========================================================================================
Information on jobsteps (Note: MaxRSS/AveRSS is the maximum/average over all 
tasks of the per-task memory high-water marks; cf. "man sacct"): 
==========================================================================================
  
JobID            JobName NNodes NTasks  NCPUS       MaxRSS       AveRSS    Elapsed ExitCode
------------- ---------- ------ ------ ------ ------------ ------------ ---------- --------
22917011      /raven/u/b      8          1152                             00:08:00      0:0
22917011.0    aims.25050      8    576   1152      253.67M      232.46M   00:07:57      0:0
  
Maximum memory per node: 19.151438 GB (defined as MaxRSS*Ntasks/NNodes)
CPU utilization: 92.3 %
  
