Currently Loaded Modulefiles:
 1) mkl/2021.2(default)   2) intel/19.1.2   3) impi/2019.8  

Key:
(symbolic-version)  
 started at: Thu Nov 20 22:48:09 CET 2025
   hostname: ravc3407

finished at: Thu Nov 20 22:54:57 CET 2025
                                  
================================= 
Global information about the job: 
================================= 
  
Job owner: brek(84641)
Job name:  /raven/u/brek/projects/ters/Mg-porphine/mbd-nl/ters/mode_103-3.5A-dist/calc_086/positive_displacement/field_on
Node list: ravc[3407-3408,3417,3520,3618,3643,3647-3648]
Job start: Thu Nov 20 22:47:57 CET 2025
Job end:   Thu Nov 20 22:54:57 CET 2025
Work dir:  /raven/u/brek/projects/ters/Mg-porphine/mbd-nl/ters/mode_103-3.5A-dist/calc_086/positive_displacement/field_on
Command:   /raven/u/brek/projects/ters/Mg-porphine/mbd-nl/ters/mode_103-3.5A-dist/calc_086/positive_displacement/field_on/run.sbatch
  
  
  
==========================================================================================
Information on jobsteps (Note: MaxRSS/AveRSS is the maximum/average over all 
tasks of the per-task memory high-water marks; cf. "man sacct"): 
==========================================================================================
  
JobID            JobName NNodes NTasks  NCPUS       MaxRSS       AveRSS    Elapsed ExitCode
------------- ---------- ------ ------ ------ ------------ ------------ ---------- --------
22917105      /raven/u/b      8          1152                             00:07:00      0:0
22917105.0    aims.25050      8    576   1152      252.76M      232.07M   00:06:47      0:0
  
Maximum memory per node: 19.082428 GB (defined as MaxRSS*Ntasks/NNodes)
CPU utilization: 90.5 %
  
