Currently Loaded Modulefiles:
 1) mkl/2021.2(default)   2) intel/19.1.2   3) impi/2019.8  

Key:
(symbolic-version)  
 started at: Thu Nov 20 22:45:22 CET 2025
   hostname: ravc3402

finished at: Thu Nov 20 22:52:44 CET 2025
                                  
================================= 
Global information about the job: 
================================= 
  
Job owner: brek(84641)
Job name:  /raven/u/brek/projects/ters/Mg-porphine/mbd-nl/ters/mode_103-3.5A-dist/calc_085/negative_displacement/field_on
Node list: ravc[3402,3509,3519,3521,3524,3526,3528,3541]
Job start: Thu Nov 20 22:45:08 CET 2025
Job end:   Thu Nov 20 22:52:44 CET 2025
Work dir:  /raven/u/brek/projects/ters/Mg-porphine/mbd-nl/ters/mode_103-3.5A-dist/calc_085/negative_displacement/field_on
Command:   /raven/u/brek/projects/ters/Mg-porphine/mbd-nl/ters/mode_103-3.5A-dist/calc_085/negative_displacement/field_on/run.sbatch
  
  
  
==========================================================================================
Information on jobsteps (Note: MaxRSS/AveRSS is the maximum/average over all 
tasks of the per-task memory high-water marks; cf. "man sacct"): 
==========================================================================================
  
JobID            JobName NNodes NTasks  NCPUS       MaxRSS       AveRSS    Elapsed ExitCode
------------- ---------- ------ ------ ------ ------------ ------------ ---------- --------
22917104      /raven/u/b      8          1152                             00:07:36      0:0
22917104.0    aims.25050      8    576   1152      256.34M      232.21M   00:07:22      0:0
  
Maximum memory per node: 19.352789 GB (defined as MaxRSS*Ntasks/NNodes)
CPU utilization: 90.6 %
  
