Currently Loaded Modulefiles:
 1) mkl/2021.2(default)   2) intel/19.1.2   3) impi/2019.8  

Key:
(symbolic-version)  
 started at: Fri Nov 21 00:02:06 CET 2025
   hostname: ravc2538

finished at: Fri Nov 21 00:08:43 CET 2025
                                  
================================= 
Global information about the job: 
================================= 
  
Job owner: brek(84641)
Job name:  /raven/u/brek/projects/ters/Mg-porphine/mbd-nl/ters/mode_103-3.5A-dist/calc_122/positive_displacement/field_on
Node list: ravc[2538,2542-2544,2576,2691,2705,2709]
Job start: Fri Nov 21 00:02:03 CET 2025
Job end:   Fri Nov 21 00:08:43 CET 2025
Work dir:  /raven/u/brek/projects/ters/Mg-porphine/mbd-nl/ters/mode_103-3.5A-dist/calc_122/positive_displacement/field_on
Command:   /raven/u/brek/projects/ters/Mg-porphine/mbd-nl/ters/mode_103-3.5A-dist/calc_122/positive_displacement/field_on/run.sbatch
  
  
  
==========================================================================================
Information on jobsteps (Note: MaxRSS/AveRSS is the maximum/average over all 
tasks of the per-task memory high-water marks; cf. "man sacct"): 
==========================================================================================
  
JobID            JobName NNodes NTasks  NCPUS       MaxRSS       AveRSS    Elapsed ExitCode
------------- ---------- ------ ------ ------ ------------ ------------ ---------- --------
22917177      /raven/u/b      8          1152                             00:06:40      0:0
22917177.0    aims.25050      8    576   1152      280.32M      240.98M   00:06:35      0:0
  
Maximum memory per node: 21.163549 GB (defined as MaxRSS*Ntasks/NNodes)
CPU utilization: 96.0 %
  
