Currently Loaded Modulefiles:
 1) intel/2024.0   2) impi/2021.11   3) mkl/2024.0  
 started at: Thu Apr 24 22:46:25 CEST 2025
   hostname: vipc2112

finished at: Thu Apr 24 22:50:09 CEST 2025
                                  
================================= 
Global information about the job: 
================================= 
  
Job owner: brek(84641)
Job name:  /viper/ptmp1/brek/projects/ters/MoS2/pristine/ters-commensurate/calc_020/negative_displacement/field_on
Node list: vipc[2112,2234,2424,2432,2481,2538-2539,2563]
Job start: Thu Apr 24 22:46:22 CEST 2025
Job end:   Thu Apr 24 22:50:09 CEST 2025
Work dir:  /viper/ptmp1/brek/projects/ters/MoS2/pristine/ters-commensurate/calc_020/negative_displacement/field_on
Command:   /viper/ptmp1/brek/projects/ters/MoS2/pristine/ters-commensurate/calc_020/negative_displacement/field_on/run.sbatch
  
  
  
==========================================================================================
Information on jobsteps (Note: MaxRSS/AveRSS is the maximum/average over all 
tasks of the per-task memory high-water marks; cf. "man sacct"): 
==========================================================================================
  
JobID            JobName NNodes NTasks  NCPUS       MaxRSS       AveRSS    Elapsed ExitCode
------------- ---------- ------ ------ ------ ------------ ------------ ---------- --------
1471275       /viper/ptm      8          2048                             00:03:47      0:0
1471275.0     aims.25013      8   1024   2048      171.71M      162.58M   00:03:43      0:0
  
Maximum memory per node: 23.045865 GB (defined as MaxRSS*Ntasks/NNodes)
CPU utilization: 93.8 %
  
