Currently Loaded Modulefiles:
 1) mkl/2021.2(default)   2) intel/19.1.2   3) impi/2019.8  

Key:
(symbolic-version)  
 started at: Thu Nov 20 18:14:41 CET 2025
   hostname: ravc3434

finished at: Thu Nov 20 18:21:25 CET 2025
                                  
================================= 
Global information about the job: 
================================= 
  
Job owner: brek(84641)
Job name:  /raven/u/brek/projects/ters/Mg-porphine/mbd-nl/ters/mode_103-3.5A-dist/calc_004/negative_displacement/field_on
Node list: ravc[3434,3436,3438,3471-3472,3513-3514,3527]
Job start: Thu Nov 20 18:14:29 CET 2025
Job end:   Thu Nov 20 18:21:25 CET 2025
Work dir:  /raven/u/brek/projects/ters/Mg-porphine/mbd-nl/ters/mode_103-3.5A-dist/calc_004/negative_displacement/field_on
Command:   /raven/u/brek/projects/ters/Mg-porphine/mbd-nl/ters/mode_103-3.5A-dist/calc_004/negative_displacement/field_on/run.sbatch
  
  
  
==========================================================================================
Information on jobsteps (Note: MaxRSS/AveRSS is the maximum/average over all 
tasks of the per-task memory high-water marks; cf. "man sacct"): 
==========================================================================================
  
JobID            JobName NNodes NTasks  NCPUS       MaxRSS       AveRSS    Elapsed ExitCode
------------- ---------- ------ ------ ------ ------------ ------------ ---------- --------
22916941      /raven/u/b      8          1152                             00:06:56      0:0
22916941.0    aims.25050      8    576   1152      251.27M      232.08M   00:06:43      0:0
  
Maximum memory per node: 18.970436 GB (defined as MaxRSS*Ntasks/NNodes)
CPU utilization: 92.1 %
  
