Currently Loaded Modulefiles:
 1) mkl/2021.2(default)   2) intel/19.1.2   3) impi/2019.8  

Key:
(symbolic-version)  
 started at: Thu Nov 20 22:42:16 CET 2025
   hostname: ravc2358

finished at: Thu Nov 20 22:48:48 CET 2025
                                  
================================= 
Global information about the job: 
================================= 
  
Job owner: brek(84641)
Job name:  /raven/u/brek/projects/ters/Mg-porphine/mbd-nl/ters/mode_103-3.5A-dist/calc_084/negative_displacement/field_on
Node list: ravc[2358,2374,2538,2543,2576,2691,2705,2709]
Job start: Thu Nov 20 22:42:13 CET 2025
Job end:   Thu Nov 20 22:48:48 CET 2025
Work dir:  /raven/u/brek/projects/ters/Mg-porphine/mbd-nl/ters/mode_103-3.5A-dist/calc_084/negative_displacement/field_on
Command:   /raven/u/brek/projects/ters/Mg-porphine/mbd-nl/ters/mode_103-3.5A-dist/calc_084/negative_displacement/field_on/run.sbatch
  
  
  
==========================================================================================
Information on jobsteps (Note: MaxRSS/AveRSS is the maximum/average over all 
tasks of the per-task memory high-water marks; cf. "man sacct"): 
==========================================================================================
  
JobID            JobName NNodes NTasks  NCPUS       MaxRSS       AveRSS    Elapsed ExitCode
------------- ---------- ------ ------ ------ ------------ ------------ ---------- --------
22917102      /raven/u/b      8          1152                             00:06:35      0:0
22917102.0    aims.25050      8    576   1152      288.37M      258.76M   00:06:32      0:0
  
Maximum memory per node: 21.771067 GB (defined as MaxRSS*Ntasks/NNodes)
CPU utilization: 97.0 %
  
