Currently Loaded Modulefiles:
 1) mkl/2021.2(default)   2) intel/19.1.2   3) impi/2019.8  

Key:
(symbolic-version)  
 started at: Thu Nov 20 22:42:16 CET 2025
   hostname: ravc2301

finished at: Thu Nov 20 22:48:40 CET 2025
                                  
================================= 
Global information about the job: 
================================= 
  
Job owner: brek(84641)
Job name:  /raven/u/brek/projects/ters/Mg-porphine/mbd-nl/ters/mode_103-3.5A-dist/calc_084/positive_displacement/field_on
Node list: ravc[2301,2310,2312-2313,2322-2324,2328]
Job start: Thu Nov 20 22:42:13 CET 2025
Job end:   Thu Nov 20 22:48:40 CET 2025
Work dir:  /raven/u/brek/projects/ters/Mg-porphine/mbd-nl/ters/mode_103-3.5A-dist/calc_084/positive_displacement/field_on
Command:   /raven/u/brek/projects/ters/Mg-porphine/mbd-nl/ters/mode_103-3.5A-dist/calc_084/positive_displacement/field_on/run.sbatch
  
  
  
==========================================================================================
Information on jobsteps (Note: MaxRSS/AveRSS is the maximum/average over all 
tasks of the per-task memory high-water marks; cf. "man sacct"): 
==========================================================================================
  
JobID            JobName NNodes NTasks  NCPUS       MaxRSS       AveRSS    Elapsed ExitCode
------------- ---------- ------ ------ ------ ------------ ------------ ---------- --------
22917101      /raven/u/b      8          1152                             00:06:27      0:0
22917101.0    aims.25050      8    576   1152      254.13M      231.72M   00:06:24      0:0
  
Maximum memory per node: 19.186311 GB (defined as MaxRSS*Ntasks/NNodes)
CPU utilization: 91.2 %
  
