Currently Loaded Modulefiles:
 1) mkl/2021.2(default)   2) intel/19.1.2   3) impi/2019.8  

Key:
(symbolic-version)  
 started at: Fri May 2 14:16:19 CEST 2025
   hostname: ravc3632

finished at: Fri May 2 14:16:24 CEST 2025
                                  
================================= 
Global information about the job: 
================================= 
  
Job owner: brek(84641)
Job name:  run.sbatch
Node list: ravc3632
Job start: Fri May  2 14:16:14 CEST 2025
Job end:   Fri May  2 14:16:25 CEST 2025
Work dir:  /raven/u/brek/projects/ters/TCNE/ters-isolated/mode_014/no_nearfield/positive_displacement
Command:   /raven/u/brek/projects/ters/TCNE/ters-isolated/mode_014/no_nearfield/positive_displacement/run.sbatch
  
  
  
==========================================================================================
Information on jobsteps (Note: MaxRSS/AveRSS is the maximum/average over all 
tasks of the per-task memory high-water marks; cf. "man sacct"): 
==========================================================================================
  
JobID            JobName NNodes NTasks  NCPUS       MaxRSS       AveRSS    Elapsed ExitCode
------------- ---------- ------ ------ ------ ------------ ------------ ---------- --------
17551167      run.sbatch      1           144                             00:00:11      0:0
17551167.0    aims.25013      1     72    144        0.47M        0.23M   00:00:05      0:0
  
Maximum memory per node: 0.035758 GB (defined as MaxRSS*Ntasks/NNodes)
CPU utilization: 0.0 %
  
