Currently Loaded Modulefiles:
 1) intel/2024.0   2) impi/2021.11   3) mkl/2024.0  
 started at: Thu Apr 24 22:18:01 CEST 2025
   hostname: vipc2404

finished at: Thu Apr 24 22:21:37 CEST 2025
                                  
================================= 
Global information about the job: 
================================= 
  
Job owner: brek(84641)
Job name:  /viper/ptmp1/brek/projects/ters/MoS2/pristine/ters-commensurate/calc_017/positive_displacement/field_on
Node list: vipc[2404,2408,2414,2423-2424,2432,2529,2537]
Job start: Thu Apr 24 22:17:58 CEST 2025
Job end:   Thu Apr 24 22:21:37 CEST 2025
Work dir:  /viper/ptmp1/brek/projects/ters/MoS2/pristine/ters-commensurate/calc_017/positive_displacement/field_on
Command:   /viper/ptmp1/brek/projects/ters/MoS2/pristine/ters-commensurate/calc_017/positive_displacement/field_on/run.sbatch
  
  
  
==========================================================================================
Information on jobsteps (Note: MaxRSS/AveRSS is the maximum/average over all 
tasks of the per-task memory high-water marks; cf. "man sacct"): 
==========================================================================================
  
JobID            JobName NNodes NTasks  NCPUS       MaxRSS       AveRSS    Elapsed ExitCode
------------- ---------- ------ ------ ------ ------------ ------------ ---------- --------
1471268       /viper/ptm      8          2048                             00:03:39      0:0
1471268.0     aims.25013      8   1024   2048      172.11M      162.19M   00:03:35      0:0
  
Maximum memory per node: 23.100654 GB (defined as MaxRSS*Ntasks/NNodes)
CPU utilization: 92.7 %
  
