Currently Loaded Modulefiles:
 1) mkl/2021.2(default)   2) intel/19.1.2   3) impi/2019.8  

Key:
(symbolic-version)  
 started at: Thu Nov 20 21:59:40 CET 2025
   hostname: ravc3264

finished at: Thu Nov 20 22:07:02 CET 2025
                                  
================================= 
Global information about the job: 
================================= 
  
Job owner: brek(84641)
Job name:  /raven/u/brek/projects/ters/Mg-porphine/mbd-nl/ters/mode_103-3.5A-dist/calc_065/positive_displacement/field_on
Node list: ravc[3264-3268,3286,3417,3421]
Job start: Thu Nov 20 21:59:28 CET 2025
Job end:   Thu Nov 20 22:07:02 CET 2025
Work dir:  /raven/u/brek/projects/ters/Mg-porphine/mbd-nl/ters/mode_103-3.5A-dist/calc_065/positive_displacement/field_on
Command:   /raven/u/brek/projects/ters/Mg-porphine/mbd-nl/ters/mode_103-3.5A-dist/calc_065/positive_displacement/field_on/run.sbatch
  
  
  
==========================================================================================
Information on jobsteps (Note: MaxRSS/AveRSS is the maximum/average over all 
tasks of the per-task memory high-water marks; cf. "man sacct"): 
==========================================================================================
  
JobID            JobName NNodes NTasks  NCPUS       MaxRSS       AveRSS    Elapsed ExitCode
------------- ---------- ------ ------ ------ ------------ ------------ ---------- --------
22917063      /raven/u/b      8          1152                             00:07:34      0:0
22917063.0    aims.25050      8    576   1152      254.69M      232.22M   00:07:22      0:0
  
Maximum memory per node: 19.228484 GB (defined as MaxRSS*Ntasks/NNodes)
CPU utilization: 91.0 %
  
