Currently Loaded Modulefiles:
 1) mkl/2021.2(default)   2) intel/19.1.2   3) impi/2019.8  

Key:
(symbolic-version)  
 started at: Thu Nov 20 22:56:24 CET 2025
   hostname: ravc2217

finished at: Thu Nov 20 23:02:57 CET 2025
                                  
================================= 
Global information about the job: 
================================= 
  
Job owner: brek(84641)
Job name:  /raven/u/brek/projects/ters/Mg-porphine/mbd-nl/ters/mode_103-3.5A-dist/calc_090/negative_displacement/field_on
Node list: ravc[2217,2223-2224,2242-2246]
Job start: Thu Nov 20 22:56:17 CET 2025
Job end:   Thu Nov 20 23:02:57 CET 2025
Work dir:  /raven/u/brek/projects/ters/Mg-porphine/mbd-nl/ters/mode_103-3.5A-dist/calc_090/negative_displacement/field_on
Command:   /raven/u/brek/projects/ters/Mg-porphine/mbd-nl/ters/mode_103-3.5A-dist/calc_090/negative_displacement/field_on/run.sbatch
  
  
  
==========================================================================================
Information on jobsteps (Note: MaxRSS/AveRSS is the maximum/average over all 
tasks of the per-task memory high-water marks; cf. "man sacct"): 
==========================================================================================
  
JobID            JobName NNodes NTasks  NCPUS       MaxRSS       AveRSS    Elapsed ExitCode
------------- ---------- ------ ------ ------ ------------ ------------ ---------- --------
22917114      /raven/u/b      8          1152                             00:06:40      0:0
22917114.0    aims.25050      8    576   1152      293.24M      261.32M   00:06:32      0:0
  
Maximum memory per node: 22.138675 GB (defined as MaxRSS*Ntasks/NNodes)
CPU utilization: 95.8 %
  
