Currently Loaded Modulefiles:
 1) mkl/2021.2(default)   2) intel/19.1.2   3) impi/2019.8  

Key:
(symbolic-version)  
 started at: Thu Nov 20 23:06:00 CET 2025
   hostname: ravl1028

finished at: Thu Nov 20 23:13:59 CET 2025
                                  
================================= 
Global information about the job: 
================================= 
  
Job owner: brek(84641)
Job name:  /raven/u/brek/projects/ters/Mg-porphine/mbd-nl/ters/mode_103-3.5A-dist/calc_096/positive_displacement/field_on
Node list: ravl[1028-1029,1033-1036,1040,1067]
Job start: Thu Nov 20 23:05:47 CET 2025
Job end:   Thu Nov 20 23:13:59 CET 2025
Work dir:  /raven/u/brek/projects/ters/Mg-porphine/mbd-nl/ters/mode_103-3.5A-dist/calc_096/positive_displacement/field_on
Command:   /raven/u/brek/projects/ters/Mg-porphine/mbd-nl/ters/mode_103-3.5A-dist/calc_096/positive_displacement/field_on/run.sbatch
  
  
  
==========================================================================================
Information on jobsteps (Note: MaxRSS/AveRSS is the maximum/average over all 
tasks of the per-task memory high-water marks; cf. "man sacct"): 
==========================================================================================
  
JobID            JobName NNodes NTasks  NCPUS       MaxRSS       AveRSS    Elapsed ExitCode
------------- ---------- ------ ------ ------ ------------ ------------ ---------- --------
22917125      /raven/u/b      8          1152                             00:08:12      0:0
22917125.0    aims.25050      8    576   1152      256.05M      232.37M   00:07:59      0:0
  
Maximum memory per node: 19.331408 GB (defined as MaxRSS*Ntasks/NNodes)
CPU utilization: 89.6 %
  
