Currently Loaded Modulefiles:
 1) mkl/2021.2(default)   2) intel/19.1.2   3) impi/2019.8  

Key:
(symbolic-version)  
 started at: Thu Nov 20 23:59:23 CET 2025
   hostname: ravc4007

finished at: Fri Nov 21 00:08:40 CET 2025
                                  
================================= 
Global information about the job: 
================================= 
  
Job owner: brek(84641)
Job name:  /raven/u/brek/projects/ters/Mg-porphine/mbd-nl/ters/mode_103-3.5A-dist/calc_120/negative_displacement/field_on
Node list: ravc[4007-4008,4011,4014,4018,4022,4026-4027]
Job start: Thu Nov 20 23:59:08 CET 2025
Job end:   Fri Nov 21 00:08:40 CET 2025
Work dir:  /raven/u/brek/projects/ters/Mg-porphine/mbd-nl/ters/mode_103-3.5A-dist/calc_120/negative_displacement/field_on
Command:   /raven/u/brek/projects/ters/Mg-porphine/mbd-nl/ters/mode_103-3.5A-dist/calc_120/negative_displacement/field_on/run.sbatch
  
  
  
==========================================================================================
Information on jobsteps (Note: MaxRSS/AveRSS is the maximum/average over all 
tasks of the per-task memory high-water marks; cf. "man sacct"): 
==========================================================================================
  
JobID            JobName NNodes NTasks  NCPUS       MaxRSS       AveRSS    Elapsed ExitCode
------------- ---------- ------ ------ ------ ------------ ------------ ---------- --------
22917174      /raven/u/b      8          1152                             00:09:32      0:0
22917174.0    aims.25050      8    576   1152      259.98M      232.51M   00:09:17      0:0
  
Maximum memory per node: 19.627647 GB (defined as MaxRSS*Ntasks/NNodes)
CPU utilization: 93.0 %
  
