Currently Loaded Modulefiles:
 1) intel/2024.0   2) impi/2021.11   3) mkl/2024.0  
 started at: Thu Apr 24 14:54:57 CEST 2025
   hostname: vipc2026

finished at: Thu Apr 24 14:58:46 CEST 2025
                                  
================================= 
Global information about the job: 
================================= 
  
Job owner: brek(84641)
Job name:  /viper/ptmp1/brek/projects/ters/MoS2/pristine/ters-commensurate/calc_002/negative_displacement/field_on
Node list: vipc[2026,2028,2035,2132,2134,2144,2482-2483]
Job start: Thu Apr 24 14:54:55 CEST 2025
Job end:   Thu Apr 24 14:58:46 CEST 2025
Work dir:  /viper/ptmp1/brek/projects/ters/MoS2/pristine/ters-commensurate/calc_002/negative_displacement/field_on
Command:   /viper/ptmp1/brek/projects/ters/MoS2/pristine/ters-commensurate/calc_002/negative_displacement/field_on/run.sbatch
  
  
  
==========================================================================================
Information on jobsteps (Note: MaxRSS/AveRSS is the maximum/average over all 
tasks of the per-task memory high-water marks; cf. "man sacct"): 
==========================================================================================
  
JobID            JobName NNodes NTasks  NCPUS       MaxRSS       AveRSS    Elapsed ExitCode
------------- ---------- ------ ------ ------ ------------ ------------ ---------- --------
1471239       /viper/ptm      8          2048                             00:03:51      0:0
1471239.0     aims.25013      8   1024   2048      172.43M      162.48M   00:03:49      0:0
  
Maximum memory per node: 23.143383 GB (defined as MaxRSS*Ntasks/NNodes)
CPU utilization: 90.9 %
  
