Currently Loaded Modulefiles:
 1) mkl/2021.2(default)   2) intel/19.1.2   3) impi/2019.8  

Key:
(symbolic-version)  
 started at: Thu Nov 20 19:51:12 CET 2025
   hostname: ravc3109

finished at: Thu Nov 20 19:57:54 CET 2025
                                  
================================= 
Global information about the job: 
================================= 
  
Job owner: brek(84641)
Job name:  /raven/u/brek/projects/ters/Mg-porphine/mbd-nl/ters/mode_103-3.5A-dist/calc_016/negative_displacement/field_on
Node list: ravc[3109,3140-3144,3193,3335]
Job start: Thu Nov 20 19:51:08 CET 2025
Job end:   Thu Nov 20 19:57:54 CET 2025
Work dir:  /raven/u/brek/projects/ters/Mg-porphine/mbd-nl/ters/mode_103-3.5A-dist/calc_016/negative_displacement/field_on
Command:   /raven/u/brek/projects/ters/Mg-porphine/mbd-nl/ters/mode_103-3.5A-dist/calc_016/negative_displacement/field_on/run.sbatch
  
  
  
==========================================================================================
Information on jobsteps (Note: MaxRSS/AveRSS is the maximum/average over all 
tasks of the per-task memory high-water marks; cf. "man sacct"): 
==========================================================================================
  
JobID            JobName NNodes NTasks  NCPUS       MaxRSS       AveRSS    Elapsed ExitCode
------------- ---------- ------ ------ ------ ------------ ------------ ---------- --------
22916965      /raven/u/b      8          1152                             00:06:46      0:0
22916965.0    aims.25050      8    576   1152      254.42M      232.58M   00:06:42      0:0
  
Maximum memory per node: 19.207840 GB (defined as MaxRSS*Ntasks/NNodes)
CPU utilization: 94.3 %
  
