Currently Loaded Modulefiles:
 1) intel/2024.0   2) impi/2021.11   3) mkl/2024.0  
 started at: Thu Apr 24 14:44:08 CEST 2025
   hostname: vipc2026

finished at: Thu Apr 24 14:47:45 CEST 2025
                                  
================================= 
Global information about the job: 
================================= 
  
Job owner: brek(84641)
Job name:  /viper/ptmp1/brek/projects/ters/MoS2/pristine/ters-commensurate/calc_001/negative_displacement/field_on
Node list: vipc[2026,2028,2035,2061,2124,2128,2132,2137]
Job start: Thu Apr 24 14:44:06 CEST 2025
Job end:   Thu Apr 24 14:47:45 CEST 2025
Work dir:  /viper/ptmp1/brek/projects/ters/MoS2/pristine/ters-commensurate/calc_001/negative_displacement/field_on
Command:   /viper/ptmp1/brek/projects/ters/MoS2/pristine/ters-commensurate/calc_001/negative_displacement/field_on/run.sbatch
  
  
  
==========================================================================================
Information on jobsteps (Note: MaxRSS/AveRSS is the maximum/average over all 
tasks of the per-task memory high-water marks; cf. "man sacct"): 
==========================================================================================
  
JobID            JobName NNodes NTasks  NCPUS       MaxRSS       AveRSS    Elapsed ExitCode
------------- ---------- ------ ------ ------ ------------ ------------ ---------- --------
1471237       /viper/ptm      8          2048                             00:03:39      0:0
1471237.0     aims.25013      8   1024   2048      173.01M      162.03M   00:03:37      0:0
  
Maximum memory per node: 23.220716 GB (defined as MaxRSS*Ntasks/NNodes)
CPU utilization: 92.7 %
  
