Currently Loaded Modulefiles:
 1) mkl/2021.2(default)   2) intel/19.1.2   3) impi/2019.8  

Key:
(symbolic-version)  
 started at: Fri Nov 21 00:45:39 CET 2025
   hostname: ravl1035

finished at: Fri Nov 21 00:54:26 CET 2025
                                  
================================= 
Global information about the job: 
================================= 
  
Job owner: brek(84641)
Job name:  /raven/u/brek/projects/ters/Mg-porphine/mbd-nl/ters/mode_103-3.5A-dist/calc_135/positive_displacement/field_on
Node list: ravl[1035-1040,1067-1068]
Job start: Fri Nov 21 00:45:28 CET 2025
Job end:   Fri Nov 21 00:54:26 CET 2025
Work dir:  /raven/u/brek/projects/ters/Mg-porphine/mbd-nl/ters/mode_103-3.5A-dist/calc_135/positive_displacement/field_on
Command:   /raven/u/brek/projects/ters/Mg-porphine/mbd-nl/ters/mode_103-3.5A-dist/calc_135/positive_displacement/field_on/run.sbatch
  
  
  
==========================================================================================
Information on jobsteps (Note: MaxRSS/AveRSS is the maximum/average over all 
tasks of the per-task memory high-water marks; cf. "man sacct"): 
==========================================================================================
  
JobID            JobName NNodes NTasks  NCPUS       MaxRSS       AveRSS    Elapsed ExitCode
------------- ---------- ------ ------ ------ ------------ ------------ ---------- --------
22917203      /raven/u/b      8          1152                             00:08:58      0:0
22917203.0    aims.25050      8    576   1152      252.71M      232.62M   00:08:47      0:0
  
Maximum memory per node: 19.079332 GB (defined as MaxRSS*Ntasks/NNodes)
CPU utilization: 93.5 %
  
