Currently Loaded Modulefiles:
 1) mkl/2021.2(default)   2) intel/19.1.2   3) impi/2019.8  

Key:
(symbolic-version)  
 started at: Wed Sep 10 17:46:19 CEST 2025
   hostname: ravc4084

finished at: Wed Sep 10 17:46:24 CEST 2025
                                  
================================= 
Global information about the job: 
================================= 
  
Job owner: brek(84641)
Job name:  /raven/u/brek/projects/ters/github-example-TCNE/calc_002/positive_displacement/field_on
Node list: ravc4084
Job start: Wed Sep 10 17:46:13 CEST 2025
Job end:   Wed Sep 10 17:46:26 CEST 2025
Work dir:  /raven/u/brek/projects/ters/github-example-TCNE/calc_002/positive_displacement/field_on
Command:   /raven/u/brek/projects/ters/github-example-TCNE/calc_002/positive_displacement/field_on/run.sbatch
  
  
  
==========================================================================================
Information on jobsteps (Note: MaxRSS/AveRSS is the maximum/average over all 
tasks of the per-task memory high-water marks; cf. "man sacct"): 
==========================================================================================
  
JobID            JobName NNodes NTasks  NCPUS       MaxRSS       AveRSS    Elapsed ExitCode
------------- ---------- ------ ------ ------ ------------ ------------ ---------- --------
21720445      /raven/u/b      1           144                             00:00:13      0:0
21720445.0    aims.25013      1     72    144        0.67M        0.32M   00:00:07      0:0
  
Maximum memory per node: 0.050725 GB (defined as MaxRSS*Ntasks/NNodes)
CPU utilization: 0.0 %
  
